
 ==============================
 S N O P T  7.2-12.3 (Aug 2014)
 ==============================
 
 SNMEMB EXIT 100 -- finished successfully
 SNMEMB INFO 104 -- memory requirements estimated

 ==============================
 S N O P T  7.2-12.3 (Aug 2014)
 ==============================
 
 

 Nonlinear constraints     741     Linear constraints       0
 Nonlinear variables        76     Linear variables         0
 Jacobian  variables        76     Objective variables     76
 Total constraints         741     Total variables         76
 

 
 The user has defined   56316   out of   56316   constraint gradients.
 The user has defined      76   out of      76   objective  gradients.
 

 Major Minors     Step   nCon Feasible  Optimal  MeritFunction    nS Penalty
     0     57               1 (5.3E-17) 2.3E-01 -5.9167153E+05    57           r
     1      1  8.5E-01      2 (3.5E-11) 2.3E-01 -5.9167351E+05    57         n rl
     2     14  2.1E-01      3 (6.3E-11) 2.9E-01 -5.9167550E+05    44         s  l
     3     20  2.9E-01      5  3.7E-04  2.3E-01 -5.9419241E+05    57
     4      1  3.1E-01      7  2.8E-04  1.6E-01 -5.9495363E+05    57
     5      1  4.5E-01      9  2.6E-04  9.7E-02 -5.9548345E+05    57
     6      1  4.0E-01     11  1.9E-04  8.0E-02 -5.9570259E+05    57
     7      1  4.8E-01     13  9.9E-05  8.1E-02 -5.9589601E+05    57
     8      1  5.0E-01     15  1.4E-04  9.5E-02 -5.9606520E+05    57
     9      1  1.0E+00     16  3.2E-04  1.0E-01 -5.9612940E+05    57

 Major Minors     Step   nCon Feasible  Optimal  MeritFunction    nS Penalty
    10      1  5.1E-01     18  1.6E-04  8.7E-02 -5.9629833E+05    57
    11      1  5.0E-01     20  1.4E-04  5.7E-02 -5.9644279E+05    57
    12      1  5.1E-01     22  1.9E-04  6.7E-02 -5.9659065E+05    57           R
    13      1  5.0E-01     24  9.5E-05  4.3E-02 -5.9670891E+05    57         s
    14      1  1.0E+00     25  1.5E-05  2.1E-02 -5.9675400E+05    57
    15      1  1.0E+00     26  7.6E-06  1.7E-02 -5.9677445E+05    57
    16      1  1.0E+00     27  4.2E-06  2.1E-02 -5.9678799E+05    57
    17      1  1.0E+00     28  5.8E-06  1.9E-02 -5.9680038E+05    57
    18      1  1.0E+00     29  5.9E-06  3.1E-02 -5.9681371E+05    57
    19      1  1.0E+00     30  8.5E-06  1.7E-02 -5.9682161E+05    57

 Major Minors     Step   nCon Feasible  Optimal  MeritFunction    nS Penalty
    20      1  1.0E+00     31 (6.5E-07) 1.2E-02 -5.9682855E+05    57
    21      1  1.0E+00     32  1.3E-06  1.1E-02 -5.9683091E+05    57
    22      1  1.0E+00     33 (3.2E-07) 7.3E-03 -5.9683246E+05    57
    23      1  1.0E+00     34 (2.7E-07) 5.2E-03 -5.9683374E+05    57           R
    24      1  1.0E+00     35 (9.4E-08) 9.4E-03 -5.9683403E+05    57         s
    25      1  1.0E+00     36 (9.7E-08) 8.0E-03 -5.9683432E+05    57
    26      1  4.0E-01     38 (2.0E-07) 9.1E-03 -5.9683461E+05    57
    27      1  1.0E+00     39 (7.4E-07) 8.5E-03 -5.9683512E+05    57
    28      1  1.0E+00     40 (4.3E-07) 5.7E-03 -5.9683545E+05    57
    29      1  1.0E+00     41 (8.7E-08) 3.5E-03 -5.9683576E+05    57

 Major Minors     Step   nCon Feasible  Optimal  MeritFunction    nS Penalty
    30      1  1.0E+00     42 (1.2E-07) 4.2E-03 -5.9683608E+05    57
    31      1  1.0E+00     43 (1.7E-07) 8.2E-03 -5.9683612E+05    57
    32      1  2.0E-01     45 (1.3E-07) 3.6E-03 -5.9683616E+05    57
    33      1  3.0E-02     48 (1.3E-07) 2.2E-03 -5.9683620E+05    57
    34      1  1.6E-03     58 (1.3E-07) 2.1E-03 -5.9683620E+05    57           R
    35      1  2.7E-04     68 (1.3E-07) 2.1E-03 -5.9683620E+05    57         s
    36      1  3.3E-05     78 (1.3E-07) 2.1E-03 -5.9683620E+05    57
    37      1  2.3E-06     88 (1.3E-07) 2.1E-03 -5.9683620E+05    57
    38      1  3.5E-07     98 (1.3E-07) 2.1E-03 -5.9683620E+05    57
    39      1  4.6E-08    108 (1.3E-07) 2.1E-03 -5.9683620E+05    57

 Major Minors     Step   nCon Feasible  Optimal  MeritFunction    nS Penalty
    40      1  1.5E-08    118 (1.3E-07) 2.1E-03 -5.9683620E+05    57
    41      1  1.1E-09    128 (1.3E-07) 2.1E-03 -5.9683620E+05    57
    42      1  3.6E-10    136 (1.3E-07) 2.1E-03 -5.9683620E+05    57
    42      2             142 (1.3E-07) 2.1E-03 -5.9683620E+05    57           r
    42      2             148 (1.3E-07) 2.1E-03 -5.9683620E+05    57           r
 
 SNOPTC EXIT  40 -- terminated after numerical difficulties
 SNOPTC INFO  41 -- current point cannot be improved

 Problem name                 Optimiza
 No. of iterations                 132   Objective value     -5.9683623992E+05
 No. of major iterations            42   Linear objective     0.0000000000E+00
 Penalty parameter           0.000E+00   Nonlinear objective -5.9683623992E+05
 No. of calls to funobj            155   No. of calls to funcon            155
 No. of superbasics                 57   No. of basic nonlinears            19
 No. of degenerate steps             0   Percentage                       0.00
 Max x                      20 3.9E+04   Max pi                    739 5.8E-01
 Max Primal infeas           0 0.0E+00   Max Dual infeas            48 4.3E-03
 Nonlinear constraint violn    2.2E-02
 
 

 Solution printed on file  18
 
 Time for MPS input                             0.00 seconds
 Time for solving problem                     308.99 seconds
 Time for solution output                       0.01 seconds
 Time for constraint functions                310.98 seconds
 Time for objective function                    0.00 seconds
