
 ==============================
 S N O P T  7.2-12.3 (Aug 2014)
 ==============================
 
 SNMEMB EXIT 100 -- finished successfully
 SNMEMB INFO 104 -- memory requirements estimated

 ==============================
 S N O P T  7.2-12.3 (Aug 2014)
 ==============================
 
 

 Nonlinear constraints     741     Linear constraints       0
 Nonlinear variables        76     Linear variables         0
 Jacobian  variables        76     Objective variables     76
 Total constraints         741     Total variables         76
 

 
 The user has defined   56316   out of   56316   constraint gradients.
 The user has defined      76   out of      76   objective  gradients.
 

 Major Minors     Step   nCon Feasible  Optimal  MeritFunction    nS Penalty
     0     64               1 (5.3E-17) 1.9E+00 -1.1301143E+06    64           r
     1      1  1.8E-01      2 (3.0E-11) 1.9E+00 -1.1301350E+06    64         n rl
     2      5  1.7E-01      3 (5.4E-11) 1.9E+00 -1.1301558E+06    68         s  l
     3      5  4.4E-01      5  6.8E-04  3.3E+00 -1.1523108E+06    66
     4      2  3.1E-01      7  5.3E-04  2.7E+00 -1.1626908E+06    65
     5      4  2.8E-01      9  3.9E-04  2.1E+00 -1.1730334E+06    68
     6      3  3.3E-01     11  2.9E-04  3.8E+00 -1.1794044E+06    70
     7      1  2.9E-01     13  2.7E-04  1.4E+00 -1.1850100E+06    70
     8      1  4.3E-01     15  1.5E-04  1.7E+00 -1.1895053E+06    70
     9      2  3.1E-01     17  1.1E-04  1.7E+00 -1.1928558E+06    69

 Major Minors     Step   nCon Feasible  Optimal  MeritFunction    nS Penalty
    10      2  3.4E-01     19  9.8E-05  2.1E+00 -1.1969015E+06    70
    11      3  3.4E-01     21  9.3E-05  1.5E+00 -1.1997715E+06    68
    12      4  1.0E+00     22  3.5E-03  2.1E+00 -1.2021410E+06    65           R
    13      2  3.0E-01     24  2.4E-03  1.2E+00 -1.2055901E+06    64         s
    14      1  1.0E+00     25  8.3E-06  1.1E+00 -1.2068365E+06    64
    15      1  1.0E+00     26  4.2E-06  5.2E-01 -1.2076305E+06    64
    16      1  1.0E+00     27  2.2E-06  6.3E-01 -1.2080730E+06    64
    17      2  1.0E+00     28  4.1E-06  7.3E-01 -1.2084220E+06    63
    18      2  1.5E-01     30  6.1E-06  8.9E-01 -1.2088341E+06    64
    19      1  1.0E+00     31  5.8E-06  7.3E-01 -1.2091045E+06    64

 Major Minors     Step   nCon Feasible  Optimal  MeritFunction    nS Penalty
    20      1  1.0E+00     32  1.4E-06  5.3E-01 -1.2094908E+06    64
    21      1  1.0E+00     33  1.9E-06  5.9E-01 -1.2098101E+06    64
    22      2  1.0E+00     34  2.6E-06  3.9E-01 -1.2100187E+06    65
    23      1  1.0E+00     35  1.6E-06  2.3E-01 -1.2102060E+06    65           R
    24      1  1.0E+00     36 (1.1E-07) 2.0E-01 -1.2102973E+06    65         s
    25      1  1.0E+00     37  2.4E-06  6.0E-01 -1.2104378E+06    65
    26      2  1.0E+00     38  4.5E-04  3.5E-01 -1.2105834E+06    64
    27      1  1.0E+00     39  1.5E-06  2.7E-01 -1.2108544E+06    64
    28      1  1.0E+00     40  6.3E-06  5.6E-01 -1.2110414E+06    64
    29      1  1.0E+00     41  6.2E-06  7.6E-01 -1.2111354E+06    64

 Major Minors     Step   nCon Feasible  Optimal  MeritFunction    nS Penalty
    30      1  1.0E+00     42 (5.6E-07) 3.8E-01 -1.2113373E+06    64
    31      2  1.0E+00     43  1.9E-06  2.5E-01 -1.2115356E+06    65
    32      3  2.5E-01     45  2.0E-06  1.9E-01 -1.2116212E+06    65
    33      1  1.0E+00     46  2.1E-06  5.6E-01 -1.2116373E+06    65
    34      1  1.0E+00     47 (1.9E-07) 3.3E-01 -1.2117278E+06    65           R
    35      1  1.0E+00     48 (4.6E-07) 3.7E-01 -1.2117376E+06    65         s
