
         ==============================
         S N O P T  7.2-12.3 (Aug 2014)
         ==============================
      Major optimality tolerance  1.00000000E-04
      Verify level               0
      Print file 18
      Summary file 19
      Derivative level               3
1
 
 SNMEMB EXIT 100 -- finished successfully
 SNMEMB INFO 104 -- memory requirements estimated

         ==============================
         S N O P T  7.2-12.3 (Aug 2014)
         ==============================
      Major optimality tolerance  1.00000000E-04
      Verify level               0
      Print file 18
      Summary file 19
      Derivative level               3
1
 
 Parameters
 ==========

 Files
 -----
 Solution file..........         0       Old basis file ........         0       Standard input.........         5
 Insert file............         0       New basis file ........         0       (Printer)..............        18
 Punch file.............         0       Backup basis file......         0       (Specs file)...........         0
 Load file..............         0       Dump file..............         0       Standard output........         6

 Frequencies
 -----------
 Print frequency........       100       Check frequency........        60       Save new basis map.....       100
 Summary frequency......       100       Factorization frequency        50       Expand frequency.......     10000

 QP subproblems
 --------------
 QPsolver Cholesky......
 Scale tolerance........     0.900       Minor feasibility tol..  1.00E-06       Iteration limit........     10000
 Scale option...........         0       Minor optimality  tol..  1.00E-06       Minor print level......         1
 Crash tolerance........     0.100       Pivot tolerance........  3.25E-11       Partial price..........         1
 Crash option...........         3       Elastic weight.........  1.00E+04       Prtl price section ( A)        76
                                         New superbasics........        99       Prtl price section (-I)       741

 The SQP Method
 --------------
 Minimize...............                 Cold start.............                 Proximal Point method..         1
 Nonlinear objectiv vars        76       Major optimality tol...  1.00E-04       Function precision.....  3.00E-13
 Unbounded step size....  1.00E+20       Superbasics limit......        76       Difference interval....  5.48E-07
 Unbounded objective....  1.00E+15       Reduced Hessian dim....        76       Central difference int.  6.70E-05
 Major step limit.......  2.00E+00       Derivative linesearch..                 Derivative level.......         3
 Major iterations limit.      2223       Linesearch tolerance...   0.90000       Verify level...........         0
 Minor iterations limit.       500       Penalty parameter......  0.00E+00       Major Print Level......         1

 Hessian Approximation
 ---------------------
 Limited-Memory Hessian.                 Hessian updates........        10       Hessian frequency......  99999999
                                                                                 Hessian flush..........  99999999

 Nonlinear constraints
 ---------------------
 Nonlinear constraints..       741       Major feasibility tol..  1.00E-06       Violation limit........  1.00E+06
 Nonlinear Jacobian vars        76

 Miscellaneous
 -------------
 LU factor tolerance....      3.99       LU singularity tol.....  3.25E-11       Timing level...........         3
 LU update tolerance....      3.99       LU swap tolerance......  1.22E-04       Debug level............         0
 LU partial  pivoting...                 eps (machine precision)  2.22E-16       System information.....        No
                                                                                 Sticky parameters......        No
1
 

 

 Matrix statistics
 -----------------
               Total      Normal        Free       Fixed     Bounded
 Rows            741         741           0           0           0
 Columns          76           0           0           0          76

 No. of matrix elements                56316     Density     100.000
 Biggest  constant element        0.0000E+00  (excluding fixed columns,
 Smallest constant element        0.0000E+00   free rows, and RHS)

 No. of objective coefficients             0

 Nonlinear constraints     741     Linear constraints       0
 Nonlinear variables        76     Linear variables         0
 Jacobian  variables        76     Objective variables     76
 Total constraints         741     Total variables         76
1
 

 
 The user has defined   56316   out of   56316   constraint gradients.
 The user has defined      76   out of      76   objective  gradients.

 Cheap test of user-supplied problem derivatives...

 XXX  The constraint gradients seem to be incorrect.

 -->  The largest discrepancy was    2.22E-01  in constraint   668
 

 The objective  gradients seem to be OK.

 Gradient projected in one direction  -8.46638583888E-02
 Difference approximation             -8.46328828095E-02
1
 
 

   Itns Major Minors    Step   nCon Feasible  Optimal  MeritFunction     L+U BSwap     nS  condHz Penalty
     66     0     66              1 (5.3E-17) 2.5E+00 -1.1761325E+06    1132           66 2.5E+02         _  r
     67     1      1 1.7E-01      2 (6.6E-11) 2.5E+00 -1.1761646E+06    1140           66 2.5E+02         _n rl
     82     2     15 1.7E-01      3 (1.2E-10) 9.0E-01 -1.1761967E+06    1455           56 2.6E+02         _s  l
     99     3     17 1.0E+00      4  1.5E-02  3.3E+00 -1.1842597E+06    1337    21     64 4.3E+02         _
    116     4     17 2.3E-01      6  1.2E-02  1.4E+00 -1.1919100E+06    1696           50 9.1E+02 7.3E-04 _
    165     5     49 2.4E-01      8  3.5E-03  2.5E+00 -1.2188489E+06    2058           67 3.5E+02 7.3E-04 _
    171     6      6 1.6E-01     10  3.0E-03  2.0E+00 -1.2352660E+06    1014    42     68 3.1E+02 7.3E-04 _
    179     7      8 1.2E-01     12  2.6E-03  8.8E-01 -1.2419212E+06    1143           65 1.8E+03 9.8E-04 _
    187     8      8 1.3E-01     15  2.3E-03  2.1E+00 -1.2634168E+06    1029    10     70 7.4E+01 9.8E-04 _
    189     9      2 9.7E-02     17  2.0E-03  1.6E+00 -1.2612611E+06    1028           71 7.4E+01 1.2E-03 _
    192    10      3 8.9E-02     19  1.9E-03  1.3E+00 -1.2584644E+06    1049           69 7.9E+01 2.1E-03 _
    194    11      2 7.5E-02     21  1.7E-03  1.6E+00 -1.2594875E+06     910    10     70 5.3E+00 2.3E-03 _
    197    12      3 1.2E-01     23  1.5E-03  1.9E+00 -1.2576291E+06     910           72 7.5E+00 3.3E-03 _  R
