
         ==============================
         S N O P T  7.2-12.3 (Aug 2014)
         ==============================
      Major optimality tolerance  1.00000000E-04
      Verify level               0
      Print file 18
      Summary file 19
      Derivative level               3
1
 
 SNMEMB EXIT 100 -- finished successfully
 SNMEMB INFO 104 -- memory requirements estimated

         ==============================
         S N O P T  7.2-12.3 (Aug 2014)
         ==============================
      Major optimality tolerance  1.00000000E-04
      Verify level               0
      Print file 18
      Summary file 19
      Derivative level               3
1
 
 Parameters
 ==========

 Files
 -----
 Solution file..........         0       Old basis file ........         0       Standard input.........         5
 Insert file............         0       New basis file ........         0       (Printer)..............        18
 Punch file.............         0       Backup basis file......         0       (Specs file)...........         0
 Load file..............         0       Dump file..............         0       Standard output........         6

 Frequencies
 -----------
 Print frequency........       100       Check frequency........        60       Save new basis map.....       100
 Summary frequency......       100       Factorization frequency        50       Expand frequency.......     10000

 QP subproblems
 --------------
 QPsolver Cholesky......
 Scale tolerance........     0.900       Minor feasibility tol..  1.00E-06       Iteration limit........     10000
 Scale option...........         0       Minor optimality  tol..  1.00E-06       Minor print level......         1
 Crash tolerance........     0.100       Pivot tolerance........  3.25E-11       Partial price..........         1
 Crash option...........         3       Elastic weight.........  1.00E+04       Prtl price section ( A)        76
                                         New superbasics........        99       Prtl price section (-I)       741

 The SQP Method
 --------------
 Minimize...............                 Cold start.............                 Proximal Point method..         1
 Nonlinear objectiv vars        76       Major optimality tol...  1.00E-04       Function precision.....  3.00E-13
 Unbounded step size....  1.00E+20       Superbasics limit......        76       Difference interval....  5.48E-07
 Unbounded objective....  1.00E+15       Reduced Hessian dim....        76       Central difference int.  6.70E-05
 Major step limit.......  2.00E+00       Derivative linesearch..                 Derivative level.......         3
 Major iterations limit.      2223       Linesearch tolerance...   0.90000       Verify level...........         0
 Minor iterations limit.       500       Penalty parameter......  0.00E+00       Major Print Level......         1

 Hessian Approximation
 ---------------------
 Limited-Memory Hessian.                 Hessian updates........        10       Hessian frequency......  99999999
                                                                                 Hessian flush..........  99999999

 Nonlinear constraints
 ---------------------
 Nonlinear constraints..       741       Major feasibility tol..  1.00E-06       Violation limit........  1.00E+06
 Nonlinear Jacobian vars        76

 Miscellaneous
 -------------
 LU factor tolerance....      3.99       LU singularity tol.....  3.25E-11       Timing level...........         3
 LU update tolerance....      3.99       LU swap tolerance......  1.22E-04       Debug level............         0
 LU partial  pivoting...                 eps (machine precision)  2.22E-16       System information.....        No
                                                                                 Sticky parameters......        No
1
 

 

 Matrix statistics
 -----------------
               Total      Normal        Free       Fixed     Bounded
 Rows            741         741           0           0           0
 Columns          76           0           0           0          76

 No. of matrix elements                56316     Density     100.000
 Biggest  constant element        0.0000E+00  (excluding fixed columns,
 Smallest constant element        0.0000E+00   free rows, and RHS)

 No. of objective coefficients             0

 Nonlinear constraints     741     Linear constraints       0
 Nonlinear variables        76     Linear variables         0
 Jacobian  variables        76     Objective variables     76
 Total constraints         741     Total variables         76
1
 

 
 The user has defined   56316   out of   56316   constraint gradients.
 The user has defined      76   out of      76   objective  gradients.

 Cheap test of user-supplied problem derivatives...

 XXX  The constraint gradients seem to be incorrect.

 -->  The largest discrepancy was    2.22E-01  in constraint   668
 

 The objective  gradients seem to be OK.

 Gradient projected in one direction   2.88517411867E-02
 Difference approximation              2.88520030262E-02
1
 
 

   Itns Major Minors    Step   nCon Feasible  Optimal  MeritFunction     L+U BSwap     nS  condHz Penalty
     57     0     57              1 (5.3E-17) 2.3E-01 -5.9167153E+05    1132           57 1.7E+01         _  r
     58     1      1 8.5E-01      2 (3.5E-11) 2.3E-01 -5.9167351E+05    1140           57 1.7E+01         _n rl
     72     2     14 2.1E-01      3 (6.3E-11) 2.9E-01 -5.9167550E+05    1483           44 1.1E+02         _s  l
     92     3     20 2.9E-01      5  3.7E-04  2.3E-01 -5.9419241E+05    1520    11     57 6.4E+01         _
     93     4      1 3.1E-01      7  2.8E-04  1.6E-01 -5.9495363E+05    1507           57 6.9E+01         _
     94     5      1 4.5E-01      9  2.6E-04  9.7E-02 -5.9548345E+05    1502           57 4.1E+02         _
     95     6      1 4.0E-01     11  1.9E-04  8.0E-02 -5.9570259E+05    1503           57 2.8E+02         _
     96     7      1 4.8E-01     13  9.9E-05  8.1E-02 -5.9589601E+05    1501           57 7.0E+02         _
     97     8      1 5.0E-01     15  1.4E-04  9.5E-02 -5.9606520E+05    1502           57 4.7E+02         _
     98     9      1 1.0E+00     16  3.2E-04  1.0E-01 -5.9612940E+05    1126    23     57 5.6E+00         _
     99    10      1 5.1E-01     18  1.6E-04  8.7E-02 -5.9629833E+05    1125           57 5.7E+00         _
    100    11      1 5.0E-01     20  1.4E-04  5.7E-02 -5.9644279E+05    1125           57 6.7E+00         _
    101    12      1 5.1E-01     22  1.9E-04  6.7E-02 -5.9659065E+05    1123           57 6.8E+00         _  R
    102    13      1 5.0E-01     24  9.5E-05  4.3E-02 -5.9670891E+05    1123           57 7.1E+00         _s
    103    14      1 1.0E+00     25  1.5E-05  2.1E-02 -5.9675400E+05    1122           57 7.0E+00         _
    104    15      1 1.0E+00     26  7.6E-06  1.7E-02 -5.9677445E+05    1122           57 6.7E+00         _
    105    16      1 1.0E+00     27  4.2E-06  2.1E-02 -5.9678799E+05    1122           57 6.7E+00         _
    106    17      1 1.0E+00     28  5.8E-06  1.9E-02 -5.9680038E+05    1123           57 6.8E+00         _
    107    18      1 1.0E+00     29  5.9E-06  3.1E-02 -5.9681371E+05    1123     2     57 9.0E+00         _
    108    19      1 1.0E+00     30  8.5E-06  1.7E-02 -5.9682161E+05    1122           57 7.9E+00         _

   Itns Major Minors    Step   nCon Feasible  Optimal  MeritFunction     L+U BSwap     nS  condHz Penalty
    109    20      1 1.0E+00     31 (6.5E-07) 1.2E-02 -5.9682855E+05    1122           57 7.8E+00         _
