
 ==============================
 S N O P T  7.2-12.3 (Aug 2014)
 ==============================
 
 SNMEMB EXIT 100 -- finished successfully
 SNMEMB INFO 104 -- memory requirements estimated

 ==============================
 S N O P T  7.2-12.3 (Aug 2014)
 ==============================
 
 

 Nonlinear constraints     741     Linear constraints       0
 Nonlinear variables        76     Linear variables         0
 Jacobian  variables        76     Objective variables     76
 Total constraints         741     Total variables         76
 

 
 The user has defined   56316   out of   56316   constraint gradients.
 The user has defined      76   out of      76   objective  gradients.
 

 Major Minors     Step   nCon Feasible  Optimal  MeritFunction    nS Penalty
     0     57               1 (1.3E-07) 1.2E-01 -6.3378852E+05    57           r
     1      1  1.0E+00      2 (2.4E-11) 1.2E-01 -6.3378918E+05    57         n r
     2      1  1.4E-01      3 (6.7E-11) 1.2E-01 -6.3379017E+05    57         s  l
     3      1  5.8E-01      5  5.1E-05  6.9E-02 -6.3435897E+05    57
     4      1  1.0E+00      6  2.9E-05  7.6E-02 -6.3441537E+05    57
     5      1  1.0E+00      7  8.9E-06  4.5E-02 -6.3448056E+05    57
     6      1  1.0E+00      8  8.6E-06  4.1E-02 -6.3450153E+05    57
     7      1  1.0E+00      9  1.6E-06  1.6E-02 -6.3452595E+05    57
     8      1  4.5E-01     11  1.9E-06  3.1E-02 -6.3453206E+05    57
     9      1  1.0E+00     12  4.1E-06  2.8E-02 -6.3453712E+05    57

 Major Minors     Step   nCon Feasible  Optimal  MeritFunction    nS Penalty
    10      1  1.0E+00     13  2.9E-06  2.3E-02 -6.3454313E+05    57
    11      1  1.0E+00     14  3.4E-06  2.0E-02 -6.3454442E+05    57
    12      1  1.0E+00     15 (9.0E-07) 1.4E-02 -6.3454780E+05    57           R
    13      1  1.0E+00     16 (5.6E-07) 1.9E-02 -6.3454863E+05    57         s
    14      1  1.0E+00     17 (1.4E-08) 8.1E-03 -6.3455038E+05    57
    15      1  4.2E-01     19 (2.4E-08) 7.8E-03 -6.3455089E+05    57
    16      1  3.4E-01     21 (3.3E-08) 1.6E-02 -6.3455111E+05    57
    17      1  1.2E-02     27 (3.3E-08) 9.4E-03 -6.3455114E+05    57
    18      1  4.4E-04     37 (3.3E-08) 9.4E-03 -6.3455114E+05    57
    19      1  2.6E-01     39 (1.2E-07) 1.7E-02 -6.3455122E+05    57

 Major Minors     Step   nCon Feasible  Optimal  MeritFunction    nS Penalty
    20      1  1.0E+00     40 (8.4E-07) 1.7E-02 -6.3455137E+05    57
    21      1  1.0E+00     41 (9.2E-08) 1.6E-02 -6.3455227E+05    57
    22      1  1.0E+00     42 (2.8E-07) 1.6E-02 -6.3455247E+05    57
    23      1  1.0E+00     43 (1.2E-07) 7.7E-03 -6.3455294E+05    57           R
    24      1  1.0E+00     44 (2.5E-08) 1.1E-02 -6.3455330E+05    57         s
    25      1  2.7E-01     46 (2.7E-08) 1.1E-02 -6.3455340E+05    57
    26      1  2.6E-01     48 (2.9E-08) 7.8E-03 -6.3455351E+05    57
    27      1  5.1E-02     51 (2.9E-08) 1.4E-02 -6.3455355E+05    57
    28      1  4.0E-01     53 (2.1E-08) 1.2E-02 -6.3455367E+05    57
    29      1  1.0E+00     54 (5.6E-08) 5.9E-03 -6.3455377E+05    57

 Major Minors     Step   nCon Feasible  Optimal  MeritFunction    nS Penalty
    30      1  1.0E+00     55 (4.7E-08) 1.7E-02 -6.3455380E+05    57
    31      1  1.0E+00     56 (1.5E-07) 1.5E-02 -6.3455397E+05    57
    32      1  1.0E+00     57 (2.3E-08) 8.5E-03 -6.3455421E+05    57
    33      1  1.0E+00     58 (9.1E-08) 7.2E-03 -6.3455437E+05    57
    34      1  1.0E+00     59 (6.5E-08) 1.3E-02 -6.3455466E+05    57           R
    35      1  1.0E+00     60 (9.3E-09) 6.8E-03 -6.3455470E+05    57         s
    36      1  1.0E+00     61 (3.0E-09) 6.7E-03 -6.3455477E+05    57
    37      1  1.7E-01     63 (4.8E-09) 9.4E-03 -6.3455481E+05    57
    38      1  1.2E-01     65 (5.1E-09) 1.2E-02 -6.3455482E+05    57
    39      1  6.3E-02     67 (6.2E-09) 1.2E-02 -6.3455485E+05    57

 Major Minors     Step   nCon Feasible  Optimal  MeritFunction    nS Penalty
    40      1  1.1E-02     70 (6.2E-09) 1.3E-02 -6.3455485E+05    57
    41      1  6.0E-02     73 (5.9E-09) 1.3E-02 -6.3455485E+05    57
    42      1  3.4E-04     83 (5.9E-09) 1.3E-02 -6.3455485E+05    57
    43      2  2.5E-06     88 (5.9E-09) 1.3E-02 -6.3455485E+05    57
    44      2  9.4E-02     91 (7.5E-09) 8.1E-03 -6.3455486E+05    57
    45      1  1.0E+00     92 (2.0E-08) 7.4E-03 -6.3455488E+05    57           R
    46      1  1.0E+00     93 (9.5E-10) 6.2E-03 -6.3455490E+05    57         s
    47      1  3.0E-01     95 (1.6E-09) 8.1E-03 -6.3455491E+05    57
    48      1  3.4E-01     97 (1.6E-09) 1.4E-02 -6.3455492E+05    57
    49      1  1.0E+00     98 (4.2E-09) 1.3E-02 -6.3455493E+05    57

 Major Minors     Step   nCon Feasible  Optimal  MeritFunction    nS Penalty
    50      1  1.0E+00     99 (5.8E-09) 1.4E-02 -6.3455495E+05    57
    51      1  1.0E+00    100 (2.9E-08) 1.3E-02 -6.3455499E+05    57
    52      1  1.6E-01    110 (2.6E-08) 1.4E-02 -6.3455500E+05    57
    53      1  9.8E-05    120 (2.6E-08) 1.5E-02 -6.3455500E+05    57
    54      1  9.6E-07    130 (2.6E-08) 1.7E-02 -6.3455500E+05    57
    55      1  1.3E-07    140 (2.6E-08) 2.0E-02 -6.3455500E+05    57
    56      1  1.7E-08    150 (2.6E-08) 1.3E-02 -6.3455500E+05    57           R
    57      1  2.9E-01    152 (1.9E-08) 1.3E-02 -6.3455500E+05    57         s
    58      1  1.3E-01    154 (1.6E-08) 1.3E-02 -6.3455502E+05    57
    59      1  7.6E-02    157 (1.5E-08) 1.3E-02 -6.3455502E+05    57

 Major Minors     Step   nCon Feasible  Optimal  MeritFunction    nS Penalty
    60      1  2.8E-03    167 (1.5E-08) 1.3E-02 -6.3455502E+05    57
    61      2  5.8E-06    175 (1.5E-08) 1.7E-02 -6.3455502E+05    57
    62      2  1.7E-01    177 (1.2E-08) 1.8E-02 -6.3455502E+05    57
    63      1  1.0E+00    178 (2.1E-11) 1.8E-02 -6.3455503E+05    57
    64      1  3.4E-01    180 (7.9E-11) 1.3E-02 -6.3455503E+05    57
    65      2  1.0E+00    181 (6.3E-11) 1.8E-02 -6.3455504E+05    57
    66      1  1.0E+00    182 (4.3E-09) 1.8E-02 -6.3455504E+05    57
    67      1  1.0E+00    183 (1.6E-11) 1.3E-02 -6.3455505E+05    57           R
    68      1  1.0E+00    184 (1.8E-11) 1.3E-02 -6.3455505E+05    57         s
    69      1  1.0E+00    185 (1.3E-10) 1.3E-02 -6.3455506E+05    57

 Major Minors     Step   nCon Feasible  Optimal  MeritFunction    nS Penalty
    70      1  1.0E+00    186 (8.5E-12) 1.3E-02 -6.3455506E+05    57
    71      1  1.0E+00    187 (5.5E-12) 1.3E-02 -6.3455506E+05    57
    72      1  2.8E-01    189 (8.7E-12) 1.3E-02 -6.3455506E+05    57
    73      1  1.0E+00    190 (4.9E-11) 1.3E-02 -6.3455506E+05    57
    74      1  1.0E+00    191 (7.4E-12) 1.3E-02 -6.3455506E+05    57
    75      1  1.0E+00    192 (5.8E-12) 1.3E-02 -6.3455506E+05    57
    76      1  5.2E-01    194 (1.4E-11) 1.3E-02 -6.3455507E+05    57
    77      1  2.5E-01    196 (1.0E-11) 1.3E-02 -6.3455507E+05    57
    78      1  1.0E+00    197 (1.3E-11) 1.3E-02 -6.3455507E+05    57           R
    79      1  1.0E+00    198 (1.0E-11) 1.3E-02 -6.3455507E+05    57         s

 Major Minors     Step   nCon Feasible  Optimal  MeritFunction    nS Penalty
    80      1  3.7E-01    200 (6.3E-12) 1.3E-02 -6.3455507E+05    57
    81      1  5.0E-01    202 (5.0E-12) 1.3E-02 -6.3455507E+05    57
    82      1  5.4E-02    205 (5.1E-12) 1.3E-02 -6.3455507E+05    57
    83      1  3.2E-02    208 (4.9E-12) 1.3E-02 -6.3455507E+05    57
    84      1  1.0E+00    209 (4.4E-12) 1.3E-02 -6.3455507E+05    57
    85      1  3.6E-01    211 (3.1E-12) 1.3E-02 -6.3455507E+05    57
    86      1  1.0E+00    212 (1.7E-11) 1.3E-02 -6.3455507E+05    57
    87      1  1.0E+00    213 (1.7E-12) 1.3E-02 -6.3455507E+05    57
    88      1  1.0E+00    214 (4.5E-12) 1.3E-02 -6.3455507E+05    57
    89      1  1.0E+00    215 (4.0E-11) 1.3E-02 -6.3455507E+05    57           R

 Major Minors     Step   nCon Feasible  Optimal  MeritFunction    nS Penalty
    90      1  1.0E+00    216 (7.5E-12) 1.9E-02 -6.3455507E+05    57         s
    91      1  2.4E-01    218 (2.5E-11) 1.3E-02 -6.3455507E+05    57
    92      1  1.0E+00    219 (9.7E-13) 1.3E-02 -6.3455507E+05    57
    93      1  1.0E+00    220 (8.4E-12) 1.3E-02 -6.3455507E+05    57
    94      1  1.0E+00    221 (3.6E-12) 1.3E-02 -6.3455507E+05    57
    95      1  7.1E-01    223 (2.6E-12) 1.3E-02 -6.3455507E+05    57
    96      1  1.4E-01    225 (2.5E-12) 1.7E-02 -6.3455507E+05    57
    97      1  2.0E-01    227 (2.7E-12) 1.3E-02 -6.3455507E+05    57
    98      1  1.0E+00    228 (6.0E-12) 1.3E-02 -6.3455507E+05    57
    99      1  1.0E+00    229 (2.2E-12) 1.3E-02 -6.3455507E+05    57

 Major Minors     Step   nCon Feasible  Optimal  MeritFunction    nS Penalty
   100      1  1.0E+00    230 (2.1E-12) 1.3E-02 -6.3455508E+05    57           R
   101      1  1.0E+00    231 (7.4E-13) 1.3E-02 -6.3455508E+05    57         s
   102      1  1.0E+00    232 (4.5E-13) 1.3E-02 -6.3455508E+05    57
   103      1  1.2E-01    234 (1.5E-12) 1.3E-02 -6.3455508E+05    57
   104      1  1.0E+00    235 (1.5E-12) 1.3E-02 -6.3455508E+05    57
   105      1  3.5E-01    237 (1.3E-12) 1.3E-02 -6.3455508E+05    57
   106      1  2.8E-01    239 (9.3E-13) 1.3E-02 -6.3455508E+05    57
   107      1  9.6E-02    242 (8.4E-13) 1.3E-02 -6.3455508E+05    57
   108      1  1.0E+00    243 (4.1E-13) 1.3E-02 -6.3455508E+05    57
   109      1  3.1E-01    245 (2.9E-13) 1.3E-02 -6.3455508E+05    57

 Major Minors     Step   nCon Feasible  Optimal  MeritFunction    nS Penalty
   110      1  1.0E+00    246 (1.2E-12) 1.3E-02 -6.3455508E+05    57
   111      1  2.0E-01    248 (1.0E-12) 1.3E-02 -6.3455508E+05    57           R
   112      1  1.0E+00    249 (1.4E-13) 1.3E-02 -6.3455508E+05    57         s
   113      1  1.5E-01    251 (1.4E-13) 1.3E-02 -6.3455508E+05    57
   114      1  4.4E-02    254 (1.3E-13) 1.3E-02 -6.3455508E+05    57
   115      1  8.0E-02    257 (1.2E-13) 1.3E-02 -6.3455508E+05    57
   116      1  1.0E+00    258 (3.7E-13) 1.3E-02 -6.3455508E+05    57
   117      1  3.0E-01    260 (2.6E-13) 1.3E-02 -6.3455508E+05    57
   118      1  1.0E+00    261 (1.5E-12) 1.3E-02 -6.3455508E+05    57
   119      1  1.0E+00    262 (9.4E-14) 1.3E-02 -6.3455508E+05    57

 Major Minors     Step   nCon Feasible  Optimal  MeritFunction    nS Penalty
   120      1  1.5E-01    264 (2.7E-13) 1.3E-02 -6.3455508E+05    57
   121      1  1.0E+00    265 (6.5E-14) 1.3E-02 -6.3455508E+05    57
   122      1  3.7E-01    267 (8.3E-14) 1.3E-02 -6.3455508E+05    57           R
   123      1  1.0E+00    268 (1.5E-13) 1.3E-02 -6.3455508E+05    57         s
   124      1  1.0E+00    269 (6.7E-15) 1.3E-02 -6.3455508E+05    57
   125      1  4.7E-01    271 (9.1E-15) 1.3E-02 -6.3455508E+05    57
   126      1  1.6E-01    273 (1.1E-14) 1.3E-02 -6.3455508E+05    57
   127      1  1.0E+00    274 (1.8E-14) 1.3E-02 -6.3455508E+05    57
   128      1  2.5E-01    276 (1.5E-14) 1.3E-02 -6.3455508E+05    57
   129      1  4.9E-01    278 (9.7E-15) 1.3E-02 -6.3455508E+05    57

 Major Minors     Step   nCon Feasible  Optimal  MeritFunction    nS Penalty
   130      1  2.6E-01    280 (1.5E-14) 1.3E-02 -6.3455508E+05    57
   131      1  1.0E+00    281 (7.4E-15) 1.3E-02 -6.3455508E+05    57
   132      1  1.0E+00    282 (1.3E-14) 1.3E-02 -6.3455508E+05    57
   133      1  1.0E+00    283 (2.2E-14) 1.3E-02 -6.3455508E+05    57           R
   134      1  4.1E-01    285 (1.3E-14) 1.3E-02 -6.3455508E+05    57         s
   135      1  1.0E+00    286 (3.0E-14) 1.3E-02 -6.3455508E+05    57
   136      1  1.0E+00    287 (1.2E-15) 1.3E-02 -6.3455508E+05    57
   137      1  3.0E-01    289 (1.1E-15) 1.3E-02 -6.3455508E+05    57
   138      1  1.0E+00    290 (5.3E-15) 1.3E-02 -6.3455508E+05    57
   139      1  1.0E+00    291 (2.7E-15) 1.3E-02 -6.3455508E+05    57

 Major Minors     Step   nCon Feasible  Optimal  MeritFunction    nS Penalty
   140      1  4.1E-01    293 (2.3E-15) 1.3E-02 -6.3455508E+05    57
   141      1  3.0E-01    295 (3.7E-15) 1.3E-02 -6.3455508E+05    57
   142      1  1.0E+00    296 (3.3E-15) 1.3E-02 -6.3455508E+05    57
   143      1  1.0E+00    297 (8.3E-16) 1.3E-02 -6.3455508E+05    57
   144      1  1.0E+00    298 (9.8E-15) 1.3E-02 -6.3455508E+05    57           R
   145      1  1.0E+00    299 (1.7E-15) 1.3E-02 -6.3455508E+05    57         s
   146      1  1.5E-03    303 (1.9E-15) 1.3E-02 -6.3455508E+05    57
   147      1  5.1E-02    306 (3.8E-15) 1.3E-02 -6.3455508E+05    57
   148      1  2.7E-02    309 (5.7E-15) 1.3E-02 -6.3455508E+05    57
   149      1  2.6E-01    311 (8.7E-15) 1.3E-02 -6.3455508E+05    57

 Major Minors     Step   nCon Feasible  Optimal  MeritFunction    nS Penalty
   150      1  1.0E+00    312 (5.1E-14) 1.3E-02 -6.3455508E+05    57
   151      1  3.6E-01    314 (4.1E-14) 1.3E-02 -6.3455508E+05    57
   152      1  1.1E-01    324 (3.7E-14) 1.3E-02 -6.3455508E+05    57
   153      1  1.4E-08    332 (3.7E-14) 1.5E-02 -6.3455508E+05    57
   154      1  7.6E-09    342 (3.7E-14) 2.4E-02 -6.3455508E+05    57
   154      2             349 (3.7E-14) 1.3E-02 -6.3455508E+05    57           r
   155      2  1.9E-05    354 (3.7E-14) 1.7E-02 -6.3455508E+05    57         s
   156      1  1.0E+00    355 (7.4E-14) 1.2E-02 -6.3455508E+05    57
   157      1  1.0E+00    356 (2.7E-16) 1.2E-02 -6.3455508E+05    57
   158      1  1.0E+00    357 (4.3E-15) 7.4E-03 -6.3455508E+05    57
   159      1  1.0E+00    358 (3.0E-16) 8.7E-03 -6.3455508E+05    57

 Major Minors     Step   nCon Feasible  Optimal  MeritFunction    nS Penalty
   160      1  2.1E-02    361 (4.3E-16) 1.0E-02 -6.3455508E+05    57
   161      1  1.0E+00    362 (7.3E-16) 7.2E-03 -6.3455508E+05    57
   162      1  1.0E+00    363 (1.7E-15) 1.4E-02 -6.3455508E+05    57
   163      1  3.4E-02    365 (1.9E-15) 1.4E-02 -6.3455508E+05    57
   164      1  1.5E-02    368 (1.9E-15) 1.0E-02 -6.3455508E+05    57
   165      1  1.8E-02    378 (1.9E-15) 1.0E-02 -6.3455508E+05    57           R
   166      1  2.8E-01    380 (1.3E-15) 1.3E-02 -6.3455508E+05    57         s
   167      1  2.5E-01    382 (9.9E-16) 1.3E-02 -6.3455508E+05    57
   168      1  1.0E+00    384 (1.6E-16) 1.3E-02 -6.3455508E+05    57          M
   169      1  4.4E-01    386 (1.1E-16) 7.3E-03 -6.3455508E+05    57

 Major Minors     Step   nCon Feasible  Optimal  MeritFunction    nS Penalty
   170      1  1.0E+00    387 (1.9E-16) 7.3E-03 -6.3455508E+05    57
   171      1  3.1E-01    389 (8.1E-17) 7.3E-03 -6.3455508E+05    57
   172      1  5.4E-02    394 (1.3E-16) 8.7E-03 -6.3455508E+05    57
   173      1  7.1E-03    401 (2.4E-16) 1.1E-02 -6.3455508E+05    57
   174      1  4.9E-02    404 (1.3E-16) 1.1E-02 -6.3455508E+05    57
   175      1  1.0E+00    405 (1.6E-16) 8.6E-03 -6.3455508E+05    57
   176      1  1.0E+00    406 (5.4E-17) 8.7E-03 -6.3455508E+05    57           R
   177      1  1.0E+00    407 (8.1E-17) 1.2E-02 -6.3455508E+05    57         s
   178      1  2.7E-01    409 (1.3E-16) 7.6E-03 -6.3455508E+05    57
   179      1  3.3E-01    411 (1.1E-16) 8.2E-03 -6.3455508E+05    57

 Major Minors     Step   nCon Feasible  Optimal  MeritFunction    nS Penalty
   180      1  1.0E+00    412 (1.3E-16) 8.7E-03 -6.3455508E+05    57
   181      1  1.0E+00    413 (1.3E-16) 9.9E-03 -6.3455508E+05    57
   182      1  1.2E-01    415 (1.9E-16) 1.3E-02 -6.3455508E+05    57
   183      1  7.0E-02    417 (2.4E-16) 1.0E-02 -6.3455508E+05    57
   184      1  5.1E-01    419 (2.1E-16) 1.9E-02 -6.3455508E+05    57
   185      1  6.2E-02    422 (2.4E-16) 8.7E-03 -6.3455508E+05    57
   186      1  1.9E-01    432 (1.6E-16) 1.0E-02 -6.3455508E+05    57
   187      1  1.9E-01    434 (1.6E-16) 1.2E-02 -6.3455508E+05    57           R
   188      1  1.0E+00    435 (8.1E-17) 1.3E-02 -6.3455508E+05    57         s
   189      1  1.0E+00    436 (1.3E-16) 1.0E-02 -6.3455508E+05    57

 Major Minors     Step   nCon Feasible  Optimal  MeritFunction    nS Penalty
   190      1  2.9E-01    438 (1.3E-16) 8.7E-03 -6.3455508E+05    57
   191      1  1.0E+00    439 (1.9E-16) 7.4E-03 -6.3455508E+05    57
   192      1  5.0E-01    441 (1.6E-16) 8.8E-03 -6.3455508E+05    57
   193      1  4.7E-01    443 (5.4E-17) 8.6E-03 -6.3455508E+05    57
   194      1  2.5E-01    445 (1.6E-16) 2.0E-02 -6.3455508E+05    57
   195      1  2.2E-01    447 (1.3E-16) 1.2E-02 -6.3455508E+05    57
   196      1  1.0E+00    448 (2.7E-16) 1.1E-02 -6.3455508E+05    57
   197      1  1.0E+00    449 (8.1E-17) 7.5E-03 -6.3455508E+05    57
   198      1  1.0E+00    450 (1.1E-16) 8.3E-03 -6.3455508E+05    57           R
   199      1  1.0E+00    451 (1.6E-16) 8.7E-03 -6.3455508E+05    57         s

 Major Minors     Step   nCon Feasible  Optimal  MeritFunction    nS Penalty
   200      1  1.0E+00    452 (2.7E-16) 8.7E-03 -6.3455508E+05    57
   201      1  1.0E+00    453 (1.9E-16) 1.0E-02 -6.3455508E+05    57
   202      1  2.4E-01    455 (2.4E-16) 1.0E-02 -6.3455508E+05    57
   203      1  1.0E+00    456 (1.1E-16) 8.7E-03 -6.3455508E+05    57
   204      1  1.0E+00    457 (1.1E-16) 8.9E-03 -6.3455508E+05    57
   205      1  1.0E+00    458 (8.1E-17) 1.7E-02 -6.3455508E+05    57
   206      1  1.0E+00    459 (1.1E-16) 1.1E-02 -6.3455508E+05    57
   207      1  1.0E+00    460 (1.9E-16) 8.3E-03 -6.3455508E+05    57
   208      1  1.0E+00    461 (8.1E-17) 8.3E-03 -6.3455508E+05    57
   209      1  1.0E+00    462 (8.1E-17) 8.7E-03 -6.3455508E+05    57           R

 Major Minors     Step   nCon Feasible  Optimal  MeritFunction    nS Penalty
   210      1  1.0E+00    463 (8.1E-17) 8.7E-03 -6.3455508E+05    57         s
   211      1  2.2E-01    465 (8.1E-17) 1.3E-02 -6.3455508E+05    57
   212      1  1.0E+00    466 (1.1E-16) 7.5E-03 -6.3455508E+05    57
   213      1  1.0E+00    467 (1.6E-16) 8.2E-03 -6.3455508E+05    57
   214      1  1.0E+00    468 (1.6E-16) 1.0E-02 -6.3455508E+05    57
   215      1  1.0E+00    469 (8.1E-17) 1.0E-02 -6.3455508E+05    57
   216      1  1.0E+00    470 (8.1E-17) 8.7E-03 -6.3455508E+05    57
   217      1  1.0E+00    471 (2.4E-16) 8.7E-03 -6.3455508E+05    57
   218      1  1.0E+00    472 (1.1E-15) 1.7E-02 -6.3455508E+05    57
   219      1  1.0E+00    473 (2.0E-15) 1.7E-02 -6.3455508E+05    57

 Major Minors     Step   nCon Feasible  Optimal  MeritFunction    nS Penalty
   220      1  1.0E+00    474 (3.2E-12) 8.6E-03 -6.3455508E+05    57           R
   221      1  1.0E+00    475 (1.3E-16) 8.6E-03 -6.3455508E+05    57         s
   222      1  6.5E-04    479 (1.3E-14) 1.2E-02 -6.3455508E+05    57
   223      1  6.0E-04    483 (1.7E-14) 7.3E-03 -6.3455508E+05    57
   224      1  4.5E-04    487 (2.9E-14) 8.9E-03 -6.3455508E+05    57
   225      1  3.8E-04    491 (4.3E-14) 8.6E-03 -6.3455508E+05    57
   226      2  6.2E-04    495 (5.8E-14) 1.7E-02 -6.3455508E+05    57
   227      2  1.5E-04    499 (1.1E-13) 1.0E-02 -6.3455508E+05    57
   228      1  4.8E-04    503 (1.9E-13) 1.0E-02 -6.3455508E+05    57
   229      2  1.3E-03    508 (1.5E-12) 1.3E-02 -6.3455508E+05    57

 Major Minors     Step   nCon Feasible  Optimal  MeritFunction    nS Penalty
   230      1  3.3E-02    511 (1.7E-10) 1.7E-02 -6.3455508E+05    57
   231      1  2.5E-02    514 (2.2E-10) 1.0E-02 -6.3455508E+05    57           R
   232      1  2.3E-01    516 (2.4E-10) 1.0E-02 -6.3455508E+05    57         s
   233      1  1.0E+00    517 (6.3E-11) 1.0E-02 -6.3455508E+05    57
   234      1  8.7E-03    522 (6.4E-11) 1.0E-02 -6.3455508E+05    57
   235      1  1.6E-03    532 (6.3E-11) 1.0E-02 -6.3455508E+05    57
   236      1  1.1E-05    542 (6.3E-11) 1.0E-02 -6.3455508E+05    57
   237      1  6.0E-07    552 (6.3E-11) 1.0E-02 -6.3455508E+05    57
   238      1  3.8E-09    562 (6.3E-11) 1.0E-02 -6.3455508E+05    57
   238      2             569 (6.3E-11) 1.0E-02 -6.3455508E+05    57           r
   239      2  4.8E-06    574 (6.3E-11) 3.4E-02 -6.3455508E+05    57         s

 Major Minors     Step   nCon Feasible  Optimal  MeritFunction    nS Penalty
   240      1  2.7E-01    576 (4.7E-11) 1.2E-02 -6.3455508E+05    57
   241      1  1.0E+00    577 (9.7E-16) 1.2E-02 -6.3455508E+05    57         s
   242      1  6.0E-05    584 (3.0E-15) 8.3E-03 -6.3455508E+05    57
   243      2  8.0E-05    588 (4.5E-15) 7.4E-03 -6.3455508E+05    57
   244      2  7.5E-05    594 (8.7E-15) 1.4E-02 -6.3455508E+05    57
   245      2  4.3E-05    598 (1.1E-14) 1.2E-02 -6.3455508E+05    57
   246      2  9.0E-06    605 (1.1E-14) 1.9E-02 -6.3455508E+05    57
   247      2  1.7E-05    609 (1.6E-14) 1.7E-02 -6.3455508E+05    57
   248      2  1.2E-04    615 (2.0E-14) 1.9E-02 -6.3455508E+05    57
   249      1  3.0E-06    622 (2.0E-14) 1.9E-02 -6.3455508E+05    57           R

 Major Minors     Step   nCon Feasible  Optimal  MeritFunction    nS Penalty
   250      1  1.1E-04    632 (2.0E-14) 1.9E-02 -6.3455508E+05    57         s
   251      1  2.6E-06    642 (1.9E-14) 1.9E-02 -6.3455508E+05    57
   252      1  3.6E-07    652 (1.9E-14) 1.9E-02 -6.3455508E+05    57
   253      1  1.6E-07    662 (1.9E-14) 1.9E-02 -6.3455508E+05    57
   254      1  1.0E-08    670 (1.9E-14) 1.9E-02 -6.3455508E+05    57
   255      1  4.0E-09    680 (1.9E-14) 1.9E-02 -6.3455508E+05    57
   256      1  1.8E-10    689 (1.9E-14) 1.9E-02 -6.3455508E+05    57
 
 SNOPTC EXIT  40 -- terminated after numerical difficulties
 SNOPTC INFO  41 -- current point cannot be improved

 Problem name                 Optimiza
 No. of iterations                 331   Objective value     -6.3455508173E+05
 No. of major iterations           256   Linear objective     0.0000000000E+00
 Penalty parameter           0.000E+00   Nonlinear objective -6.3455508173E+05
 No. of calls to funobj            697   No. of calls to funcon            697
 No. of superbasics                 57   No. of basic nonlinears            19
 No. of degenerate steps             0   Percentage                       0.00
 Max x                      20 3.9E+04   Max pi                    729 5.9E-01
 Max Primal infeas           0 0.0E+00   Max Dual infeas            17 3.9E-02
 Nonlinear constraint violn    3.3E-09
 
 

 Solution printed on file  18
 
 Time for MPS input                             0.00 seconds
 Time for solving problem                    1391.93 seconds
 Time for solution output                       0.01 seconds
 Time for constraint functions               1392.65 seconds
 Time for objective function                    0.00 seconds
