
         ==============================
         S N O P T  7.2-12.3 (Aug 2014)
         ==============================
      Major optimality tolerance  1.00000000E-04
      Verify level               0
      Print file 18
      Summary file 19
      Derivative level               3
1
 
 SNMEMB EXIT 100 -- finished successfully
 SNMEMB INFO 104 -- memory requirements estimated

         ==============================
         S N O P T  7.2-12.3 (Aug 2014)
         ==============================
      Major optimality tolerance  1.00000000E-04
      Verify level               0
      Print file 18
      Summary file 19
      Derivative level               3
1
 
 Parameters
 ==========

 Files
 -----
 Solution file..........         0       Old basis file ........         0       Standard input.........         5
 Insert file............         0       New basis file ........         0       (Printer)..............        18
 Punch file.............         0       Backup basis file......         0       (Specs file)...........         0
 Load file..............         0       Dump file..............         0       Standard output........         6

 Frequencies
 -----------
 Print frequency........       100       Check frequency........        60       Save new basis map.....       100
 Summary frequency......       100       Factorization frequency        50       Expand frequency.......     10000

 QP subproblems
 --------------
 QPsolver Cholesky......
 Scale tolerance........     0.900       Minor feasibility tol..  1.00E-06       Iteration limit........     10000
 Scale option...........         0       Minor optimality  tol..  1.00E-06       Minor print level......         1
 Crash tolerance........     0.100       Pivot tolerance........  3.25E-11       Partial price..........         1
 Crash option...........         3       Elastic weight.........  1.00E+04       Prtl price section ( A)        76
                                         New superbasics........        99       Prtl price section (-I)       741

 The SQP Method
 --------------
 Minimize...............                 Cold start.............                 Proximal Point method..         1
 Nonlinear objectiv vars        76       Major optimality tol...  1.00E-04       Function precision.....  3.00E-13
 Unbounded step size....  1.00E+20       Superbasics limit......        76       Difference interval....  5.48E-07
 Unbounded objective....  1.00E+15       Reduced Hessian dim....        76       Central difference int.  6.70E-05
 Major step limit.......  2.00E+00       Derivative linesearch..                 Derivative level.......         3
 Major iterations limit.      2223       Linesearch tolerance...   0.90000       Verify level...........         0
 Minor iterations limit.       500       Penalty parameter......  0.00E+00       Major Print Level......         1

 Hessian Approximation
 ---------------------
 Limited-Memory Hessian.                 Hessian updates........        10       Hessian frequency......  99999999
                                                                                 Hessian flush..........  99999999

 Nonlinear constraints
 ---------------------
 Nonlinear constraints..       741       Major feasibility tol..  1.00E-06       Violation limit........  1.00E+06
 Nonlinear Jacobian vars        76

 Miscellaneous
 -------------
 LU factor tolerance....      3.99       LU singularity tol.....  3.25E-11       Timing level...........         3
 LU update tolerance....      3.99       LU swap tolerance......  1.22E-04       Debug level............         0
 LU partial  pivoting...                 eps (machine precision)  2.22E-16       System information.....        No
                                                                                 Sticky parameters......        No
1
 

 

 Matrix statistics
 -----------------
               Total      Normal        Free       Fixed     Bounded
 Rows            741         741           0           0           0
 Columns          76           0           0           0          76

 No. of matrix elements                56316     Density     100.000
 Biggest  constant element        0.0000E+00  (excluding fixed columns,
 Smallest constant element        0.0000E+00   free rows, and RHS)

 No. of objective coefficients             0

 Nonlinear constraints     741     Linear constraints       0
 Nonlinear variables        76     Linear variables         0
 Jacobian  variables        76     Objective variables     76
 Total constraints         741     Total variables         76
1
 

 
 The user has defined   56316   out of   56316   constraint gradients.
 The user has defined      76   out of      76   objective  gradients.

 Cheap test of user-supplied problem derivatives...

 XXX  The constraint gradients seem to be incorrect.

 -->  The largest discrepancy was    2.21E-01  in constraint   652
 

 The objective  gradients seem to be OK.

 Gradient projected in one direction   3.41236441793E-02
 Difference approximation              3.41273839767E-02
1
 
 

   Itns Major Minors    Step   nCon Feasible  Optimal  MeritFunction     L+U BSwap     nS  condHz Penalty
     57     0     57              1 (7.2E-15) 2.0E-01 -6.7769220E+05    1121           57 7.1E+01         _  r
     58     1      1 1.0E+00      2 (1.1E-10) 2.0E-01 -6.7769394E+05    1121           57 7.1E+01         _n rl
     59     2      1 1.6E-01      3 (2.0E-10) 2.0E-01 -6.7769567E+05    1121           57 7.4E+01         _s  l
     60     3      1 1.0E+00      4  3.3E-04  3.2E-01 -6.7826891E+05    1119           57 1.0E+02         _
     61     4      1 1.0E+00      5  4.7E-05  9.7E-02 -6.7870211E+05    1120           57 9.0E+01         _
     62     5      1 1.0E+00      6  5.9E-06  1.3E-01 -6.7885977E+05    1120           57 1.2E+02         _
     63     6      1 1.0E+00      7  2.8E-05  1.0E-01 -6.7897163E+05    1120           57 1.1E+02         _
     64     7      1 1.0E+00      8  1.9E-06  6.2E-02 -6.7901841E+05    1120           57 1.1E+02         _
     65     8      1 1.0E+00      9 (8.1E-07) 2.1E-02 -6.7903033E+05    1120           57 1.1E+02         _
     66     9      1 4.7E-01     11 (4.6E-07) 2.8E-02 -6.7903264E+05    1120     5     57 8.1E+00         _
     67    10      1 3.9E-01     13 (3.0E-07) 1.1E-02 -6.7903405E+05    1120           57 7.6E+00         _
     68    11      1 3.8E-01     15 (1.8E-07) 1.1E-02 -6.7903458E+05    1120           57 7.5E+00         _
     69    12      1 3.3E-01     17 (1.2E-07) 1.0E-02 -6.7903493E+05    1120           57 6.4E+00         _  R
     70    13      1 3.5E-01     19 (8.1E-08) 8.4E-03 -6.7903517E+05    1120           57 6.6E+00         _s
     71    14      1 1.0E+00     20 (4.7E-09) 1.0E-02 -6.7903526E+05    1120           57 6.3E+00         _
     72    15      1 1.0E+00     21 (7.0E-09) 1.0E-02 -6.7903548E+05    1120           57 6.4E+00         _
     73    16      1 1.0E+00     22 (6.5E-08) 9.9E-03 -6.7903574E+05    1120           57 6.6E+00         _
     74    17      1 1.0E+00     23 (6.6E-09) 1.5E-02 -6.7903595E+05    1120           57 7.5E+00         _
     75    18      1 1.0E+00     24 (3.3E-08) 1.4E-02 -6.7903616E+05    1120     2     57 8.5E+00         _
     76    19      1 1.0E+00     25 (9.9E-09) 6.1E-03 -6.7903631E+05    1120           57 9.0E+00         _

   Itns Major Minors    Step   nCon Feasible  Optimal  MeritFunction     L+U BSwap     nS  condHz Penalty
     77    20      1 1.0E+00     26 (6.7E-09) 5.6E-03 -6.7903642E+05    1120           57 9.2E+00         _
     78    21      1 3.7E-01     28 (6.1E-09) 4.8E-03 -6.7903644E+05    1120           57 9.1E+00         _
     79    22      1 1.0E+00     29 (1.7E-09) 3.5E-03 -6.7903650E+05    1120           57 9.1E+00         _
     80    23      1 1.0E+00     30 (1.4E-09) 5.2E-03 -6.7903652E+05    1120           57 7.7E+00         _  R
     81    24      1 1.0E+00     31 (5.4E-10) 3.6E-03 -6.7903653E+05    1120           57 7.6E+00         _s
     82    25      1 1.0E+00     32 (6.6E-11) 3.4E-03 -6.7903655E+05    1120           57 7.4E+00         _
     83    26      1 1.7E-01     34 (7.6E-11) 1.1E-02 -6.7903655E+05    1120           57 1.7E+01         _
     84    27      1 4.2E-02     37 (7.5E-11) 3.4E-03 -6.7903655E+05    1120     4     57 8.0E+01         _
     85    28      1 2.9E-02     40 (7.3E-11) 4.5E-03 -6.7903655E+05    1120           57 8.0E+01         _
     86    29      1 1.0E+00     41 (9.5E-11) 8.5E-03 -6.7903655E+05    1120           57 8.7E+01         _
     87    30      1 5.7E-02     44 (9.7E-11) 1.1E-02 -6.7903656E+05    1120           57 1.2E+02         _
     88    31      1 2.6E-01     46 (9.0E-11) 8.7E-03 -6.7903656E+05    1120           57 1.4E+02         _
     89    32      1 4.4E-02     49 (1.1E-10) 8.4E-03 -6.7903656E+05    1120           57 1.3E+02         _
     90    33      1 1.0E+00     50 (1.3E-11) 3.6E-03 -6.7903656E+05    1120           57 1.3E+02         _
     91    34      1 1.0E+00     51 (1.3E-11) 4.4E-03 -6.7903656E+05    1120           57 2.9E+02         _  R
     92    35      1 1.0E+00     52 (2.4E-11) 3.5E-03 -6.7903656E+05    1120           57 2.9E+02         _s
     93    36      1 1.0E+00     53 (2.2E-12) 3.5E-03 -6.7903656E+05    1120     4     57 2.8E+02         _
     94    37      1 5.2E-01     55 (5.3E-12) 3.5E-03 -6.7903656E+05    1120           57 2.8E+02         _
     95    38      1 1.8E-01     57 (8.9E-12) 4.4E-03 -6.7903656E+05    1120           57 2.8E+02         _
     96    39      1 1.0E+00     58 (5.8E-13) 4.4E-03 -6.7903656E+05    1120           57 2.8E+02         _

   Itns Major Minors    Step   nCon Feasible  Optimal  MeritFunction     L+U BSwap     nS  condHz Penalty
     97    40      1 1.1E-01     60 (5.8E-13) 4.4E-03 -6.7903656E+05    1120           57 2.8E+02         _
     98    41      1 4.3E-02     65 (5.6E-13) 3.5E-03 -6.7903656E+05    1120           57 2.8E+02         _
     99    42      1 3.2E-03     75 (5.6E-13) 3.5E-03 -6.7903656E+05    1120           57 2.7E+02         _
    100    43      1 1.6E-05     85 (5.6E-13) 3.5E-03 -6.7903656E+05    1120           57 2.7E+02         _
    101    44      1 2.1E-06     95 (5.6E-13) 3.5E-03 -6.7903656E+05    1120           57 2.7E+02         _
    102    45      1 1.9E-07    105 (5.6E-13) 3.5E-03 -6.7903656E+05    1120     4     57 8.7E+02         _  R
