
 ==============================
 S N O P T  7.2-12.3 (Aug 2014)
 ==============================
 
 SNMEMB EXIT 100 -- finished successfully
 SNMEMB INFO 104 -- memory requirements estimated

 ==============================
 S N O P T  7.2-12.3 (Aug 2014)
 ==============================
 
 

 Nonlinear constraints     741     Linear constraints       0
 Nonlinear variables        76     Linear variables         0
 Jacobian  variables        76     Objective variables     76
 Total constraints         741     Total variables         76
 

 
 The user has defined   56316   out of   56316   constraint gradients.
 The user has defined      76   out of      76   objective  gradients.
 

 Major Minors     Step   nCon Feasible  Optimal  MeritFunction    nS Penalty
     0     64               1 (5.3E-17) 1.9E+00 -1.1301143E+06    64           r
     1      1  1.8E-01      2 (3.0E-11) 1.9E+00 -1.1301350E+06    64         n rl
     2      5  1.7E-01      3 (5.4E-11) 1.9E+00 -1.1301558E+06    68         s  l
     3      5  4.4E-01      5  6.8E-04  3.3E+00 -1.1523052E+06    66
     4      2  3.1E-01      7  5.3E-04  2.7E+00 -1.1626902E+06    65
     5      4  2.8E-01      9  3.9E-04  2.1E+00 -1.1730310E+06    68
     6      3  3.3E-01     11  2.9E-04  3.8E+00 -1.1794047E+06    70
     7      1  2.9E-01     13  2.7E-04  1.4E+00 -1.1850104E+06    70
     8      1  4.3E-01     15  1.5E-04  1.7E+00 -1.1895065E+06    70
     9      2  3.1E-01     17  1.1E-04  1.7E+00 -1.1928543E+06    69

 Major Minors     Step   nCon Feasible  Optimal  MeritFunction    nS Penalty
    10      2  3.3E-01     19  9.8E-05  2.1E+00 -1.1968908E+06    70
    11      3  3.4E-01     21  9.3E-05  1.5E+00 -1.1997637E+06    68
    12      4  1.0E+00     22  3.4E-03  2.1E+00 -1.2021972E+06    65           R
    13      2  3.1E-01     24  2.4E-03  1.3E+00 -1.2055689E+06    64         s
    14      1  1.0E+00     25  8.2E-06  1.1E+00 -1.2068091E+06    64
    15      1  1.0E+00     26  3.9E-06  5.4E-01 -1.2076175E+06    64
    16      1  1.0E+00     27  2.2E-06  6.3E-01 -1.2080734E+06    64
    17      2  1.0E+00     28  4.2E-06  7.2E-01 -1.2084264E+06    63
    18      2  1.5E-01     30  6.1E-06  8.8E-01 -1.2088295E+06    64
    19      1  1.0E+00     31  5.1E-06  7.5E-01 -1.2091273E+06    64

 Major Minors     Step   nCon Feasible  Optimal  MeritFunction    nS Penalty
    20      1  1.0E+00     32  1.0E-06  4.9E-01 -1.2094918E+06    64
    21      1  1.0E+00     33  2.3E-06  5.8E-01 -1.2098167E+06    64
    22      2  1.0E+00     34  1.9E-06  3.1E-01 -1.2100192E+06    65
    23      1  1.0E+00     35  2.0E-06  2.5E-01 -1.2102183E+06    65           R
    24      1  1.0E+00     36 (1.4E-07) 2.2E-01 -1.2103086E+06    65         s
    25      1  1.0E+00     37  1.5E-06  5.5E-01 -1.2104723E+06    65
    26      2  1.0E+00     38  1.2E-03  4.2E-01 -1.2105850E+06    64
    27      1  1.0E+00     39  2.1E-06  3.1E-01 -1.2108484E+06    64
    28      1  1.0E+00     40  3.9E-06  4.3E-01 -1.2110610E+06    64
    29      1  1.0E+00     41  5.7E-06  7.7E-01 -1.2111586E+06    64

 Major Minors     Step   nCon Feasible  Optimal  MeritFunction    nS Penalty
    30      1  1.0E+00     42 (5.0E-07) 3.1E-01 -1.2113519E+06    64
    31      1  1.0E+00     43  4.2E-06  3.4E-01 -1.2115483E+06    64
    32      2  2.9E-01     45  3.4E-06  3.4E-01 -1.2116248E+06    65
    33      1  1.0E+00     46 (5.9E-07) 2.9E-01 -1.2117003E+06    65
    34      1  1.0E+00     47 (5.7E-07) 3.2E-01 -1.2117441E+06    65           R
    35      1  4.2E-01     49 (3.3E-07) 1.4E-01 -1.2117677E+06    65         s
    36      1  1.0E+00     50 (8.2E-09) 8.5E-02 -1.2117776E+06    65
    37      1  1.0E+00     51 (2.7E-08) 8.1E-02 -1.2117861E+06    65
    38      1  1.0E+00     52 (2.1E-08) 9.0E-02 -1.2117917E+06    65
    39      1  1.0E+00     53 (9.5E-08) 7.1E-02 -1.2117996E+06    65

 Major Minors     Step   nCon Feasible  Optimal  MeritFunction    nS Penalty
    40      1  1.0E+00     54 (6.3E-08) 7.9E-02 -1.2118061E+06    65
    41      1  1.0E+00     55 (1.1E-07) 7.8E-02 -1.2118133E+06    65
    42      1  1.0E+00     56 (6.2E-08) 9.6E-02 -1.2118187E+06    65
    43      1  1.0E+00     57 (7.3E-08) 7.7E-02 -1.2118242E+06    65
    44      1  1.0E+00     58 (4.7E-08) 5.9E-02 -1.2118285E+06    65
    45      2  1.0E+00     59 (5.1E-08) 6.4E-02 -1.2118325E+06    66           R
    46      1  1.0E+00     60 (2.8E-09) 4.2E-02 -1.2118342E+06    66         s
    47      1  1.0E+00     61 (2.1E-07) 8.0E-02 -1.2118366E+06    66
    48      1  1.0E+00     62 (5.1E-08) 9.1E-02 -1.2118378E+06    66
    49      1  1.0E+00     63 (1.1E-08) 7.7E-02 -1.2118393E+06    66

 Major Minors     Step   nCon Feasible  Optimal  MeritFunction    nS Penalty
    50      1  1.0E+00     64 (4.1E-09) 5.0E-02 -1.2118402E+06    66
    51      1  1.0E+00     65 (1.6E-08) 5.5E-02 -1.2118410E+06    66
    52      1  1.0E+00     66 (6.0E-08) 4.2E-02 -1.2118413E+06    66
    53      1  1.0E+00     67 (6.0E-09) 2.8E-02 -1.2118422E+06    66
    54      1  1.0E+00     68 (8.0E-09) 4.3E-02 -1.2118425E+06    66
    55      1  1.0E+00     69 (6.4E-09) 2.0E-02 -1.2118430E+06    66
    56      1  1.0E+00     70 (8.8E-09) 1.3E-02 -1.2118435E+06    66           R
    57      1  1.0E+00     71 (7.6E-10) 1.8E-02 -1.2118435E+06    66         s
    58      1  1.0E+00     72 (1.1E-10) 7.8E-03 -1.2118436E+06    66
    59      1  1.0E+00     73 (8.1E-11) 1.1E-02 -1.2118437E+06    66

 Major Minors     Step   nCon Feasible  Optimal  MeritFunction    nS Penalty
    60      1  1.0E+00     74 (6.9E-10) 1.4E-02 -1.2118438E+06    66
    61      1  1.0E+00     75 (5.3E-10) 5.9E-03 -1.2118438E+06    66
    62      1  1.0E+00     76 (1.4E-10) 6.3E-03 -1.2118439E+06    66
    63      1  1.0E+00     77 (4.6E-11) 5.3E-03 -1.2118439E+06    66
    64      1  1.0E+00     78 (2.7E-10) 6.7E-03 -1.2118439E+06    66
    65      1  1.0E+00     79 (2.2E-10) 4.7E-03 -1.2118440E+06    66
    66      1  1.0E+00     80 (5.3E-10) 4.6E-03 -1.2118440E+06    66
    67      1  1.0E+00     81 (3.9E-10) 4.8E-03 -1.2118440E+06    66           R
    68      1  1.0E+00     82 (4.7E-11) 3.7E-03 -1.2118440E+06    66         s
    69      1  1.0E+00     83 (3.0E-10) 4.3E-03 -1.2118440E+06    66

 Major Minors     Step   nCon Feasible  Optimal  MeritFunction    nS Penalty
    70      1  1.0E+00     84 (5.4E-11) 2.1E-03 -1.2118440E+06    66
    71      1  1.0E+00     85 (3.8E-11) 1.5E-03 -1.2118440E+06    66
    72      1  1.0E+00     86 (1.0E-10) 1.1E-03 -1.2118440E+06    66
    73      1  1.0E+00     87 (9.0E-11) 3.0E-03 -1.2118440E+06    66
    74      1  1.0E+00     88 (4.1E-11) 1.4E-03 -1.2118440E+06    66
    75      1  1.0E+00     89 (2.2E-11) 1.1E-03 -1.2118440E+06    66
    76      1  1.0E+00     90 (2.2E-11) 2.9E-03 -1.2118440E+06    66
    77      1  1.0E+00     91 (3.7E-11) 8.1E-04 -1.2118440E+06    66
    78      1  1.0E+00     92 (1.6E-11) 6.2E-04 -1.2118440E+06    66           R
    79      1  1.0E+00     93 (4.9E-13) 4.7E-04 -1.2118440E+06    66         s

 Major Minors     Step   nCon Feasible  Optimal  MeritFunction    nS Penalty
    80      1  1.0E+00     94 (3.6E-12) 4.9E-04 -1.2118440E+06    66
    81      1  1.0E+00     95 (3.1E-13) 5.5E-04 -1.2118440E+06    66
    82      1  1.0E+00     96 (1.4E-12) 2.5E-04 -1.2118440E+06    66
    83      1  1.0E+00     97 (1.4E-12) 5.7E-04 -1.2118440E+06    66
    84      1  1.0E+00     98 (8.6E-13) 2.5E-04 -1.2118440E+06    66
    85      1  1.0E+00     99 (1.1E-12) 1.9E-04 -1.2118440E+06    66
    86      1  1.0E+00    100 (2.7E-13) 2.1E-04 -1.2118440E+06    66
    87      1  1.0E+00    101 (5.5E-13) 1.7E-04 -1.2118440E+06    66
    88      1  1.0E+00    102 (9.6E-13) 1.2E-04 -1.2118440E+06    66
    89      1  1.0E+00    103 (1.3E-12) 2.9E-04 -1.2118440E+06    66           R

 Major Minors     Step   nCon Feasible  Optimal  MeritFunction    nS Penalty
    90      1  1.0E+00    104 (3.4E-14) 2.9E-04 -1.2118440E+06    66         s
    91      1  1.0E+00    105 (9.7E-15) 1.3E-04 -1.2118440E+06    66
    92      1  1.0E+00    106 (2.3E-14)(5.6E-05)-1.2118440E+06    66
 
 SNOPTC EXIT   0 -- finished successfully
 SNOPTC INFO   1 -- optimality conditions satisfied

 Problem name                 Optimiza
 No. of iterations                 184   Objective value     -1.2118440437E+06
 No. of major iterations            92   Linear objective     0.0000000000E+00
 Penalty parameter           0.000E+00   Nonlinear objective -1.2118440437E+06
 No. of calls to funobj            107   No. of calls to funcon            107
 No. of superbasics                 66   No. of basic nonlinears            10
 No. of degenerate steps             0   Percentage                       0.00
 Max x                      20 3.9E+04   Max pi                    729 8.7E-01
 Max Primal infeas           0 0.0E+00   Max Dual infeas            26 1.1E-04
 Nonlinear constraint violn    4.0E-09
 
 

 Solution printed on file  18
 
 Time for MPS input                             0.00 seconds
 Time for solving problem                     171.37 seconds
 Time for solution output                       0.01 seconds
 Time for constraint functions                172.54 seconds
 Time for objective function                    0.00 seconds
