
         ==============================
         S N O P T  7.2-12.3 (Aug 2014)
         ==============================
      Major optimality tolerance  1.00000000E-04
      Verify level               0
      Print file 18
      Summary file 19
      Derivative level               3
1
 
 SNMEMB EXIT 100 -- finished successfully
 SNMEMB INFO 104 -- memory requirements estimated

         ==============================
         S N O P T  7.2-12.3 (Aug 2014)
         ==============================
      Major optimality tolerance  1.00000000E-04
      Verify level               0
      Print file 18
      Summary file 19
      Derivative level               3
1
 
 Parameters
 ==========

 Files
 -----
 Solution file..........         0       Old basis file ........         0       Standard input.........         5
 Insert file............         0       New basis file ........         0       (Printer)..............        18
 Punch file.............         0       Backup basis file......         0       (Specs file)...........         0
 Load file..............         0       Dump file..............         0       Standard output........         6

 Frequencies
 -----------
 Print frequency........       100       Check frequency........        60       Save new basis map.....       100
 Summary frequency......       100       Factorization frequency        50       Expand frequency.......     10000

 QP subproblems
 --------------
 QPsolver Cholesky......
 Scale tolerance........     0.900       Minor feasibility tol..  1.00E-06       Iteration limit........     10000
 Scale option...........         0       Minor optimality  tol..  1.00E-06       Minor print level......         1
 Crash tolerance........     0.100       Pivot tolerance........  3.25E-11       Partial price..........         1
 Crash option...........         3       Elastic weight.........  1.00E+04       Prtl price section ( A)        76
                                         New superbasics........        99       Prtl price section (-I)       741

 The SQP Method
 --------------
 Minimize...............                 Cold start.............                 Proximal Point method..         1
 Nonlinear objectiv vars        76       Major optimality tol...  1.00E-04       Function precision.....  3.00E-13
 Unbounded step size....  1.00E+20       Superbasics limit......        76       Difference interval....  5.48E-07
 Unbounded objective....  1.00E+15       Reduced Hessian dim....        76       Central difference int.  6.70E-05
 Major step limit.......  2.00E+00       Derivative linesearch..                 Derivative level.......         3
 Major iterations limit.      2223       Linesearch tolerance...   0.90000       Verify level...........         0
 Minor iterations limit.       500       Penalty parameter......  0.00E+00       Major Print Level......         1

 Hessian Approximation
 ---------------------
 Limited-Memory Hessian.                 Hessian updates........        10       Hessian frequency......  99999999
                                                                                 Hessian flush..........  99999999

 Nonlinear constraints
 ---------------------
 Nonlinear constraints..       741       Major feasibility tol..  1.00E-06       Violation limit........  1.00E+06
 Nonlinear Jacobian vars        76

 Miscellaneous
 -------------
 LU factor tolerance....      3.99       LU singularity tol.....  3.25E-11       Timing level...........         3
 LU update tolerance....      3.99       LU swap tolerance......  1.22E-04       Debug level............         0
 LU partial  pivoting...                 eps (machine precision)  2.22E-16       System information.....        No
                                                                                 Sticky parameters......        No
1
 

 

 Matrix statistics
 -----------------
               Total      Normal        Free       Fixed     Bounded
 Rows            741         741           0           0           0
 Columns          76           0           0           0          76

 No. of matrix elements                56316     Density     100.000
 Biggest  constant element        0.0000E+00  (excluding fixed columns,
 Smallest constant element        0.0000E+00   free rows, and RHS)

 No. of objective coefficients             0

 Nonlinear constraints     741     Linear constraints       0
 Nonlinear variables        76     Linear variables         0
 Jacobian  variables        76     Objective variables     76
 Total constraints         741     Total variables         76
1
 

 
 The user has defined   56316   out of   56316   constraint gradients.
 The user has defined      76   out of      76   objective  gradients.

 Cheap test of user-supplied problem derivatives...

 XXX  The constraint gradients seem to be incorrect.

 -->  The largest discrepancy was    2.22E-01  in constraint   668
 

 The objective  gradients seem to be OK.

 Gradient projected in one direction   4.21432006664E-02
 Difference approximation              4.21566025415E-02
1
 
 

   Itns Major Minors    Step   nCon Feasible  Optimal  MeritFunction     L+U BSwap     nS  condHz Penalty
     64     0     64              1 (5.3E-17) 1.9E+00 -1.1301143E+06    1132           64 2.5E+02         _  r
     65     1      1 1.8E-01      2 (3.0E-11) 1.9E+00 -1.1301350E+06    1140           64 2.5E+02         _n rl
     70     2      5 1.7E-01      3 (5.4E-11) 1.9E+00 -1.1301558E+06    1140           68 2.6E+02         _s  l
     75     3      5 4.4E-01      5  6.8E-04  3.3E+00 -1.1523108E+06     968    16     66 6.5E+01         _
     77     4      2 3.1E-01      7  5.3E-04  2.7E+00 -1.1626908E+06     989           65 6.4E+01         _
     81     5      4 2.8E-01      9  3.9E-04  2.1E+00 -1.1730334E+06     966     3     68 6.4E+01         _
     84     6      3 3.3E-01     11  2.9E-04  3.8E+00 -1.1794044E+06     966           70 6.3E+01         _
     85     7      1 2.9E-01     13  2.7E-04  1.4E+00 -1.1850100E+06     965           70 6.2E+01         _
     86     8      1 4.3E-01     15  1.5E-04  1.7E+00 -1.1895053E+06     863     7     70 2.8E+00         _
     88     9      2 3.1E-01     17  1.1E-04  1.7E+00 -1.1928558E+06     883           69 3.4E+00         _
     90    10      2 3.4E-01     19  9.8E-05  2.1E+00 -1.1969015E+06     882           70 4.5E+01         _
     93    11      3 3.4E-01     21  9.3E-05  1.5E+00 -1.1997715E+06     902           68 2.3E+01         _
     97    12      4 1.0E+00     22  3.5E-03  2.1E+00 -1.2021410E+06     960           65 2.5E+01         _  R
     99    13      2 3.0E-01     24  2.4E-03  1.2E+00 -1.2055901E+06     981           64 2.4E+01         _s
    100    14      1 1.0E+00     25  8.3E-06  1.1E+00 -1.2068365E+06     982           64 2.4E+01         _
    101    15      1 1.0E+00     26  4.2E-06  5.2E-01 -1.2076305E+06     982           64 2.9E+01         _
    102    16      1 1.0E+00     27  2.2E-06  6.3E-01 -1.2080730E+06     981           64 3.7E+01         _
    104    17      2 1.0E+00     28  4.1E-06  7.3E-01 -1.2084220E+06     999     5     63 9.4E+00         _
    106    18      2 1.5E-01     30  6.1E-06  8.9E-01 -1.2088341E+06     999           64 1.0E+01         _
    107    19      1 1.0E+00     31  5.8E-06  7.3E-01 -1.2091045E+06     998           64 8.9E+00         _

   Itns Major Minors    Step   nCon Feasible  Optimal  MeritFunction     L+U BSwap     nS  condHz Penalty
    108    20      1 1.0E+00     32  1.4E-06  5.3E-01 -1.2094908E+06     998           64 8.7E+00         _
    109    21      1 1.0E+00     33  1.9E-06  5.9E-01 -1.2098101E+06     998           64 9.3E+00         _
