# This file contains information about inputs as read by the program

 Population size = 100
 Number of generations = 1000
 Number of objective functions = 1
 Number of constraints = 0
 Number of variables = 456
 Number of real variables = 456
 Lower limit of real variable 1 = -3.000000e+01
 Upper limit of real variable 1 = 3.000000e+01
 Lower limit of real variable 2 = -3.000000e+01
 Upper limit of real variable 2 = 3.000000e+01
 Lower limit of real variable 3 = -3.000000e+01
 Upper limit of real variable 3 = 3.000000e+01
 Lower limit of real variable 4 = -3.000000e+01
 Upper limit of real variable 4 = 3.000000e+01
 Lower limit of real variable 5 = -3.000000e+01
 Upper limit of real variable 5 = 3.000000e+01
 Lower limit of real variable 6 = -3.000000e+01
 Upper limit of real variable 6 = 3.000000e+01
 Lower limit of real variable 7 = -3.000000e+01
 Upper limit of real variable 7 = 3.000000e+01
 Lower limit of real variable 8 = -3.000000e+01
 Upper limit of real variable 8 = 3.000000e+01
 Lower limit of real variable 9 = -3.000000e+01
 Upper limit of real variable 9 = 3.000000e+01
 Lower limit of real variable 10 = -3.000000e+01
 Upper limit of real variable 10 = 3.000000e+01
 Lower limit of real variable 11 = -3.000000e+01
 Upper limit of real variable 11 = 3.000000e+01
 Lower limit of real variable 12 = -3.000000e+01
 Upper limit of real variable 12 = 3.000000e+01
 Lower limit of real variable 13 = -3.000000e+01
 Upper limit of real variable 13 = 3.000000e+01
 Lower limit of real variable 14 = -3.000000e+01
 Upper limit of real variable 14 = 3.000000e+01
 Lower limit of real variable 15 = -3.000000e+01
 Upper limit of real variable 15 = 3.000000e+01
 Lower limit of real variable 16 = -3.000000e+01
 Upper limit of real variable 16 = 3.000000e+01
 Lower limit of real variable 17 = -3.000000e+01
 Upper limit of real variable 17 = 3.000000e+01
 Lower limit of real variable 18 = -3.000000e+01
 Upper limit of real variable 18 = 3.000000e+01
 Lower limit of real variable 19 = -3.000000e+01
 Upper limit of real variable 19 = 3.000000e+01
 Lower limit of real variable 20 = -3.000000e+01
 Upper limit of real variable 20 = 3.000000e+01
 Lower limit of real variable 21 = -3.000000e+01
 Upper limit of real variable 21 = 3.000000e+01
 Lower limit of real variable 22 = -3.000000e+01
 Upper limit of real variable 22 = 3.000000e+01
 Lower limit of real variable 23 = -3.000000e+01
 Upper limit of real variable 23 = 3.000000e+01
 Lower limit of real variable 24 = -3.000000e+01
 Upper limit of real variable 24 = 3.000000e+01
 Lower limit of real variable 25 = -3.000000e+01
 Upper limit of real variable 25 = 3.000000e+01
 Lower limit of real variable 26 = -3.000000e+01
 Upper limit of real variable 26 = 3.000000e+01
 Lower limit of real variable 27 = -3.000000e+01
 Upper limit of real variable 27 = 3.000000e+01
 Lower limit of real variable 28 = -3.000000e+01
 Upper limit of real variable 28 = 3.000000e+01
 Lower limit of real variable 29 = -3.000000e+01
 Upper limit of real variable 29 = 3.000000e+01
 Lower limit of real variable 30 = -3.000000e+01
 Upper limit of real variable 30 = 3.000000e+01
 Lower limit of real variable 31 = -3.000000e+01
 Upper limit of real variable 31 = 3.000000e+01
 Lower limit of real variable 32 = -3.000000e+01
 Upper limit of real variable 32 = 3.000000e+01
 Lower limit of real variable 33 = -3.000000e+01
 Upper limit of real variable 33 = 3.000000e+01
 Lower limit of real variable 34 = -3.000000e+01
 Upper limit of real variable 34 = 3.000000e+01
 Lower limit of real variable 35 = -3.000000e+01
 Upper limit of real variable 35 = 3.000000e+01
 Lower limit of real variable 36 = -3.000000e+01
 Upper limit of real variable 36 = 3.000000e+01
 Lower limit of real variable 37 = -3.000000e+01
 Upper limit of real variable 37 = 3.000000e+01
 Lower limit of real variable 38 = -3.000000e+01
 Upper limit of real variable 38 = 3.000000e+01
 Lower limit of real variable 39 = -3.000000e+01
 Upper limit of real variable 39 = 3.000000e+01
 Lower limit of real variable 40 = -3.000000e+01
 Upper limit of real variable 40 = 3.000000e+01
 Lower limit of real variable 41 = -3.000000e+01
 Upper limit of real variable 41 = 3.000000e+01
 Lower limit of real variable 42 = -3.000000e+01
 Upper limit of real variable 42 = 3.000000e+01
 Lower limit of real variable 43 = -3.000000e+01
 Upper limit of real variable 43 = 3.000000e+01
 Lower limit of real variable 44 = -3.000000e+01
 Upper limit of real variable 44 = 3.000000e+01
 Lower limit of real variable 45 = -3.000000e+01
 Upper limit of real variable 45 = 3.000000e+01
 Lower limit of real variable 46 = -3.000000e+01
 Upper limit of real variable 46 = 3.000000e+01
 Lower limit of real variable 47 = -3.000000e+01
 Upper limit of real variable 47 = 3.000000e+01
 Lower limit of real variable 48 = -3.000000e+01
 Upper limit of real variable 48 = 3.000000e+01
 Lower limit of real variable 49 = -3.000000e+01
 Upper limit of real variable 49 = 3.000000e+01
 Lower limit of real variable 50 = -3.000000e+01
 Upper limit of real variable 50 = 3.000000e+01
 Lower limit of real variable 51 = -3.000000e+01
 Upper limit of real variable 51 = 3.000000e+01
 Lower limit of real variable 52 = -3.000000e+01
 Upper limit of real variable 52 = 3.000000e+01
 Lower limit of real variable 53 = -3.000000e+01
 Upper limit of real variable 53 = 3.000000e+01
 Lower limit of real variable 54 = -3.000000e+01
 Upper limit of real variable 54 = 3.000000e+01
 Lower limit of real variable 55 = -3.000000e+01
 Upper limit of real variable 55 = 3.000000e+01
 Lower limit of real variable 56 = -3.000000e+01
 Upper limit of real variable 56 = 3.000000e+01
 Lower limit of real variable 57 = -3.000000e+01
 Upper limit of real variable 57 = 3.000000e+01
 Lower limit of real variable 58 = -3.000000e+01
 Upper limit of real variable 58 = 3.000000e+01
 Lower limit of real variable 59 = -3.000000e+01
 Upper limit of real variable 59 = 3.000000e+01
 Lower limit of real variable 60 = -3.000000e+01
 Upper limit of real variable 60 = 3.000000e+01
 Lower limit of real variable 61 = -3.000000e+01
 Upper limit of real variable 61 = 3.000000e+01
 Lower limit of real variable 62 = -3.000000e+01
 Upper limit of real variable 62 = 3.000000e+01
 Lower limit of real variable 63 = -3.000000e+01
 Upper limit of real variable 63 = 3.000000e+01
 Lower limit of real variable 64 = -3.000000e+01
 Upper limit of real variable 64 = 3.000000e+01
 Lower limit of real variable 65 = -3.000000e+01
 Upper limit of real variable 65 = 3.000000e+01
 Lower limit of real variable 66 = -3.000000e+01
 Upper limit of real variable 66 = 3.000000e+01
 Lower limit of real variable 67 = -3.000000e+01
 Upper limit of real variable 67 = 3.000000e+01
 Lower limit of real variable 68 = -3.000000e+01
 Upper limit of real variable 68 = 3.000000e+01
 Lower limit of real variable 69 = -3.000000e+01
 Upper limit of real variable 69 = 3.000000e+01
 Lower limit of real variable 70 = -3.000000e+01
 Upper limit of real variable 70 = 3.000000e+01
 Lower limit of real variable 71 = -3.000000e+01
 Upper limit of real variable 71 = 3.000000e+01
 Lower limit of real variable 72 = -3.000000e+01
 Upper limit of real variable 72 = 3.000000e+01
 Lower limit of real variable 73 = -3.000000e+01
 Upper limit of real variable 73 = 3.000000e+01
 Lower limit of real variable 74 = -3.000000e+01
 Upper limit of real variable 74 = 3.000000e+01
 Lower limit of real variable 75 = -3.000000e+01
 Upper limit of real variable 75 = 3.000000e+01
 Lower limit of real variable 76 = -3.000000e+01
 Upper limit of real variable 76 = 3.000000e+01
 Lower limit of real variable 77 = -3.000000e+01
 Upper limit of real variable 77 = 3.000000e+01
 Lower limit of real variable 78 = -3.000000e+01
 Upper limit of real variable 78 = 3.000000e+01
 Lower limit of real variable 79 = -3.000000e+01
 Upper limit of real variable 79 = 3.000000e+01
 Lower limit of real variable 80 = -3.000000e+01
 Upper limit of real variable 80 = 3.000000e+01
 Lower limit of real variable 81 = -3.000000e+01
 Upper limit of real variable 81 = 3.000000e+01
 Lower limit of real variable 82 = -3.000000e+01
 Upper limit of real variable 82 = 3.000000e+01
 Lower limit of real variable 83 = -3.000000e+01
 Upper limit of real variable 83 = 3.000000e+01
 Lower limit of real variable 84 = -3.000000e+01
 Upper limit of real variable 84 = 3.000000e+01
 Lower limit of real variable 85 = -3.000000e+01
 Upper limit of real variable 85 = 3.000000e+01
 Lower limit of real variable 86 = -3.000000e+01
 Upper limit of real variable 86 = 3.000000e+01
 Lower limit of real variable 87 = -3.000000e+01
 Upper limit of real variable 87 = 3.000000e+01
 Lower limit of real variable 88 = -3.000000e+01
 Upper limit of real variable 88 = 3.000000e+01
 Lower limit of real variable 89 = -3.000000e+01
 Upper limit of real variable 89 = 3.000000e+01
 Lower limit of real variable 90 = -3.000000e+01
 Upper limit of real variable 90 = 3.000000e+01
 Lower limit of real variable 91 = -3.000000e+01
 Upper limit of real variable 91 = 3.000000e+01
 Lower limit of real variable 92 = -3.000000e+01
 Upper limit of real variable 92 = 3.000000e+01
 Lower limit of real variable 93 = -3.000000e+01
 Upper limit of real variable 93 = 3.000000e+01
 Lower limit of real variable 94 = -3.000000e+01
 Upper limit of real variable 94 = 3.000000e+01
 Lower limit of real variable 95 = -3.000000e+01
 Upper limit of real variable 95 = 3.000000e+01
 Lower limit of real variable 96 = -3.000000e+01
 Upper limit of real variable 96 = 3.000000e+01
 Lower limit of real variable 97 = -3.000000e+01
 Upper limit of real variable 97 = 3.000000e+01
 Lower limit of real variable 98 = -3.000000e+01
 Upper limit of real variable 98 = 3.000000e+01
 Lower limit of real variable 99 = -3.000000e+01
 Upper limit of real variable 99 = 3.000000e+01
 Lower limit of real variable 100 = -3.000000e+01
 Upper limit of real variable 100 = 3.000000e+01
 Lower limit of real variable 101 = -3.000000e+01
 Upper limit of real variable 101 = 3.000000e+01
 Lower limit of real variable 102 = -3.000000e+01
 Upper limit of real variable 102 = 3.000000e+01
 Lower limit of real variable 103 = -3.000000e+01
 Upper limit of real variable 103 = 3.000000e+01
 Lower limit of real variable 104 = -3.000000e+01
 Upper limit of real variable 104 = 3.000000e+01
 Lower limit of real variable 105 = -3.000000e+01
 Upper limit of real variable 105 = 3.000000e+01
 Lower limit of real variable 106 = -3.000000e+01
 Upper limit of real variable 106 = 3.000000e+01
 Lower limit of real variable 107 = -3.000000e+01
 Upper limit of real variable 107 = 3.000000e+01
 Lower limit of real variable 108 = -3.000000e+01
 Upper limit of real variable 108 = 3.000000e+01
 Lower limit of real variable 109 = -3.000000e+01
 Upper limit of real variable 109 = 3.000000e+01
 Lower limit of real variable 110 = -3.000000e+01
 Upper limit of real variable 110 = 3.000000e+01
 Lower limit of real variable 111 = -3.000000e+01
 Upper limit of real variable 111 = 3.000000e+01
 Lower limit of real variable 112 = -3.000000e+01
 Upper limit of real variable 112 = 3.000000e+01
 Lower limit of real variable 113 = -3.000000e+01
 Upper limit of real variable 113 = 3.000000e+01
 Lower limit of real variable 114 = -3.000000e+01
 Upper limit of real variable 114 = 3.000000e+01
 Lower limit of real variable 115 = -3.000000e+01
 Upper limit of real variable 115 = 3.000000e+01
 Lower limit of real variable 116 = -3.000000e+01
 Upper limit of real variable 116 = 3.000000e+01
 Lower limit of real variable 117 = -3.000000e+01
 Upper limit of real variable 117 = 3.000000e+01
 Lower limit of real variable 118 = -3.000000e+01
 Upper limit of real variable 118 = 3.000000e+01
 Lower limit of real variable 119 = -3.000000e+01
 Upper limit of real variable 119 = 3.000000e+01
 Lower limit of real variable 120 = -3.000000e+01
 Upper limit of real variable 120 = 3.000000e+01
 Lower limit of real variable 121 = -3.000000e+01
 Upper limit of real variable 121 = 3.000000e+01
 Lower limit of real variable 122 = -3.000000e+01
 Upper limit of real variable 122 = 3.000000e+01
 Lower limit of real variable 123 = -3.000000e+01
 Upper limit of real variable 123 = 3.000000e+01
 Lower limit of real variable 124 = -3.000000e+01
 Upper limit of real variable 124 = 3.000000e+01
 Lower limit of real variable 125 = -3.000000e+01
 Upper limit of real variable 125 = 3.000000e+01
 Lower limit of real variable 126 = -3.000000e+01
 Upper limit of real variable 126 = 3.000000e+01
 Lower limit of real variable 127 = -3.000000e+01
 Upper limit of real variable 127 = 3.000000e+01
 Lower limit of real variable 128 = -3.000000e+01
 Upper limit of real variable 128 = 3.000000e+01
 Lower limit of real variable 129 = -3.000000e+01
 Upper limit of real variable 129 = 3.000000e+01
 Lower limit of real variable 130 = -3.000000e+01
 Upper limit of real variable 130 = 3.000000e+01
 Lower limit of real variable 131 = -3.000000e+01
 Upper limit of real variable 131 = 3.000000e+01
 Lower limit of real variable 132 = -3.000000e+01
 Upper limit of real variable 132 = 3.000000e+01
 Lower limit of real variable 133 = -3.000000e+01
 Upper limit of real variable 133 = 3.000000e+01
 Lower limit of real variable 134 = -3.000000e+01
 Upper limit of real variable 134 = 3.000000e+01
 Lower limit of real variable 135 = -3.000000e+01
 Upper limit of real variable 135 = 3.000000e+01
 Lower limit of real variable 136 = -3.000000e+01
 Upper limit of real variable 136 = 3.000000e+01
 Lower limit of real variable 137 = -3.000000e+01
 Upper limit of real variable 137 = 3.000000e+01
 Lower limit of real variable 138 = -3.000000e+01
 Upper limit of real variable 138 = 3.000000e+01
 Lower limit of real variable 139 = -3.000000e+01
 Upper limit of real variable 139 = 3.000000e+01
 Lower limit of real variable 140 = -3.000000e+01
 Upper limit of real variable 140 = 3.000000e+01
 Lower limit of real variable 141 = -3.000000e+01
 Upper limit of real variable 141 = 3.000000e+01
 Lower limit of real variable 142 = -3.000000e+01
 Upper limit of real variable 142 = 3.000000e+01
 Lower limit of real variable 143 = -3.000000e+01
 Upper limit of real variable 143 = 3.000000e+01
 Lower limit of real variable 144 = -3.000000e+01
 Upper limit of real variable 144 = 3.000000e+01
 Lower limit of real variable 145 = -3.000000e+01
 Upper limit of real variable 145 = 3.000000e+01
 Lower limit of real variable 146 = -3.000000e+01
 Upper limit of real variable 146 = 3.000000e+01
 Lower limit of real variable 147 = -3.000000e+01
 Upper limit of real variable 147 = 3.000000e+01
 Lower limit of real variable 148 = -3.000000e+01
 Upper limit of real variable 148 = 3.000000e+01
 Lower limit of real variable 149 = -3.000000e+01
 Upper limit of real variable 149 = 3.000000e+01
 Lower limit of real variable 150 = -3.000000e+01
 Upper limit of real variable 150 = 3.000000e+01
 Lower limit of real variable 151 = -3.000000e+01
 Upper limit of real variable 151 = 3.000000e+01
 Lower limit of real variable 152 = -3.000000e+01
 Upper limit of real variable 152 = 3.000000e+01
 Lower limit of real variable 153 = -3.000000e+01
 Upper limit of real variable 153 = 3.000000e+01
 Lower limit of real variable 154 = -3.000000e+01
 Upper limit of real variable 154 = 3.000000e+01
 Lower limit of real variable 155 = -3.000000e+01
 Upper limit of real variable 155 = 3.000000e+01
 Lower limit of real variable 156 = -3.000000e+01
 Upper limit of real variable 156 = 3.000000e+01
 Lower limit of real variable 157 = -3.000000e+01
 Upper limit of real variable 157 = 3.000000e+01
 Lower limit of real variable 158 = -3.000000e+01
 Upper limit of real variable 158 = 3.000000e+01
 Lower limit of real variable 159 = -3.000000e+01
 Upper limit of real variable 159 = 3.000000e+01
 Lower limit of real variable 160 = -3.000000e+01
 Upper limit of real variable 160 = 3.000000e+01
 Lower limit of real variable 161 = -3.000000e+01
 Upper limit of real variable 161 = 3.000000e+01
 Lower limit of real variable 162 = -3.000000e+01
 Upper limit of real variable 162 = 3.000000e+01
 Lower limit of real variable 163 = -3.000000e+01
 Upper limit of real variable 163 = 3.000000e+01
 Lower limit of real variable 164 = -3.000000e+01
 Upper limit of real variable 164 = 3.000000e+01
 Lower limit of real variable 165 = -3.000000e+01
 Upper limit of real variable 165 = 3.000000e+01
 Lower limit of real variable 166 = -3.000000e+01
 Upper limit of real variable 166 = 3.000000e+01
 Lower limit of real variable 167 = -3.000000e+01
 Upper limit of real variable 167 = 3.000000e+01
 Lower limit of real variable 168 = -3.000000e+01
 Upper limit of real variable 168 = 3.000000e+01
 Lower limit of real variable 169 = -3.000000e+01
 Upper limit of real variable 169 = 3.000000e+01
 Lower limit of real variable 170 = -3.000000e+01
 Upper limit of real variable 170 = 3.000000e+01
 Lower limit of real variable 171 = -3.000000e+01
 Upper limit of real variable 171 = 3.000000e+01
 Lower limit of real variable 172 = -3.000000e+01
 Upper limit of real variable 172 = 3.000000e+01
 Lower limit of real variable 173 = -3.000000e+01
 Upper limit of real variable 173 = 3.000000e+01
 Lower limit of real variable 174 = -3.000000e+01
 Upper limit of real variable 174 = 3.000000e+01
 Lower limit of real variable 175 = -3.000000e+01
 Upper limit of real variable 175 = 3.000000e+01
 Lower limit of real variable 176 = -3.000000e+01
 Upper limit of real variable 176 = 3.000000e+01
 Lower limit of real variable 177 = -3.000000e+01
 Upper limit of real variable 177 = 3.000000e+01
 Lower limit of real variable 178 = -3.000000e+01
 Upper limit of real variable 178 = 3.000000e+01
 Lower limit of real variable 179 = -3.000000e+01
 Upper limit of real variable 179 = 3.000000e+01
 Lower limit of real variable 180 = -3.000000e+01
 Upper limit of real variable 180 = 3.000000e+01
 Lower limit of real variable 181 = -3.000000e+01
 Upper limit of real variable 181 = 3.000000e+01
 Lower limit of real variable 182 = -3.000000e+01
 Upper limit of real variable 182 = 3.000000e+01
 Lower limit of real variable 183 = -3.000000e+01
 Upper limit of real variable 183 = 3.000000e+01
 Lower limit of real variable 184 = -3.000000e+01
 Upper limit of real variable 184 = 3.000000e+01
 Lower limit of real variable 185 = -3.000000e+01
 Upper limit of real variable 185 = 3.000000e+01
 Lower limit of real variable 186 = -3.000000e+01
 Upper limit of real variable 186 = 3.000000e+01
 Lower limit of real variable 187 = -3.000000e+01
 Upper limit of real variable 187 = 3.000000e+01
 Lower limit of real variable 188 = -3.000000e+01
 Upper limit of real variable 188 = 3.000000e+01
 Lower limit of real variable 189 = -3.000000e+01
 Upper limit of real variable 189 = 3.000000e+01
 Lower limit of real variable 190 = -3.000000e+01
 Upper limit of real variable 190 = 3.000000e+01
 Lower limit of real variable 191 = -3.000000e+01
 Upper limit of real variable 191 = 3.000000e+01
 Lower limit of real variable 192 = -3.000000e+01
 Upper limit of real variable 192 = 3.000000e+01
 Lower limit of real variable 193 = -3.000000e+01
 Upper limit of real variable 193 = 3.000000e+01
 Lower limit of real variable 194 = -3.000000e+01
 Upper limit of real variable 194 = 3.000000e+01
 Lower limit of real variable 195 = -3.000000e+01
 Upper limit of real variable 195 = 3.000000e+01
 Lower limit of real variable 196 = -3.000000e+01
 Upper limit of real variable 196 = 3.000000e+01
 Lower limit of real variable 197 = -3.000000e+01
 Upper limit of real variable 197 = 3.000000e+01
 Lower limit of real variable 198 = -3.000000e+01
 Upper limit of real variable 198 = 3.000000e+01
 Lower limit of real variable 199 = -3.000000e+01
 Upper limit of real variable 199 = 3.000000e+01
 Lower limit of real variable 200 = -3.000000e+01
 Upper limit of real variable 200 = 3.000000e+01
 Lower limit of real variable 201 = -3.000000e+01
 Upper limit of real variable 201 = 3.000000e+01
 Lower limit of real variable 202 = -3.000000e+01
 Upper limit of real variable 202 = 3.000000e+01
 Lower limit of real variable 203 = -3.000000e+01
 Upper limit of real variable 203 = 3.000000e+01
 Lower limit of real variable 204 = -3.000000e+01
 Upper limit of real variable 204 = 3.000000e+01
 Lower limit of real variable 205 = -3.000000e+01
 Upper limit of real variable 205 = 3.000000e+01
 Lower limit of real variable 206 = -3.000000e+01
 Upper limit of real variable 206 = 3.000000e+01
 Lower limit of real variable 207 = -3.000000e+01
 Upper limit of real variable 207 = 3.000000e+01
 Lower limit of real variable 208 = -3.000000e+01
 Upper limit of real variable 208 = 3.000000e+01
 Lower limit of real variable 209 = -3.000000e+01
 Upper limit of real variable 209 = 3.000000e+01
 Lower limit of real variable 210 = -3.000000e+01
 Upper limit of real variable 210 = 3.000000e+01
 Lower limit of real variable 211 = -3.000000e+01
 Upper limit of real variable 211 = 3.000000e+01
 Lower limit of real variable 212 = -3.000000e+01
 Upper limit of real variable 212 = 3.000000e+01
 Lower limit of real variable 213 = -3.000000e+01
 Upper limit of real variable 213 = 3.000000e+01
 Lower limit of real variable 214 = -3.000000e+01
 Upper limit of real variable 214 = 3.000000e+01
 Lower limit of real variable 215 = -3.000000e+01
 Upper limit of real variable 215 = 3.000000e+01
 Lower limit of real variable 216 = -3.000000e+01
 Upper limit of real variable 216 = 3.000000e+01
 Lower limit of real variable 217 = -3.000000e+01
 Upper limit of real variable 217 = 3.000000e+01
 Lower limit of real variable 218 = -3.000000e+01
 Upper limit of real variable 218 = 3.000000e+01
 Lower limit of real variable 219 = -3.000000e+01
 Upper limit of real variable 219 = 3.000000e+01
 Lower limit of real variable 220 = -3.000000e+01
 Upper limit of real variable 220 = 3.000000e+01
 Lower limit of real variable 221 = -3.000000e+01
 Upper limit of real variable 221 = 3.000000e+01
 Lower limit of real variable 222 = -3.000000e+01
 Upper limit of real variable 222 = 3.000000e+01
 Lower limit of real variable 223 = -3.000000e+01
 Upper limit of real variable 223 = 3.000000e+01
 Lower limit of real variable 224 = -3.000000e+01
 Upper limit of real variable 224 = 3.000000e+01
 Lower limit of real variable 225 = -3.000000e+01
 Upper limit of real variable 225 = 3.000000e+01
 Lower limit of real variable 226 = -3.000000e+01
 Upper limit of real variable 226 = 3.000000e+01
 Lower limit of real variable 227 = -3.000000e+01
 Upper limit of real variable 227 = 3.000000e+01
 Lower limit of real variable 228 = -3.000000e+01
 Upper limit of real variable 228 = 3.000000e+01
 Lower limit of real variable 229 = -3.000000e+01
 Upper limit of real variable 229 = 3.000000e+01
 Lower limit of real variable 230 = -3.000000e+01
 Upper limit of real variable 230 = 3.000000e+01
 Lower limit of real variable 231 = -3.000000e+01
 Upper limit of real variable 231 = 3.000000e+01
 Lower limit of real variable 232 = -3.000000e+01
 Upper limit of real variable 232 = 3.000000e+01
 Lower limit of real variable 233 = -3.000000e+01
 Upper limit of real variable 233 = 3.000000e+01
 Lower limit of real variable 234 = -3.000000e+01
 Upper limit of real variable 234 = 3.000000e+01
 Lower limit of real variable 235 = -3.000000e+01
 Upper limit of real variable 235 = 3.000000e+01
 Lower limit of real variable 236 = -3.000000e+01
 Upper limit of real variable 236 = 3.000000e+01
 Lower limit of real variable 237 = -3.000000e+01
 Upper limit of real variable 237 = 3.000000e+01
 Lower limit of real variable 238 = -3.000000e+01
 Upper limit of real variable 238 = 3.000000e+01
 Lower limit of real variable 239 = -3.000000e+01
 Upper limit of real variable 239 = 3.000000e+01
 Lower limit of real variable 240 = -3.000000e+01
 Upper limit of real variable 240 = 3.000000e+01
 Lower limit of real variable 241 = -3.000000e+01
 Upper limit of real variable 241 = 3.000000e+01
 Lower limit of real variable 242 = -3.000000e+01
 Upper limit of real variable 242 = 3.000000e+01
 Lower limit of real variable 243 = -3.000000e+01
 Upper limit of real variable 243 = 3.000000e+01
 Lower limit of real variable 244 = -3.000000e+01
 Upper limit of real variable 244 = 3.000000e+01
 Lower limit of real variable 245 = -3.000000e+01
 Upper limit of real variable 245 = 3.000000e+01
 Lower limit of real variable 246 = -3.000000e+01
 Upper limit of real variable 246 = 3.000000e+01
 Lower limit of real variable 247 = -3.000000e+01
 Upper limit of real variable 247 = 3.000000e+01
 Lower limit of real variable 248 = -3.000000e+01
 Upper limit of real variable 248 = 3.000000e+01
 Lower limit of real variable 249 = -3.000000e+01
 Upper limit of real variable 249 = 3.000000e+01
 Lower limit of real variable 250 = -3.000000e+01
 Upper limit of real variable 250 = 3.000000e+01
 Lower limit of real variable 251 = -3.000000e+01
 Upper limit of real variable 251 = 3.000000e+01
 Lower limit of real variable 252 = -3.000000e+01
 Upper limit of real variable 252 = 3.000000e+01
 Lower limit of real variable 253 = -3.000000e+01
 Upper limit of real variable 253 = 3.000000e+01
 Lower limit of real variable 254 = -3.000000e+01
 Upper limit of real variable 254 = 3.000000e+01
 Lower limit of real variable 255 = -3.000000e+01
 Upper limit of real variable 255 = 3.000000e+01
 Lower limit of real variable 256 = -3.000000e+01
 Upper limit of real variable 256 = 3.000000e+01
 Lower limit of real variable 257 = -3.000000e+01
 Upper limit of real variable 257 = 3.000000e+01
 Lower limit of real variable 258 = -3.000000e+01
 Upper limit of real variable 258 = 3.000000e+01
 Lower limit of real variable 259 = -3.000000e+01
 Upper limit of real variable 259 = 3.000000e+01
 Lower limit of real variable 260 = -3.000000e+01
 Upper limit of real variable 260 = 3.000000e+01
 Lower limit of real variable 261 = -3.000000e+01
 Upper limit of real variable 261 = 3.000000e+01
 Lower limit of real variable 262 = -3.000000e+01
 Upper limit of real variable 262 = 3.000000e+01
 Lower limit of real variable 263 = -3.000000e+01
 Upper limit of real variable 263 = 3.000000e+01
 Lower limit of real variable 264 = -3.000000e+01
 Upper limit of real variable 264 = 3.000000e+01
 Lower limit of real variable 265 = -3.000000e+01
 Upper limit of real variable 265 = 3.000000e+01
 Lower limit of real variable 266 = -3.000000e+01
 Upper limit of real variable 266 = 3.000000e+01
 Lower limit of real variable 267 = -3.000000e+01
 Upper limit of real variable 267 = 3.000000e+01
 Lower limit of real variable 268 = -3.000000e+01
 Upper limit of real variable 268 = 3.000000e+01
 Lower limit of real variable 269 = -3.000000e+01
 Upper limit of real variable 269 = 3.000000e+01
 Lower limit of real variable 270 = -3.000000e+01
 Upper limit of real variable 270 = 3.000000e+01
 Lower limit of real variable 271 = -3.000000e+01
 Upper limit of real variable 271 = 3.000000e+01
 Lower limit of real variable 272 = -3.000000e+01
 Upper limit of real variable 272 = 3.000000e+01
 Lower limit of real variable 273 = -3.000000e+01
 Upper limit of real variable 273 = 3.000000e+01
 Lower limit of real variable 274 = -3.000000e+01
 Upper limit of real variable 274 = 3.000000e+01
 Lower limit of real variable 275 = -3.000000e+01
 Upper limit of real variable 275 = 3.000000e+01
 Lower limit of real variable 276 = -3.000000e+01
 Upper limit of real variable 276 = 3.000000e+01
 Lower limit of real variable 277 = -3.000000e+01
 Upper limit of real variable 277 = 3.000000e+01
 Lower limit of real variable 278 = -3.000000e+01
 Upper limit of real variable 278 = 3.000000e+01
 Lower limit of real variable 279 = -3.000000e+01
 Upper limit of real variable 279 = 3.000000e+01
 Lower limit of real variable 280 = -3.000000e+01
 Upper limit of real variable 280 = 3.000000e+01
 Lower limit of real variable 281 = -3.000000e+01
 Upper limit of real variable 281 = 3.000000e+01
 Lower limit of real variable 282 = -3.000000e+01
 Upper limit of real variable 282 = 3.000000e+01
 Lower limit of real variable 283 = -3.000000e+01
 Upper limit of real variable 283 = 3.000000e+01
 Lower limit of real variable 284 = -3.000000e+01
 Upper limit of real variable 284 = 3.000000e+01
 Lower limit of real variable 285 = -3.000000e+01
 Upper limit of real variable 285 = 3.000000e+01
 Lower limit of real variable 286 = -3.000000e+01
 Upper limit of real variable 286 = 3.000000e+01
 Lower limit of real variable 287 = -3.000000e+01
 Upper limit of real variable 287 = 3.000000e+01
 Lower limit of real variable 288 = -3.000000e+01
 Upper limit of real variable 288 = 3.000000e+01
 Lower limit of real variable 289 = -3.000000e+01
 Upper limit of real variable 289 = 3.000000e+01
 Lower limit of real variable 290 = -3.000000e+01
 Upper limit of real variable 290 = 3.000000e+01
 Lower limit of real variable 291 = -3.000000e+01
 Upper limit of real variable 291 = 3.000000e+01
 Lower limit of real variable 292 = -3.000000e+01
 Upper limit of real variable 292 = 3.000000e+01
 Lower limit of real variable 293 = -3.000000e+01
 Upper limit of real variable 293 = 3.000000e+01
 Lower limit of real variable 294 = -3.000000e+01
 Upper limit of real variable 294 = 3.000000e+01
 Lower limit of real variable 295 = -3.000000e+01
 Upper limit of real variable 295 = 3.000000e+01
 Lower limit of real variable 296 = -3.000000e+01
 Upper limit of real variable 296 = 3.000000e+01
 Lower limit of real variable 297 = -3.000000e+01
 Upper limit of real variable 297 = 3.000000e+01
 Lower limit of real variable 298 = -3.000000e+01
 Upper limit of real variable 298 = 3.000000e+01
 Lower limit of real variable 299 = -3.000000e+01
 Upper limit of real variable 299 = 3.000000e+01
 Lower limit of real variable 300 = -3.000000e+01
 Upper limit of real variable 300 = 3.000000e+01
 Lower limit of real variable 301 = -3.000000e+01
 Upper limit of real variable 301 = 3.000000e+01
 Lower limit of real variable 302 = -3.000000e+01
 Upper limit of real variable 302 = 3.000000e+01
 Lower limit of real variable 303 = -3.000000e+01
 Upper limit of real variable 303 = 3.000000e+01
 Lower limit of real variable 304 = -3.000000e+01
 Upper limit of real variable 304 = 3.000000e+01
 Lower limit of real variable 305 = -3.000000e+01
 Upper limit of real variable 305 = 3.000000e+01
 Lower limit of real variable 306 = -3.000000e+01
 Upper limit of real variable 306 = 3.000000e+01
 Lower limit of real variable 307 = -3.000000e+01
 Upper limit of real variable 307 = 3.000000e+01
 Lower limit of real variable 308 = -3.000000e+01
 Upper limit of real variable 308 = 3.000000e+01
 Lower limit of real variable 309 = -3.000000e+01
 Upper limit of real variable 309 = 3.000000e+01
 Lower limit of real variable 310 = -3.000000e+01
 Upper limit of real variable 310 = 3.000000e+01
 Lower limit of real variable 311 = -3.000000e+01
 Upper limit of real variable 311 = 3.000000e+01
 Lower limit of real variable 312 = -3.000000e+01
 Upper limit of real variable 312 = 3.000000e+01
 Lower limit of real variable 313 = -3.000000e+01
 Upper limit of real variable 313 = 3.000000e+01
 Lower limit of real variable 314 = -3.000000e+01
 Upper limit of real variable 314 = 3.000000e+01
 Lower limit of real variable 315 = -3.000000e+01
 Upper limit of real variable 315 = 3.000000e+01
 Lower limit of real variable 316 = -3.000000e+01
 Upper limit of real variable 316 = 3.000000e+01
 Lower limit of real variable 317 = -3.000000e+01
 Upper limit of real variable 317 = 3.000000e+01
 Lower limit of real variable 318 = -3.000000e+01
 Upper limit of real variable 318 = 3.000000e+01
 Lower limit of real variable 319 = -3.000000e+01
 Upper limit of real variable 319 = 3.000000e+01
 Lower limit of real variable 320 = -3.000000e+01
 Upper limit of real variable 320 = 3.000000e+01
 Lower limit of real variable 321 = -3.000000e+01
 Upper limit of real variable 321 = 3.000000e+01
 Lower limit of real variable 322 = -3.000000e+01
 Upper limit of real variable 322 = 3.000000e+01
 Lower limit of real variable 323 = -3.000000e+01
 Upper limit of real variable 323 = 3.000000e+01
 Lower limit of real variable 324 = -3.000000e+01
 Upper limit of real variable 324 = 3.000000e+01
 Lower limit of real variable 325 = -3.000000e+01
 Upper limit of real variable 325 = 3.000000e+01
 Lower limit of real variable 326 = -3.000000e+01
 Upper limit of real variable 326 = 3.000000e+01
 Lower limit of real variable 327 = -3.000000e+01
 Upper limit of real variable 327 = 3.000000e+01
 Lower limit of real variable 328 = -3.000000e+01
 Upper limit of real variable 328 = 3.000000e+01
 Lower limit of real variable 329 = -3.000000e+01
 Upper limit of real variable 329 = 3.000000e+01
 Lower limit of real variable 330 = -3.000000e+01
 Upper limit of real variable 330 = 3.000000e+01
 Lower limit of real variable 331 = -3.000000e+01
 Upper limit of real variable 331 = 3.000000e+01
 Lower limit of real variable 332 = -3.000000e+01
 Upper limit of real variable 332 = 3.000000e+01
 Lower limit of real variable 333 = -3.000000e+01
 Upper limit of real variable 333 = 3.000000e+01
 Lower limit of real variable 334 = -3.000000e+01
 Upper limit of real variable 334 = 3.000000e+01
 Lower limit of real variable 335 = -3.000000e+01
 Upper limit of real variable 335 = 3.000000e+01
 Lower limit of real variable 336 = -3.000000e+01
 Upper limit of real variable 336 = 3.000000e+01
 Lower limit of real variable 337 = -3.000000e+01
 Upper limit of real variable 337 = 3.000000e+01
 Lower limit of real variable 338 = -3.000000e+01
 Upper limit of real variable 338 = 3.000000e+01
 Lower limit of real variable 339 = -3.000000e+01
 Upper limit of real variable 339 = 3.000000e+01
 Lower limit of real variable 340 = -3.000000e+01
 Upper limit of real variable 340 = 3.000000e+01
 Lower limit of real variable 341 = -3.000000e+01
 Upper limit of real variable 341 = 3.000000e+01
 Lower limit of real variable 342 = -3.000000e+01
 Upper limit of real variable 342 = 3.000000e+01
 Lower limit of real variable 343 = -3.000000e+01
 Upper limit of real variable 343 = 3.000000e+01
 Lower limit of real variable 344 = -3.000000e+01
 Upper limit of real variable 344 = 3.000000e+01
 Lower limit of real variable 345 = -3.000000e+01
 Upper limit of real variable 345 = 3.000000e+01
 Lower limit of real variable 346 = -3.000000e+01
 Upper limit of real variable 346 = 3.000000e+01
 Lower limit of real variable 347 = -3.000000e+01
 Upper limit of real variable 347 = 3.000000e+01
 Lower limit of real variable 348 = -3.000000e+01
 Upper limit of real variable 348 = 3.000000e+01
 Lower limit of real variable 349 = -3.000000e+01
 Upper limit of real variable 349 = 3.000000e+01
 Lower limit of real variable 350 = -3.000000e+01
 Upper limit of real variable 350 = 3.000000e+01
 Lower limit of real variable 351 = -3.000000e+01
 Upper limit of real variable 351 = 3.000000e+01
 Lower limit of real variable 352 = -3.000000e+01
 Upper limit of real variable 352 = 3.000000e+01
 Lower limit of real variable 353 = -3.000000e+01
 Upper limit of real variable 353 = 3.000000e+01
 Lower limit of real variable 354 = -3.000000e+01
 Upper limit of real variable 354 = 3.000000e+01
 Lower limit of real variable 355 = -3.000000e+01
 Upper limit of real variable 355 = 3.000000e+01
 Lower limit of real variable 356 = -3.000000e+01
 Upper limit of real variable 356 = 3.000000e+01
 Lower limit of real variable 357 = -3.000000e+01
 Upper limit of real variable 357 = 3.000000e+01
 Lower limit of real variable 358 = -3.000000e+01
 Upper limit of real variable 358 = 3.000000e+01
 Lower limit of real variable 359 = -3.000000e+01
 Upper limit of real variable 359 = 3.000000e+01
 Lower limit of real variable 360 = -3.000000e+01
 Upper limit of real variable 360 = 3.000000e+01
 Lower limit of real variable 361 = -3.000000e+01
 Upper limit of real variable 361 = 3.000000e+01
 Lower limit of real variable 362 = -3.000000e+01
 Upper limit of real variable 362 = 3.000000e+01
 Lower limit of real variable 363 = -3.000000e+01
 Upper limit of real variable 363 = 3.000000e+01
 Lower limit of real variable 364 = -3.000000e+01
 Upper limit of real variable 364 = 3.000000e+01
 Lower limit of real variable 365 = -3.000000e+01
 Upper limit of real variable 365 = 3.000000e+01
 Lower limit of real variable 366 = -3.000000e+01
 Upper limit of real variable 366 = 3.000000e+01
 Lower limit of real variable 367 = -3.000000e+01
 Upper limit of real variable 367 = 3.000000e+01
 Lower limit of real variable 368 = -3.000000e+01
 Upper limit of real variable 368 = 3.000000e+01
 Lower limit of real variable 369 = -3.000000e+01
 Upper limit of real variable 369 = 3.000000e+01
 Lower limit of real variable 370 = -3.000000e+01
 Upper limit of real variable 370 = 3.000000e+01
 Lower limit of real variable 371 = -3.000000e+01
 Upper limit of real variable 371 = 3.000000e+01
 Lower limit of real variable 372 = -3.000000e+01
 Upper limit of real variable 372 = 3.000000e+01
 Lower limit of real variable 373 = -3.000000e+01
 Upper limit of real variable 373 = 3.000000e+01
 Lower limit of real variable 374 = -3.000000e+01
 Upper limit of real variable 374 = 3.000000e+01
 Lower limit of real variable 375 = -3.000000e+01
 Upper limit of real variable 375 = 3.000000e+01
 Lower limit of real variable 376 = -3.000000e+01
 Upper limit of real variable 376 = 3.000000e+01
 Lower limit of real variable 377 = -3.000000e+01
 Upper limit of real variable 377 = 3.000000e+01
 Lower limit of real variable 378 = -3.000000e+01
 Upper limit of real variable 378 = 3.000000e+01
 Lower limit of real variable 379 = -3.000000e+01
 Upper limit of real variable 379 = 3.000000e+01
 Lower limit of real variable 380 = -3.000000e+01
 Upper limit of real variable 380 = 3.000000e+01
 Lower limit of real variable 381 = -3.000000e+01
 Upper limit of real variable 381 = 3.000000e+01
 Lower limit of real variable 382 = -3.000000e+01
 Upper limit of real variable 382 = 3.000000e+01
 Lower limit of real variable 383 = -3.000000e+01
 Upper limit of real variable 383 = 3.000000e+01
 Lower limit of real variable 384 = -3.000000e+01
 Upper limit of real variable 384 = 3.000000e+01
 Lower limit of real variable 385 = -3.000000e+01
 Upper limit of real variable 385 = 3.000000e+01
 Lower limit of real variable 386 = -3.000000e+01
 Upper limit of real variable 386 = 3.000000e+01
 Lower limit of real variable 387 = -3.000000e+01
 Upper limit of real variable 387 = 3.000000e+01
 Lower limit of real variable 388 = -3.000000e+01
 Upper limit of real variable 388 = 3.000000e+01
 Lower limit of real variable 389 = -3.000000e+01
 Upper limit of real variable 389 = 3.000000e+01
 Lower limit of real variable 390 = -3.000000e+01
 Upper limit of real variable 390 = 3.000000e+01
 Lower limit of real variable 391 = -3.000000e+01
 Upper limit of real variable 391 = 3.000000e+01
 Lower limit of real variable 392 = -3.000000e+01
 Upper limit of real variable 392 = 3.000000e+01
 Lower limit of real variable 393 = -3.000000e+01
 Upper limit of real variable 393 = 3.000000e+01
 Lower limit of real variable 394 = -3.000000e+01
 Upper limit of real variable 394 = 3.000000e+01
 Lower limit of real variable 395 = -3.000000e+01
 Upper limit of real variable 395 = 3.000000e+01
 Lower limit of real variable 396 = -3.000000e+01
 Upper limit of real variable 396 = 3.000000e+01
 Lower limit of real variable 397 = -3.000000e+01
 Upper limit of real variable 397 = 3.000000e+01
 Lower limit of real variable 398 = -3.000000e+01
 Upper limit of real variable 398 = 3.000000e+01
 Lower limit of real variable 399 = -3.000000e+01
 Upper limit of real variable 399 = 3.000000e+01
 Lower limit of real variable 400 = -3.000000e+01
 Upper limit of real variable 400 = 3.000000e+01
 Lower limit of real variable 401 = -3.000000e+01
 Upper limit of real variable 401 = 3.000000e+01
 Lower limit of real variable 402 = -3.000000e+01
 Upper limit of real variable 402 = 3.000000e+01
 Lower limit of real variable 403 = -3.000000e+01
 Upper limit of real variable 403 = 3.000000e+01
 Lower limit of real variable 404 = -3.000000e+01
 Upper limit of real variable 404 = 3.000000e+01
 Lower limit of real variable 405 = -3.000000e+01
 Upper limit of real variable 405 = 3.000000e+01
 Lower limit of real variable 406 = -3.000000e+01
 Upper limit of real variable 406 = 3.000000e+01
 Lower limit of real variable 407 = -3.000000e+01
 Upper limit of real variable 407 = 3.000000e+01
 Lower limit of real variable 408 = -3.000000e+01
 Upper limit of real variable 408 = 3.000000e+01
 Lower limit of real variable 409 = -3.000000e+01
 Upper limit of real variable 409 = 3.000000e+01
 Lower limit of real variable 410 = -3.000000e+01
 Upper limit of real variable 410 = 3.000000e+01
 Lower limit of real variable 411 = -3.000000e+01
 Upper limit of real variable 411 = 3.000000e+01
 Lower limit of real variable 412 = -3.000000e+01
 Upper limit of real variable 412 = 3.000000e+01
 Lower limit of real variable 413 = -3.000000e+01
 Upper limit of real variable 413 = 3.000000e+01
 Lower limit of real variable 414 = -3.000000e+01
 Upper limit of real variable 414 = 3.000000e+01
 Lower limit of real variable 415 = -3.000000e+01
 Upper limit of real variable 415 = 3.000000e+01
 Lower limit of real variable 416 = -3.000000e+01
 Upper limit of real variable 416 = 3.000000e+01
 Lower limit of real variable 417 = -3.000000e+01
 Upper limit of real variable 417 = 3.000000e+01
 Lower limit of real variable 418 = -3.000000e+01
 Upper limit of real variable 418 = 3.000000e+01
 Lower limit of real variable 419 = -3.000000e+01
 Upper limit of real variable 419 = 3.000000e+01
 Lower limit of real variable 420 = -3.000000e+01
 Upper limit of real variable 420 = 3.000000e+01
 Lower limit of real variable 421 = -3.000000e+01
 Upper limit of real variable 421 = 3.000000e+01
 Lower limit of real variable 422 = -3.000000e+01
 Upper limit of real variable 422 = 3.000000e+01
 Lower limit of real variable 423 = -3.000000e+01
 Upper limit of real variable 423 = 3.000000e+01
 Lower limit of real variable 424 = -3.000000e+01
 Upper limit of real variable 424 = 3.000000e+01
 Lower limit of real variable 425 = -3.000000e+01
 Upper limit of real variable 425 = 3.000000e+01
 Lower limit of real variable 426 = -3.000000e+01
 Upper limit of real variable 426 = 3.000000e+01
 Lower limit of real variable 427 = -3.000000e+01
 Upper limit of real variable 427 = 3.000000e+01
 Lower limit of real variable 428 = -3.000000e+01
 Upper limit of real variable 428 = 3.000000e+01
 Lower limit of real variable 429 = -3.000000e+01
 Upper limit of real variable 429 = 3.000000e+01
 Lower limit of real variable 430 = -3.000000e+01
 Upper limit of real variable 430 = 3.000000e+01
 Lower limit of real variable 431 = -3.000000e+01
 Upper limit of real variable 431 = 3.000000e+01
 Lower limit of real variable 432 = -3.000000e+01
 Upper limit of real variable 432 = 3.000000e+01
 Lower limit of real variable 433 = -3.000000e+01
 Upper limit of real variable 433 = 3.000000e+01
 Lower limit of real variable 434 = -3.000000e+01
 Upper limit of real variable 434 = 3.000000e+01
 Lower limit of real variable 435 = -3.000000e+01
 Upper limit of real variable 435 = 3.000000e+01
 Lower limit of real variable 436 = -3.000000e+01
 Upper limit of real variable 436 = 3.000000e+01
 Lower limit of real variable 437 = -3.000000e+01
 Upper limit of real variable 437 = 3.000000e+01
 Lower limit of real variable 438 = -3.000000e+01
 Upper limit of real variable 438 = 3.000000e+01
 Lower limit of real variable 439 = -3.000000e+01
 Upper limit of real variable 439 = 3.000000e+01
 Lower limit of real variable 440 = -3.000000e+01
 Upper limit of real variable 440 = 3.000000e+01
 Lower limit of real variable 441 = -3.000000e+01
 Upper limit of real variable 441 = 3.000000e+01
 Lower limit of real variable 442 = -3.000000e+01
 Upper limit of real variable 442 = 3.000000e+01
 Lower limit of real variable 443 = -3.000000e+01
 Upper limit of real variable 443 = 3.000000e+01
 Lower limit of real variable 444 = -3.000000e+01
 Upper limit of real variable 444 = 3.000000e+01
 Lower limit of real variable 445 = -3.000000e+01
 Upper limit of real variable 445 = 3.000000e+01
 Lower limit of real variable 446 = -3.000000e+01
 Upper limit of real variable 446 = 3.000000e+01
 Lower limit of real variable 447 = -3.000000e+01
 Upper limit of real variable 447 = 3.000000e+01
 Lower limit of real variable 448 = -3.000000e+01
 Upper limit of real variable 448 = 3.000000e+01
 Lower limit of real variable 449 = -3.000000e+01
 Upper limit of real variable 449 = 3.000000e+01
 Lower limit of real variable 450 = -3.000000e+01
 Upper limit of real variable 450 = 3.000000e+01
 Lower limit of real variable 451 = -3.000000e+01
 Upper limit of real variable 451 = 3.000000e+01
 Lower limit of real variable 452 = -3.000000e+01
 Upper limit of real variable 452 = 3.000000e+01
 Lower limit of real variable 453 = -3.000000e+01
 Upper limit of real variable 453 = 3.000000e+01
 Lower limit of real variable 454 = -3.000000e+01
 Upper limit of real variable 454 = 3.000000e+01
 Lower limit of real variable 455 = -3.000000e+01
 Upper limit of real variable 455 = 3.000000e+01
 Lower limit of real variable 456 = -3.000000e+01
 Upper limit of real variable 456 = 3.000000e+01
 Probability of crossover of real variable = 6.000000e-01
 Probability of mutation of real variable = 2.000000e-01
 Distribution index for crossover = 1.000000e+01
 Distribution index for mutation = 2.000000e+01
 Number of binary variables = 0
 Seed for random number generator = 1.588015e+09