
 ==============================
 S N O P T  7.2-12.3 (Aug 2014)
 ==============================
 
 SNMEMB EXIT 100 -- finished successfully
 SNMEMB INFO 104 -- memory requirements estimated

 ==============================
 S N O P T  7.2-12.3 (Aug 2014)
 ==============================
 
 

 Nonlinear constraints     741     Linear constraints       0
 Nonlinear variables        76     Linear variables         0
 Jacobian  variables        76     Objective variables     76
 Total constraints         741     Total variables         76
 

 
 The user has defined   56316   out of   56316   constraint gradients.
 The user has defined      76   out of      76   objective  gradients.
 

 Major Minors     Step   nCon Feasible  Optimal  MeritFunction    nS Penalty
     0     53               1 (1.1E-13)(7.2E-05)-1.2632639E+06    53           r
 
 SNOPTC EXIT   0 -- finished successfully
 SNOPTC INFO   1 -- optimality conditions satisfied

 Problem name                 Optimiza
 No. of iterations                  53   Objective value     -1.2632638928E+06
 No. of major iterations             0   Linear objective     0.0000000000E+00
 Penalty parameter           0.000E+00   Nonlinear objective -1.2632638928E+06
 No. of calls to funobj              2   No. of calls to funcon              2
 No. of superbasics                 53   No. of basic nonlinears             6
 No. of degenerate steps             0   Percentage                       0.00
 Max x                      62 3.9E+04   Max pi                    730 1.5E+00
 Max Primal infeas           0 0.0E+00   Max Dual infeas            44 1.8E-04
 Nonlinear constraint violn    1.9E-08
 
 

 Solution printed on file  18
 
 Time for MPS input                             0.00 seconds
 Time for solving problem                       0.01 seconds
 Time for solution output                       0.01 seconds
 Time for constraint functions                  2.07 seconds
 Time for objective function                    0.00 seconds
