
 ==============================
 S N O P T  7.2-12.3 (Aug 2014)
 ==============================
 
 SNMEMB EXIT 100 -- finished successfully
 SNMEMB INFO 104 -- memory requirements estimated

 ==============================
 S N O P T  7.2-12.3 (Aug 2014)
 ==============================
 
 

 Nonlinear constraints     741     Linear constraints       0
 Nonlinear variables        76     Linear variables         0
 Jacobian  variables        76     Objective variables     76
 Total constraints         741     Total variables         76
 

 
 The user has defined   56316   out of   56316   constraint gradients.
 The user has defined      76   out of      76   objective  gradients.
 

 Major Minors     Step   nCon Feasible  Optimal  MeritFunction    nS Penalty
     0     66               1 (5.3E-17) 2.5E+00 -1.1761325E+06    66           r
     1      1  1.7E-01      2 (6.6E-11) 2.5E+00 -1.1761646E+06    66         n rl
     2     15  1.7E-01      3 (1.2E-10) 9.0E-01 -1.1761967E+06    56         s  l
     3     17  1.0E+00      4  1.5E-02  3.3E+00 -1.1842597E+06    64
     4     17  2.3E-01      6  1.2E-02  1.4E+00 -1.1919100E+06    50 7.3E-04
     5     49  2.4E-01      8  3.5E-03  2.5E+00 -1.2188489E+06    67 7.3E-04
     6      6  1.6E-01     10  3.0E-03  2.0E+00 -1.2352660E+06    68 7.3E-04
     7      8  1.2E-01     12  2.6E-03  8.8E-01 -1.2419212E+06    65 9.8E-04
     8      8  1.3E-01     15  2.3E-03  2.1E+00 -1.2634168E+06    70 9.8E-04
     9      2  9.7E-02     17  2.0E-03  1.6E+00 -1.2612611E+06    71 1.2E-03

 Major Minors     Step   nCon Feasible  Optimal  MeritFunction    nS Penalty
    10      3  8.9E-02     19  1.9E-03  1.3E+00 -1.2584644E+06    69 2.1E-03
    11      2  7.5E-02     21  1.7E-03  1.6E+00 -1.2594875E+06    70 2.3E-03
    12      3  1.2E-01     23  1.5E-03  1.9E+00 -1.2576291E+06    72 3.3E-03   R
    13      1  2.1E-01     25  1.2E-03  1.4E+00 -1.2587811E+06    72 4.1E-03 s
    14      2  2.8E-01     27  8.7E-04  1.1E+00 -1.2595762E+06    71 5.1E-03
    15      1  2.7E-01     29  6.4E-04  9.6E-01 -1.2605049E+06    71 5.5E-03
    16      1  1.0E+00     30  6.6E-05  8.4E-01 -1.2608556E+06    71 6.1E-03
    17      1  1.0E+00     31  2.2E-06  1.4E+00 -1.2615556E+06    71 6.1E-03
    18      1  4.7E-01     33  2.9E-06  5.1E-01 -1.2620660E+06    71 6.1E-03
    19      1  1.0E+00     34  5.6E-06  4.5E-01 -1.2623046E+06    71 6.1E-03

 Major Minors     Step   nCon Feasible  Optimal  MeritFunction    nS Penalty
    20      1  1.0E+00     35  4.7E-06  3.4E-01 -1.2625855E+06    71 6.1E-03
    21      1  1.0E+00     36  3.6E-06  2.9E-01 -1.2627089E+06    71 6.1E-03
    22      1  1.0E+00     37  5.2E-06  1.4E-01 -1.2628074E+06    71 6.1E-03
    23      1  1.0E+00     38  4.7E-06  1.7E-01 -1.2628527E+06    71 6.1E-03   R
    24      1  1.0E+00     39 (3.5E-07) 1.6E-01 -1.2628773E+06    71 6.1E-03 s
    25      1  1.0E+00     40 (5.0E-08) 8.7E-02 -1.2629024E+06    71 6.1E-03
    26      1  1.0E+00     41 (1.6E-07) 1.2E-01 -1.2629236E+06    71 6.1E-03
    27      1  1.0E+00     42 (2.7E-07) 1.4E-01 -1.2629500E+06    71 6.1E-03
    28      1  1.0E+00     43 (3.3E-07) 1.2E-01 -1.2629824E+06    71 6.1E-03
    29      1  1.0E+00     44 (7.5E-07) 1.1E-01 -1.2630195E+06    71 6.1E-03

 Major Minors     Step   nCon Feasible  Optimal  MeritFunction    nS Penalty
    30      1  1.0E+00     45  1.5E-06  1.3E-01 -1.2630634E+06    71 6.1E-03
    31      1  1.0E+00     46  2.7E-06  1.2E-01 -1.2630989E+06    71 6.1E-03
    32      1  1.0E+00     47  1.9E-06  6.7E-02 -1.2631231E+06    71 6.1E-03
    33      1  1.0E+00     48 (1.8E-07) 5.7E-02 -1.2631376E+06    71 6.1E-03
    34      1  1.0E+00     49 (3.3E-07) 6.8E-02 -1.2631555E+06    71 6.1E-03   R
    35      1  1.0E+00     50 (5.8E-08) 6.1E-02 -1.2631629E+06    71 6.1E-03 s
    36      1  1.0E+00     51 (9.2E-07) 5.8E-02 -1.2631759E+06    71 6.1E-03
    37      1  1.0E+00     52 (3.1E-07) 7.4E-02 -1.2631824E+06    71 6.1E-03
    38      2  1.0E+00     53 (3.3E-08) 6.6E-02 -1.2631915E+06    70 6.1E-03
    39      1  1.0E+00     54 (2.0E-07) 8.1E-02 -1.2632012E+06    70 6.1E-03

 Major Minors     Step   nCon Feasible  Optimal  MeritFunction    nS Penalty
    40      1  1.0E+00     55 (1.5E-07) 6.9E-02 -1.2632083E+06    70 6.1E-03
    41      1  1.0E+00     56 (3.8E-08) 6.8E-02 -1.2632162E+06    70 6.1E-03
    42      1  1.0E+00     57 (2.3E-07) 1.2E-01 -1.2632325E+06    70 6.1E-03
    43      1  1.0E+00     58 (3.5E-08) 7.5E-02 -1.2632414E+06    70 6.1E-03
    44      1  1.0E+00     59 (5.1E-08) 4.2E-02 -1.2632476E+06    70 6.1E-03
    45      1  1.0E+00     60 (7.7E-09) 5.4E-02 -1.2632502E+06    70 6.1E-03   R
    46      1  4.4E-01     62 (4.3E-09) 2.2E-02 -1.2632518E+06    70 6.1E-03 s
    47      1  1.0E+00     63 (4.7E-09) 1.9E-02 -1.2632526E+06    70 6.1E-03
    48      1  1.0E+00     64 (5.3E-08) 2.2E-02 -1.2632543E+06    70 6.1E-03
    49      1  1.0E+00     65 (1.6E-08) 2.4E-02 -1.2632553E+06    70 6.1E-03

 Major Minors     Step   nCon Feasible  Optimal  MeritFunction    nS Penalty
    50      1  1.0E+00     66 (7.2E-08) 2.7E-02 -1.2632577E+06    70 6.1E-03
    51      1  1.0E+00     67 (4.1E-08) 3.9E-02 -1.2632592E+06    70 6.1E-03
    52      1  1.0E+00     68 (2.5E-08) 4.6E-02 -1.2632604E+06    70 6.1E-03
    53      1  1.0E+00     69 (3.8E-09) 2.0E-02 -1.2632611E+06    70 6.1E-03
    54      1  1.0E+00     70 (4.3E-09) 2.3E-02 -1.2632616E+06    70 6.1E-03
    55      1  1.0E+00     71 (3.8E-09) 1.9E-02 -1.2632619E+06    70 6.1E-03
    56      1  1.0E+00     72 (9.5E-10) 1.4E-02 -1.2632622E+06    70 6.1E-03   R
    57      1  1.0E+00     73 (6.7E-10) 1.3E-02 -1.2632624E+06    70 6.1E-03 s
    58      1  1.0E+00     74 (2.2E-08) 4.3E-02 -1.2632626E+06    70 6.1E-03
    59      1  1.0E+00     75 (6.3E-10) 3.4E-02 -1.2632628E+06    70 6.1E-03

 Major Minors     Step   nCon Feasible  Optimal  MeritFunction    nS Penalty
    60      1  1.0E+00     76 (1.2E-08) 1.4E-02 -1.2632632E+06    70 6.1E-03
    61      1  4.7E-01     78 (6.7E-09) 8.0E-03 -1.2632633E+06    70 6.1E-03
    62      1  1.0E+00     79 (8.2E-10) 1.5E-02 -1.2632634E+06    70 6.1E-03
    63      1  1.0E+00     80 (8.5E-10) 1.3E-02 -1.2632635E+06    70 6.1E-03
    64      1  1.0E+00     81 (1.3E-10) 1.2E-02 -1.2632636E+06    70 6.1E-03
    65      1  1.0E+00     82 (2.7E-10) 9.0E-03 -1.2632636E+06    70 6.1E-03
    66      1  1.0E+00     83 (5.1E-10) 6.3E-03 -1.2632637E+06    70 6.1E-03
    67      1  1.0E+00     84 (9.5E-10) 7.7E-03 -1.2632637E+06    70 6.1E-03   R
    68      1  3.5E-01     86 (6.2E-10) 2.6E-03 -1.2632638E+06    70 6.1E-03 s
    69      1  1.0E+00     87 (1.2E-11) 1.9E-03 -1.2632638E+06    70 6.1E-03

 Major Minors     Step   nCon Feasible  Optimal  MeritFunction    nS Penalty
    70      1  1.0E+00     88 (4.4E-11) 1.8E-03 -1.2632638E+06    70 6.1E-03
    71      1  1.0E+00     89 (2.2E-10) 6.4E-03 -1.2632638E+06    70 6.1E-03
    72      1  1.0E+00     90 (5.1E-10) 3.7E-03 -1.2632638E+06    70 6.1E-03
    73      1  1.0E+00     91 (2.6E-10) 2.6E-03 -1.2632638E+06    70 6.1E-03
    74      1  1.0E+00     92 (1.0E-10) 4.2E-03 -1.2632639E+06    70 6.1E-03
    75      1  1.0E+00     93 (1.7E-11) 1.7E-03 -1.2632639E+06    70 6.1E-03
    76      1  1.0E+00     94 (1.1E-11) 1.7E-03 -1.2632639E+06    70 6.1E-03
    77      1  1.0E+00     95 (1.8E-11) 1.4E-03 -1.2632639E+06    70 6.1E-03
    78      1  1.0E+00     96 (2.2E-11) 1.3E-03 -1.2632639E+06    70 6.1E-03   R
    79      1  1.0E+00     97 (2.0E-12) 1.1E-03 -1.2632639E+06    70 6.1E-03 s

 Major Minors     Step   nCon Feasible  Optimal  MeritFunction    nS Penalty
    80      1  1.0E+00     98 (8.4E-11) 2.8E-03 -1.2632639E+06    70 6.1E-03
    81      1  4.9E-01    100 (4.6E-11) 2.0E-03 -1.2632639E+06    70 6.1E-03
    82      1  4.1E-01    102 (3.1E-11) 1.4E-03 -1.2632639E+06    70 6.1E-03
    83      1  4.3E-01    104 (2.3E-11) 7.1E-04 -1.2632639E+06    70 6.1E-03
    84      1  1.0E+00    105 (7.5E-12) 2.3E-03 -1.2632639E+06    70 6.1E-03
    85      1  3.3E-01    107 (9.7E-12) 1.0E-03 -1.2632639E+06    70 6.1E-03
    86      1  1.0E+00    108 (2.7E-11) 9.0E-04 -1.2632639E+06    70 6.1E-03
    87      1  1.0E+00    109 (1.4E-11) 9.5E-04 -1.2632639E+06    70 6.1E-03
    88      1  1.0E+00    110 (3.8E-12) 1.0E-03 -1.2632639E+06    70 6.1E-03
    89      1  1.0E+00    111 (3.0E-12) 2.2E-03 -1.2632639E+06    70 6.1E-03   R

 Major Minors     Step   nCon Feasible  Optimal  MeritFunction    nS Penalty
    90      1  3.1E-01    113 (4.0E-12) 5.8E-04 -1.2632639E+06    70 6.1E-03 s
    91      1  1.0E+00    114 (7.5E-13) 5.5E-04 -1.2632639E+06    70 6.1E-03
    92      1  1.0E+00    115 (1.7E-12) 6.2E-04 -1.2632639E+06    70 6.1E-03
    93      1  1.0E+00    116 (1.5E-13) 5.3E-04 -1.2632639E+06    70 6.1E-03
    94      1  4.0E-01    118 (2.0E-12) 1.0E-03 -1.2632639E+06    70 6.1E-03
    95      1  1.0E+00    119 (1.9E-12) 2.8E-04 -1.2632639E+06    70 6.1E-03
    96      1  1.0E+00    120 (2.2E-12) 5.6E-04 -1.2632639E+06    70 6.1E-03
    97      1  1.0E+00    121 (3.2E-12) 5.3E-04 -1.2632639E+06    70 6.1E-03
    98      1  1.0E+00    122 (1.3E-12) 5.0E-04 -1.2632639E+06    70 6.1E-03
    99      1  1.0E+00    123 (6.6E-13) 4.6E-04 -1.2632639E+06    70 6.1E-03

 Major Minors     Step   nCon Feasible  Optimal  MeritFunction    nS Penalty
   100      1  1.0E+00    124 (3.6E-13) 4.3E-04 -1.2632639E+06    70 6.1E-03   R
   101      1  1.0E+00    125 (2.0E-14) 4.2E-04 -1.2632639E+06    70 6.1E-03 s
   102      1  1.6E-01    127 (5.3E-14) 8.1E-04 -1.2632639E+06    70 6.1E-03
   103      1  1.0E+00    128 (8.4E-13) 4.3E-04 -1.2632639E+06    70 6.1E-03
   104      1  1.0E+00    129 (5.4E-13) 4.1E-04 -1.2632639E+06    70 6.1E-03
   105      1  5.2E-01    131 (2.7E-13) 1.3E-04 -1.2632639E+06    70 6.1E-03
   106      1  4.2E-01    133 (1.8E-13) 4.2E-04 -1.2632639E+06    70 6.1E-03
   107      1  2.7E-01    135 (1.3E-13)(8.6E-05)-1.2632639E+06    70 6.1E-03
 
 SNOPTC EXIT   0 -- finished successfully
 SNOPTC INFO   1 -- optimality conditions satisfied

 Problem name                 Optimiza
 No. of iterations                 294   Objective value     -1.2632638928E+06
 No. of major iterations           107   Linear objective     0.0000000000E+00
 Penalty parameter           6.061E-03   Nonlinear objective -1.2632638928E+06
 No. of calls to funobj            136   No. of calls to funcon            136
 No. of superbasics                 70   No. of basic nonlinears             6
 No. of degenerate steps             0   Percentage                       0.00
 Max x                      62 3.9E+04   Max pi                    730 1.5E+00
 Max Primal infeas           0 0.0E+00   Max Dual infeas            44 2.2E-04
 Nonlinear constraint violn    2.3E-08
 
 

 Solution printed on file  18
 
 Time for MPS input                             0.00 seconds
 Time for solving problem                     604.52 seconds
 Time for solution output                       0.01 seconds
 Time for constraint functions                608.03 seconds
 Time for objective function                    0.00 seconds
