
         ==============================
         S N O P T  7.2-12.3 (Aug 2014)
         ==============================
      Major optimality tolerance  1.00000000E-04
      Verify level               0
      Print file 18
      Summary file 19
      Derivative level               3
1
 
 SNMEMB EXIT 100 -- finished successfully
 SNMEMB INFO 104 -- memory requirements estimated

         ==============================
         S N O P T  7.2-12.3 (Aug 2014)
         ==============================
      Major optimality tolerance  1.00000000E-04
      Verify level               0
      Print file 18
      Summary file 19
      Derivative level               3
1
 
 Parameters
 ==========

 Files
 -----
 Solution file..........         0       Old basis file ........         0       Standard input.........         5
 Insert file............         0       New basis file ........         0       (Printer)..............        18
 Punch file.............         0       Backup basis file......         0       (Specs file)...........         0
 Load file..............         0       Dump file..............         0       Standard output........         6

 Frequencies
 -----------
 Print frequency........       100       Check frequency........        60       Save new basis map.....       100
 Summary frequency......       100       Factorization frequency        50       Expand frequency.......     10000

 QP subproblems
 --------------
 QPsolver Cholesky......
 Scale tolerance........     0.900       Minor feasibility tol..  1.00E-06       Iteration limit........     10000
 Scale option...........         0       Minor optimality  tol..  1.00E-06       Minor print level......         1
 Crash tolerance........     0.100       Pivot tolerance........  3.25E-11       Partial price..........         1
 Crash option...........         3       Elastic weight.........  1.00E+04       Prtl price section ( A)        76
                                         New superbasics........        99       Prtl price section (-I)       741

 The SQP Method
 --------------
 Minimize...............                 Cold start.............                 Proximal Point method..         1
 Nonlinear objectiv vars        76       Major optimality tol...  1.00E-04       Function precision.....  3.00E-13
 Unbounded step size....  1.00E+20       Superbasics limit......        76       Difference interval....  5.48E-07
 Unbounded objective....  1.00E+15       Reduced Hessian dim....        76       Central difference int.  6.70E-05
 Major step limit.......  2.00E+00       Derivative linesearch..                 Derivative level.......         3
 Major iterations limit.      2223       Linesearch tolerance...   0.90000       Verify level...........         0
 Minor iterations limit.       500       Penalty parameter......  0.00E+00       Major Print Level......         1

 Hessian Approximation
 ---------------------
 Limited-Memory Hessian.                 Hessian updates........        10       Hessian frequency......  99999999
                                                                                 Hessian flush..........  99999999

 Nonlinear constraints
 ---------------------
 Nonlinear constraints..       741       Major feasibility tol..  1.00E-06       Violation limit........  1.00E+06
 Nonlinear Jacobian vars        76

 Miscellaneous
 -------------
 LU factor tolerance....      3.99       LU singularity tol.....  3.25E-11       Timing level...........         3
 LU update tolerance....      3.99       LU swap tolerance......  1.22E-04       Debug level............         0
 LU partial  pivoting...                 eps (machine precision)  2.22E-16       System information.....        No
                                                                                 Sticky parameters......        No
1
 

 

 Matrix statistics
 -----------------
               Total      Normal        Free       Fixed     Bounded
 Rows            741         741           0           0           0
 Columns          76           0           0           0          76

 No. of matrix elements                56316     Density     100.000
 Biggest  constant element        0.0000E+00  (excluding fixed columns,
 Smallest constant element        0.0000E+00   free rows, and RHS)

 No. of objective coefficients             0

 Nonlinear constraints     741     Linear constraints       0
 Nonlinear variables        76     Linear variables         0
 Jacobian  variables        76     Objective variables     76
 Total constraints         741     Total variables         76
1
 

 
 The user has defined   56316   out of   56316   constraint gradients.
 The user has defined      76   out of      76   objective  gradients.

 Cheap test of user-supplied problem derivatives...

 XXX  The constraint gradients seem to be incorrect.

 -->  The largest discrepancy was    2.17E-01  in constraint   668
 

 The objective  gradients seem to be OK.

 Gradient projected in one direction  -3.96631582779E-02
 Difference approximation             -3.95270525372E-02
1
 
 

   Itns Major Minors    Step   nCon Feasible  Optimal  MeritFunction     L+U BSwap     nS  condHz Penalty
     42     0     42              1 (1.3E-13)(8.6E-05)-1.2632639E+06     864           42 1.7E+01         _  r
1
 
 SNOPTC EXIT   0 -- finished successfully
 SNOPTC INFO   1 -- optimality conditions satisfied

 Problem name                 Optimiza
 No. of iterations                  42   Objective value     -1.2632638928E+06
 No. of major iterations             0   Linear objective     0.0000000000E+00
 Penalty parameter           0.000E+00   Nonlinear objective -1.2632638928E+06
 No. of calls to funobj              2   No. of calls to funcon              2
 No. of superbasics                 42   No. of basic nonlinears             6
 No. of degenerate steps             0   Percentage                       0.00
 Max x                      62 3.9E+04   Max pi                    730 1.5E+00
 Max Primal infeas           0 0.0E+00   Max Dual infeas            44 2.2E-04
 Nonlinear constraint violn    2.3E-08
1
 
 Name           Optimiza                 Objective Value     -1.2632638928E+06

 Status         Optimal Soln             Iteration     42    Superbasics    42

 Objective      ≠[Í≤íÀi@ (Min)
 RHS            Î§îq=Ug@
 Ranges         º,´ê6e@
 Bounds         Î∏û(üc@

 Section 1 - Rows

  Number  ...Row.. State  ...Activity...  Slack Activity  ..Lower Limit.  ..Upper Limit.  .Dual Activity    ..i
 
      77  r      1    BS      3565.47810      3565.47810          .                None           .           1
      78  r      2    BS      3961.99208      3961.99208          .                None           .           2
      79  r      3    BS      6714.32362      6714.32362          .                None           .           3
      80  r      4    BS      9833.09681      9833.09681          .                None           .           4
      81  r      5    BS      7316.46689      7316.46689          .                None           .           5
      82  r      6    BS      5041.60289      5041.60289          .                None           .           6
      83  r      7    BS     15760.54650     15760.54650          .                None           .           7
      84  r      8    BS     11603.24123     11603.24123          .                None           .           8
      85  r      9    BS     10630.24792     10630.24792          .                None           .           9
      86  r     10    BS     14420.13219     14420.13219          .                None           .          10
      87  r     11    BS     23903.97303     23903.97303          .                None           .          11
      88  r     12    BS     27965.37729     27965.37729          .                None           .          12
      89  r     13    BS     18152.25613     18152.25613          .                None           .          13
      90  r     14    BS     10877.94408     10877.94408          .                None           .          14
      91  r     15    BS     15498.41644     15498.41644          .                None           .          15
      92  r     16    BS     13097.00782     13097.00782          .                None           .          16
      93  r     17    BS     16704.26367     16704.26367          .                None           .          17
      94  r     18    BS     13063.21041     13063.21041          .                None           .          18
      95  r     19    BS     26382.49282     26382.49282          .                None           .          19
      96  r     20    BS     28958.52082     28958.52082          .                None           .          20
      97  r     21    BS     29445.85222     29445.85222          .                None           .          21
      98  r     22    BS     35945.87029     35945.87029          .                None           .          22
      99  r     23    BS     37266.35130     37266.35130          .                None           .          23
     100  r     24    BS     34316.63515     34316.63515          .                None           .          24
     101  r     25    BS     41833.11018     41833.11018          .                None           .          25
     102  r     26    BS     43280.62133     43280.62133          .                None           .          26
     103  r     27    BS     42062.87332     42062.87332          .                None           .          27
     104  r     28    BS     35616.70649     35616.70649          .                None           .          28
     105  r     29    BS     27610.31933     27610.31933          .                None           .          29
     106  r     30    BS     34713.62041     34713.62041          .                None           .          30
     107  r     31    BS     36769.88731     36769.88731          .                None           .          31
     108  r     32    BS     32864.42452     32864.42452          .                None           .          32
     109  r     33    BS     37299.94423     37299.94423          .                None           .          33
     110  r     34    BS     33319.53751     33319.53751          .                None           .          34
     111  r     35    BS     29302.93138     29302.93138          .                None           .          35
     112  r     36    BS     30443.74683     30443.74683          .                None           .          36
     113  r     37    BS     28629.98367     28629.98367          .                None           .          37
     114  r     38    BS      4409.51300      4409.51300          .                None           .          38
     115  r     39    BS     13006.40770     13006.40770          .                None           .          39
     116  r     40    BS     27303.88042     27303.88042          .                None           .          40
     117  r     41    BS     16512.62753     16512.62753          .                None           .          41
     118  r     42    BS      3888.59431      3888.59431          .                None           .          42
     119  r     43    BS      3358.71051      3358.71051          .                None           .          43
     120  r     44    BS      1867.47993      1867.47993          .                None           .          44
     121  r     45    BS      8745.15044      8745.15044          .                None           .          45
     122  r     46    BS     21015.95019     21015.95019          .                None           .          46
     123  r     47    BS     39622.70487     39622.70487          .                None           .          47
     124  r     48    BS     50840.34982     50840.34982          .                None           .          48
     125  r     49    BS     39960.27276     39960.27276          .                None           .          49
     126  r     50    BS     27800.01814     27800.01814          .                None           .          50
     127  r     51    BS     31672.14492     31672.14492          .                None           .          51
     128  r     52    BS     15081.47935     15081.47935          .                None           .          52
     129  r     53    BS     11912.31657     11912.31657          .                None           .          53
     130  r     54    BS      4013.40651      4013.40651          .                None           .          54
     131  r     55    BS      9479.08518      9479.08518          .                None           .          55
     132  r     56    BS     12352.12027     12352.12027          .                None           .          56
     133  r     57    BS     19714.29559     19714.29559          .                None           .          57
     134  r     58    BS     29584.14523     29584.14523          .                None           .          58
     135  r     59    BS     37690.24020     37690.24020          .                None           .          59
     136  r     60    BS     41520.18210     41520.18210          .                None           .          60
     137  r     61    BS     57246.22489     57246.22489          .                None           .          61
     138  r     62    BS     65734.96297     65734.96297          .                None           .          62
     139  r     63    BS     70613.03492     70613.03492          .                None           .          63
     140  r     64    BS     64460.35551     64460.35551          .                None           .          64
     141  r     65    BS     52960.25249     52960.25249          .                None           .          65
     142  r     66    BS     60406.00725     60406.00725          .                None           .          66
     143  r     67    BS     60005.36001     60005.36001          .                None           .          67
     144  r     68    BS     51647.67945     51647.67945          .                None           .          68
     145  r     69    BS     52738.14375     52738.14375          .                None           .          69
     146  r     70    BS     33952.28310     33952.28310          .                None           .          70
     147  r     71    BS     21633.16213     21633.16213          .                None           .          71
     148  r     72    BS     16542.77989     16542.77989          .                None           .          72
     149  r     73    BS     11590.12685     11590.12685          .                None           .          73
     150  r     74    BS      1916.13329      1916.13329          .                None           .          74
     151  r     75    BS     20019.40671     20019.40671          .                None           .          75
     152  r     76    BS     24017.64330     24017.64330          .                None           .          76
     153  r     77    BS     14981.87615     14981.87615          .                None           .          77
     154  r     78    BS     13132.13554     13132.13554          .                None           .          78
     155  r     79    BS      6759.81100      6759.81100          .                None           .          79
     156  r     80    BS       831.85805       831.85805          .                None           .          80
     157  r     81    BS      5207.30263      5207.30263          .                None           .          81
     158  r     82    BS     17816.24356     17816.24356          .                None           .          82
     159  r     83    BS     30020.46577     30020.46577          .                None           .          83
     160  r     84    BS     28271.54273     28271.54273          .                None           .          84
     161  r     85    BS     26508.38784     26508.38784          .                None           .          85
     162  r     86    BS     36154.49455     36154.49455          .                None           .          86
     163  r     87    BS     30928.66767     30928.66767          .                None           .          87
     164  r     88    BS     31017.35394     31017.35394          .                None           .          88
     165  r     89    BS     18742.64981     18742.64981          .                None           .          89
     166  r     90    BS     18729.69506     18729.69506          .                None           .          90
     167  r     91    BS     16654.30797     16654.30797          .                None           .          91
     168  r     92    BS     11119.35423     11119.35423          .                None           .          92
     169  r     93    BS     14598.55605     14598.55605          .                None           .          93
     170  r     94    BS     16565.16068     16565.16068          .                None           .          94
     171  r     95    BS     17499.38038     17499.38038          .                None           .          95
     172  r     96    BS     28492.38193     28492.38193          .                None           .          96
     173  r     97    BS     36985.83617     36985.83617          .                None           .          97
     174  r     98    BS     46946.27985     46946.27985          .                None           .          98
     175  r     99    BS     49679.58474     49679.58474          .                None           .          99
     176  r    100    BS     46661.90244     46661.90244          .                None           .         100
     177  r    101    BS     59817.04665     59817.04665          .                None           .         101
     178  r    102    BS     65328.77636     65328.77636          .                None           .         102
     179  r    103    BS     61698.33320     61698.33320          .                None           .         103
     180  r    104    BS     68320.18800     68320.18800          .                None           .         104
     181  r    105    BS     58675.75171     58675.75171          .                None           .         105
     182  r    106    BS     46609.60926     46609.60926          .                None           .         106
     183  r    107    BS     40162.36295     40162.36295          .                None           .         107
     184  r    108    BS     29790.76675     29790.76675          .                None           .         108
     185  r    109    BS     13423.73851     13423.73851          .                None           .         109
     186  r    110    BS     26984.88262     26984.88262          .                None           .         110
     187  r    111    BS     24344.34900     24344.34900          .                None           .         111
     188  r    112    BS     27497.26566     27497.26566          .                None           .         112
     189  r    113    BS     18000.50639     18000.50639          .                None           .         113
     190  r    114    BS      3457.28860      3457.28860          .                None           .         114
     191  r    115    BS       742.45712       742.45712          .                None           .         115
     192  r    116    BS      6655.79550      6655.79550          .                None           .         116
     193  r    117    BS     15732.28409     15732.28409          .                None           .         117
     194  r    118    BS     17913.02981     17913.02981          .                None           .         118
     195  r    119    BS     22417.75838     22417.75838          .                None           .         119
     196  r    120    BS     34584.73458     34584.73458          .                None           .         120
     197  r    121    BS     40532.92086     40532.92086          .                None           .         121
     198  r    122    BS     45148.12810     45148.12810          .                None           .         122
     199  r    123    BS     33320.11509     33320.11509          .                None           .         123
     200  r    124    BS     35098.79902     35098.79902          .                None           .         124
     201  r    125    BS     31031.19268     31031.19268          .                None           .         125
     202  r    126    BS     17323.52921     17323.52921          .                None           .         126
     203  r    127    BS     16771.01461     16771.01461          .                None           .         127
     204  r    128    BS     13130.96047     13130.96047          .                None           .         128
     205  r    129    BS      9672.24970      9672.24970          .                None           .         129
     206  r    130    BS     14887.94900     14887.94900          .                None           .         130
     207  r    131    BS     19943.35213     19943.35213          .                None           .         131
     208  r    132    BS     28822.96275     28822.96275          .                None           .         132
     209  r    133    BS     34729.81075     34729.81075          .                None           .         133
     210  r    134    BS     36585.17265     36585.17265          .                None           .         134
     211  r    135    BS     51704.19419     51704.19419          .                None           .         135
     212  r    136    BS     60623.13113     60623.13113          .                None           .         136
     213  r    137    BS     60932.26640     60932.26640          .                None           .         137
     214  r    138    BS     71252.99430     71252.99430          .                None           .         138
     215  r    139    BS     72253.65270     72253.65270          .                None           .         139
     216  r    140    BS     64337.92244     64337.92244          .                None           .         140
     217  r    141    BS     60428.28469     60428.28469          .                None           .         141
     218  r    142    BS     49567.35505     49567.35505          .                None           .         142
     219  r    143    BS     10362.36345     10362.36345          .                None           .         143
     220  r    144    BS     24317.25426     24317.25426          .                None           .         144
     221  r    145    BS     52439.61813     52439.61813          .                None           .         145
     222  r    146    BS     43921.53653     43921.53653          .                None           .         146
     223  r    147    BS     30178.79774     30178.79774          .                None           .         147
     224  r    148    BS     20443.61235     20443.61235          .                None           .         148
     225  r    149    BS     15491.92722     15491.92722          .                None           .         149
     226  r    150    BS      8488.35857      8488.35857          .                None           .         150
     227  r    151    BS       746.55945       746.55945          .                None           .         151
     228  r    152    BS      1529.93017      1529.93017          .                None           .         152
     229  r    153    BS      7574.54652      7574.54652          .                None           .         153
     230  r    154    BS     27717.84950     27717.84950          .                None           .         154
     231  r    155    BS     41993.28158     41993.28158          .                None           .         155
     232  r    156    BS     44763.56298     44763.56298          .                None           .         156
     233  r    157    BS     70026.33366     70026.33366          .                None           .         157
     234  r    158    BS     71916.41685     71916.41685          .                None           .         158
     235  r    159    BS     61144.76956     61144.76956          .                None           .         159
     236  r    160    BS     62122.86160     62122.86160          .                None           .         160
     237  r    161    BS     52629.95161     52629.95161          .                None           .         161
     238  r    162    BS     39023.48491     39023.48491          .                None           .         162
     239  r    163    BS     33579.84059     33579.84059          .                None           .         163
     240  r    164    BS     24096.31857     24096.31857          .                None           .         164
     241  r    165    BS     13645.97152     13645.97152          .                None           .         165
     242  r    166    BS      7147.94790      7147.94790          .                None           .         166
     243  r    167    BS      4950.86103      4950.86103          .                None           .         167
     244  r    168    BS     11781.94516     11781.94516          .                None           .         168
     245  r    169    BS     17921.13493     17921.13493          .                None           .         169
     246  r    170    BS     21142.37921     21142.37921          .                None           .         170
     247  r    171    BS     31022.31695     31022.31695          .                None           .         171
     248  r    172    BS     50442.21506     50442.21506          .                None           .         172
     249  r    173    BS     59326.45492     59326.45492          .                None           .         173
     250  r    174    BS     70079.32231     70079.32231          .                None           .         174
     251  r    175    BS     72892.33875     72892.33875          .                None           .         175
     252  r    176    BS      6032.85048      6032.85048          .                None           .         176
     253  r    177    BS     33324.37161     33324.37161          .                None           .         177
     254  r    178    BS     32052.95707     32052.95707          .                None           .         178
     255  r    179    BS     37521.54816     37521.54816          .                None           .         179
     256  r    180    BS     40479.85809     40479.85809          .                None           .         180
     257  r    181    BS     45795.77700     45795.77700          .                None           .         181
     258  r    182    BS     39121.36150     39121.36150          .                None           .         182
     259  r    183    BS     18737.02793     18737.02793          .                None           .         183
     260  r    184    BS      4269.31083      4269.31083          .                None           .         184
     261  r    185    BS      2302.39298      2302.39298          .                None           .         185
     262  r    186    BS      3712.32134      3712.32134          .                None           .         186
     263  r    187    BS     11986.14034     11986.14034          .                None           .         187
     264  r    188    BS     19703.15094     19703.15094          .                None           .         188
     265  r    189    BS     50571.31459     50571.31459          .                None           .         189
     266  r    190    BS     59247.17918     59247.17918          .                None           .         190
     267  r    191    BS     67583.58260     67583.58260          .                None           .         191
     268  r    192    BS     78021.33254     78021.33254          .                None           .         192
     269  r    193    BS     78443.46031     78443.46031          .                None           .         193
     270  r    194    BS     70347.84340     70347.84340          .                None           .         194
     271  r    195    BS     73242.19759     73242.19759          .                None           .         195
     272  r    196    BS     65393.70706     65393.70706          .                None           .         196
     273  r    197    BS     49466.04704     49466.04704          .                None           .         197
     274  r    198    BS     30975.40340     30975.40340          .                None           .         198
     275  r    199    BS     16450.59435     16450.59435          .                None           .         199
     276  r    200    BS     15612.09794     15612.09794          .                None           .         200
     277  r    201    BS     13153.60868     13153.60868          .                None           .         201
     278  r    202    BS      8920.63587      8920.63587          .                None           .         202
     279  r    203    BS     10512.97017     10512.97017          .                None           .         203
     280  r    204    BS     14073.71032     14073.71032          .                None           .         204
     281  r    205    BS     20679.11885     20679.11885          .                None           .         205
     282  r    206    BS     31821.07081     31821.07081          .                None           .         206
     283  r    207    BS     41257.54406     41257.54406          .                None           .         207
     284  r    208    BS     10665.82924     10665.82924          .                None           .         208
     285  r    209    BS     11708.04531     11708.04531          .                None           .         209
     286  r    210    BS     24434.72755     24434.72755          .                None           .         210
     287  r    211    BS     36920.59745     36920.59745          .                None           .         211
     288  r    212    BS     53194.07586     53194.07586          .                None           .         212
     289  r    213    BS     56731.70128     56731.70128          .                None           .         213
     290  r    214    BS     37460.31623     37460.31623          .                None           .         214
     291  r    215    BS     19164.95498     19164.95498          .                None           .         215
     292  r    216    BS     17799.55657     17799.55657          .                None           .         216
     293  r    217    BS      2745.10782      2745.10782          .                None           .         217
     294  r    218    BS      2539.66161      2539.66161          .                None           .         218
     295  r    219    BS      3104.44377      3104.44377          .                None           .         219
     296  r    220    BS     21516.75116     21516.75116          .                None           .         220
     297  r    221    BS     29199.20693     29199.20693          .                None           .         221
     298  r    222    BS     43413.41574     43413.41574          .                None           .         222
     299  r    223    BS     56712.71431     56712.71431          .                None           .         223
     300  r    224    BS     64808.33224     64808.33224          .                None           .         224
     301  r    225    BS     65299.33931     65299.33931          .                None           .         225
     302  r    226    BS     78242.92555     78242.92555          .                None           .         226
     303  r    227    BS     80167.95398     80167.95398          .                None           .         227
     304  r    228    BS     74144.04786     74144.04786          .                None           .         228
     305  r    229    BS     58584.80540     58584.80540          .                None           .         229
     306  r    230    BS     41620.68756     41620.68756          .                None           .         230
     307  r    231    BS     42879.23122     42879.23122          .                None           .         231
     308  r    232    BS     38690.33348     38690.33348          .                None           .         232
     309  r    233    BS     29621.12492     29621.12492          .                None           .         233
     310  r    234    BS     28142.22222     28142.22222          .                None           .         234
     311  r    235    BS     13751.82925     13751.82925          .                None           .         235
     312  r    236    BS      8906.43692      8906.43692          .                None           .         236
     313  r    237    BS     11014.98972     11014.98972          .                None           .         237
     314  r    238    BS     14555.88586     14555.88586          .                None           .         238
     315  r    239    BS       554.59991       554.59991          .                None           .         239
     316  r    240    BS     15298.81991     15298.81991          .                None           .         240
     317  r    241    BS     35917.77257     35917.77257          .                None           .         241
     318  r    242    BS     63441.63219     63441.63219          .                None           .         242
     319  r    243    BS     81510.38596     81510.38596          .                None           .         243
     320  r    244    BS     69374.59986     69374.59986          .                None           .         244
     321  r    245    BS     52257.23219     52257.23219          .                None           .         245
     322  r    246    BS     55264.54221     55264.54221          .                None           .         246
     323  r    247    BS     24753.31581     24753.31581          .                None           .         247
     324  r    248    BS     14990.83477     14990.83477          .                None           .         248
     325  r    249    BS      3111.27203      3111.27203          .                None           .         249
     326  r    250    BS      1169.19650      1169.19650          .                None           .         250
     327  r    251    BS      4452.54060      4452.54060          .                None           .         251
     328  r    252    BS     18745.96688     18745.96688          .                None           .         252
     329  r    253    BS     32015.03608     32015.03608          .                None           .         253
     330  r    254    BS     46796.03695     46796.03695          .                None           .         254
     331  r    255    BS     57213.26710     57213.26710          .                None           .         255
     332  r    256    BS     80946.90200     80946.90200          .                None           .         256
     333  r    257    BS     96201.02774     96201.02774          .                None           .         257
     334  r    258    BS    106807.90576    106807.90576          .                None           .         258
     335  r    259    BS    100712.87819    100712.87819          .                None           .         259
     336  r    260    BS     85641.71166     85641.71166          .                None           .         260
     337  r    261    BS     93272.36616     93272.36616          .                None           .         261
     338  r    262    BS     90361.74361     90361.74361          .                None           .         262
     339  r    263    BS     77606.83724     77606.83724          .                None           .         263
     340  r    264    BS     75343.58149     75343.58149          .                None           .         264
     341  r    265    BS     42101.22626     42101.22626          .                None           .         265
     342  r    266    BS     21798.31324     21798.31324          .                None           .         266
     343  r    267    BS     10754.99095     10754.99095          .                None           .         267
     344  r    268    BS      2923.17190      2923.17190          .                None           .         268
     345  r    269    BS      7784.86682      7784.86682          .                None           .         269
     346  r    270    BS     24264.62287     24264.62287          .                None           .         270
     347  r    271    BS     48465.61911     48465.61911          .                None           .         271
     348  r    272    BS     66504.52961     66504.52961          .                None           .         272
     349  r    273    BS     58573.76759     58573.76759          .                None           .         273
     350  r    274    BS     46488.84832     46488.84832          .                None           .         274
     351  r    275    BS     52160.06204     52160.06204          .                None           .         275
     352  r    276    BS     27738.87540     27738.87540          .                None           .         276
     353  r    277    BS     19902.54164     19902.54164          .                None           .         277
     354  r    278    BS      6325.42013      6325.42013          .                None           .         278
     355  r    279    BS      2425.91701      2425.91701          .                None           .         279
     356  r    280    BS      3449.16766      3449.16766          .                None           .         280
     357  r    281    BS     11445.86670     11445.86670          .                None           .         281
     358  r    282    BS     21597.29365     21597.29365          .                None           .         282
     359  r    283    BS     33146.91903     33146.91903          .                None           .         283
     360  r    284    BS     41801.73321     41801.73321          .                None           .         284
     361  r    285    BS     62845.92515     62845.92515          .                None           .         285
     362  r    286    BS     77633.34430     77633.34430          .                None           .         286
     363  r    287    BS     90135.29135     90135.29135          .                None           .         287
     364  r    288    BS     88043.70584     88043.70584          .                None           .         288
     365  r    289    BS     77045.44638     77045.44638          .                None           .         289
     366  r    290    BS     87238.13116     87238.13116          .                None           .         290
     367  r    291    BS     87167.83474     87167.83474          .                None           .         291
     368  r    292    BS     76849.55971     76849.55971          .                None           .         292
     369  r    293    BS     77313.28179     77313.28179          .                None           .         293
     370  r    294    BS     49195.38150     49195.38150          .                None           .         294
     371  r    295    BS     29559.82526     29559.82526          .                None           .         295
     372  r    296    BS     18317.11073     18317.11073          .                None           .         296
     373  r    297    BS      8240.95756      8240.95756          .                None           .         297
     374  r    298    BS      4319.62838      4319.62838          .                None           .         298
     375  r    299    BS     18934.05138     18934.05138          .                None           .         299
     376  r    300    BS     35854.70150     35854.70150          .                None           .         300
     377  r    301    BS     38526.81635     38526.81635          .                None           .         301
     378  r    302    BS     39657.67587     39657.67587          .                None           .         302
     379  r    303    BS     52056.43173     52056.43173          .                None           .         303
     380  r    304    BS     44835.94528     44835.94528          .                None           .         304
     381  r    305    BS     42773.74210     42773.74210          .                None           .         305
     382  r    306    BS     25600.34098     25600.34098          .                None           .         306
     383  r    307    BS     17983.55494     17983.55494          .                None           .         307
     384  r    308    BS     13348.36454     13348.36454          .                None           .         308
     385  r    309    BS      4698.05092      4698.05092          .                None           .         309
     386  r    310    BS      6612.15912      6612.15912          .                None           .         310
     387  r    311    BS      9143.52786      9143.52786          .                None           .         311
     388  r    312    BS     12430.52234     12430.52234          .                None           .         312
     389  r    313    BS     25595.10717     25595.10717          .                None           .         313
     390  r    314    BS     38195.67829     38195.67829          .                None           .         314
     391  r    315    BS     54516.44676     54516.44676          .                None           .         315
     392  r    316    BS     62328.42350     62328.42350          .                None           .         316
     393  r    317    BS     61958.87302     61958.87302          .                None           .         317
     394  r    318    BS     78466.84899     78466.84899          .                None           .         318
     395  r    319    BS     85811.69384     85811.69384          .                None           .         319
     396  r    320    BS     82196.71793     82196.71793          .                None           .         320
     397  r    321    BS     89923.55461     89923.55461          .                None           .         321
     398  r    322    BS     76697.30462     76697.30462          .                None           .         322
     399  r    323    BS     59931.12892     59931.12892          .                None           .         323
     400  r    324    BS     49102.18241     49102.18241          .                None           .         324
     401  r    325    BS     33908.04883     33908.04883          .                None           .         325
     402  r    326    BS      4369.65953      4369.65953          .                None           .         326
     403  r    327    BS     16178.78968     16178.78968          .                None           .         327
     404  r    328    BS     23563.70668     23563.70668          .                None           .         328
     405  r    329    BS     32898.39912     32898.39912          .                None           .         329
     406  r    330    BS     48334.18496     48334.18496          .                None           .         330
     407  r    331    BS     56920.84244     56920.84244          .                None           .         331
     408  r    332    BS     61483.85386     61483.85386          .                None           .         332
     409  r    333    BS     45738.45183     45738.45183          .                None           .         333
     410  r    334    BS     41859.50144     41859.50144          .                None           .         334
     411  r    335    BS     34887.67993     34887.67993          .                None           .         335
     412  r    336    BS     15431.63974     15431.63974          .                None           .         336
     413  r    337    BS     12019.79155     12019.79155          .                None           .         337
     414  r    338    BS      6691.82727      6691.82727          .                None           .         338
     415  r    339    BS      3505.29777      3505.29777          .                None           .         339
     416  r    340    BS      8308.73632      8308.73632          .                None           .         340
     417  r    341    BS     15468.61132     15468.61132          .                None           .         341
     418  r    342    BS     29241.54069     29241.54069          .                None           .         342
     419  r    343    BS     40610.33468     40610.33468          .                None           .         343
     420  r    344    BS     46553.18283     46553.18283          .                None           .         344
     421  r    345    BS     65227.52358     65227.52358          .                None           .         345
     422  r    346    BS     76989.01190     76989.01190          .                None           .         346
     423  r    347    BS     78828.36701     78828.36701          .                None           .         347
     424  r    348    BS     91496.13459     91496.13459          .                None           .         348
     425  r    349    BS     93606.59861     93606.59861          .                None           .         349
     426  r    350    BS     83365.79227     83365.79227          .                None           .         350
     427  r    351    BS     76775.65994     76775.65994          .                None           .         351
     428  r    352    BS     61700.41438     61700.41438          .                None           .         352
     429  r    353    BS      4031.39011      4031.39011          .                None           .         353
     430  r    354    BS     13653.25167     13653.25167          .                None           .         354
     431  r    355    BS     29261.02756     29261.02756          .                None           .         355
     432  r    356    BS     46186.09042     46186.09042          .                None           .         356
     433  r    357    BS     70610.69355     70610.69355          .                None           .         357
     434  r    358    BS     82463.28168     82463.28168          .                None           .         358
     435  r    359    BS     70486.43914     70486.43914          .                None           .         359
     436  r    360    BS     73886.23282     73886.23282          .                None           .         360
     437  r    361    BS     65987.56414     65987.56414          .                None           .         361
     438  r    362    BS     37923.81096     37923.81096          .                None           .         362
     439  r    363    BS     30284.02796     30284.02796          .                None           .         363
     440  r    364    BS     17292.96452     17292.96452          .                None           .         364
     441  r    365    BS      6859.33697      6859.33697          .                None           .         365
     442  r    366    BS      2732.16108      2732.16108          .                None           .         366
     443  r    367    BS      2746.01940      2746.01940          .                None           .         367
     444  r    368    BS     10974.21654     10974.21654          .                None           .         368
     445  r    369    BS     23168.16487     23168.16487          .                None           .         369
     446  r    370    BS     33729.05013     33729.05013          .                None           .         370
     447  r    371    BS     52777.37954     52777.37954          .                None           .         371
     448  r    372    BS     67779.77651     67779.77651          .                None           .         372
     449  r    373    BS     74735.42642     74735.42642          .                None           .         373
     450  r    374    BS     91497.38661     91497.38661          .                None           .         374
     451  r    375    BS    109790.21485    109790.21485          .                None           .         375
     452  r    376    BS    108008.15890    108008.15890          .                None           .         376
     453  r    377    BS    107571.00229    107571.00229          .                None           .         377
     454  r    378    BS     94996.76581     94996.76581          .                None           .         378
     455  r    379    BS      4276.50120      4276.50120          .                None           .         379
     456  r    380    BS     18984.61975     18984.61975          .                None           .         380
     457  r    381    BS     33023.20168     33023.20168          .                None           .         381
     458  r    382    BS     67212.40484     67212.40484          .                None           .         382
     459  r    383    BS     85154.54257     85154.54257          .                None           .         383
     460  r    384    BS     81225.94573     81225.94573          .                None           .         384
     461  r    385    BS     97766.54611     97766.54611          .                None           .         385
     462  r    386    BS     92759.91029     92759.91029          .                None           .         386
     463  r    387    BS     64823.33926     64823.33926          .                None           .         387
     464  r    388    BS     57291.17591     57291.17591          .                None           .         388
     465  r    389    BS     40093.61202     40093.61202          .                None           .         389
     466  r    390    BS     23328.45956     23328.45956          .                None           .         390
     467  r    391    BS     12340.64395     12340.64395          .                None           .         391
     468  r    392    BS      3798.68489      3798.68489          .                None           .         392
     469  r    393    BS      1281.66879      1281.66879          .                None           .         393
     470  r    394    BS      7278.01500      7278.01500          .                None           .         394
     471  r    395    BS     16506.75206     16506.75206          .                None           .         395
     472  r    396    BS     31386.10504     31386.10504          .                None           .         396
     473  r    397    BS     45486.38202     45486.38202          .                None           .         397
     474  r    398    BS     54742.57304     54742.57304          .                None           .         398
     475  r    399    BS     71931.64321     71931.64321          .                None           .         399
     476  r    400    BS    102199.08251    102199.08251          .                None           .         400
     477  r    401    BS    110335.49053    110335.49053          .                None           .         401
     478  r    402    BS    118359.05988    118359.05988          .                None           .         402
     479  r    403    BS    113159.60521    113159.60521          .                None           .         403
     480  r    404    BS      4714.61474      4714.61474          .                None           .         404
     481  r    405    BS     12573.49492     12573.49492          .                None           .         405
     482  r    406    BS     40971.96956     40971.96956          .                None           .         406
     483  r    407    BS     58611.69191     58611.69191          .                None           .         407
     484  r    408    BS     61784.37411     61784.37411          .                None           .         408
     485  r    409    BS     88480.20134     88480.20134          .                None           .         409
     486  r    410    BS     88942.26387     88942.26387          .                None           .         410
     487  r    411    BS     72201.47403     72201.47403          .                None           .         411
     488  r    412    BS     70235.32559     70235.32559          .                None           .         412
     489  r    413    BS     56606.86200     56606.86200          .                None           .         413
     490  r    414    BS     39731.40836     39731.40836          .                None           .         414
     491  r    415    BS     30002.46104     30002.46104          .                None           .         415
     492  r    416    BS     17926.48545     17926.48545          .                None           .         416
     493  r    417    BS      6584.98748      6584.98748          .                None           .         417
     494  r    418    BS      2346.71890      2346.71890          .                None           .         418
     495  r    419    BS      3696.90508      3696.90508          .                None           .         419
     496  r    420    BS     11923.23407     11923.23407          .                None           .         420
     497  r    421    BS     20542.93584     20542.93584          .                None           .         421
     498  r    422    BS     26663.87699     26663.87699          .                None           .         422
     499  r    423    BS     39249.96081     39249.96081          .                None           .         423
     500  r    424    BS     66559.53603     66559.53603          .                None           .         424
     501  r    425    BS     78569.50655     78569.50655          .                None           .         425
     502  r    426    BS     91256.13541     91256.13541          .                None           .         426
     503  r    427    BS     93781.39954     93781.39954          .                None           .         427
     504  r    428    BS      1303.51378      1303.51378          .                None           .         428
     505  r    429    BS     17862.85640     17862.85640          .                None           .         429
     506  r    430    BS     32067.40068     32067.40068          .                None           .         430
     507  r    431    BS     39650.04236     39650.04236          .                None           .         431
     508  r    432    BS     71828.75613     71828.75613          .                None           .         432
     509  r    433    BS     77355.94343     77355.94343          .                None           .         433
     510  r    434    BS     73909.61042     73909.61042          .                None           .         434
     511  r    435    BS     78530.42871     78530.42871          .                None           .         435
     512  r    436    BS     71284.24369     71284.24369          .                None           .         436
     513  r    437    BS     57473.68232     57473.68232          .                None           .         437
     514  r    438    BS     52710.42936     52710.42936          .                None           .         438
     515  r    439    BS     40737.15720     40737.15720          .                None           .         439
     516  r    440    BS     24291.17346     24291.17346          .                None           .         440
     517  r    441    BS     10969.98183     10969.98183          .                None           .         441
     518  r    442    BS      3592.12187      3592.12187          .                None           .         442
     519  r    443    BS      5984.87501      5984.87501          .                None           .         443
     520  r    444    BS      8520.66314      8520.66314          .                None           .         444
     521  r    445    BS      9739.22379      9739.22379          .                None           .         445
     522  r    446    BS     16617.45354     16617.45354          .                None           .         446
     523  r    447    BS     34352.29976     34352.29976          .                None           .         447
     524  r    448    BS     45976.76982     45976.76982          .                None           .         448
     525  r    449    BS     59955.86253     59955.86253          .                None           .         449
     526  r    450    BS     67974.96827     67974.96827          .                None           .         450
     527  r    451    BS     12153.29931     12153.29931          .                None           .         451
     528  r    452    BS     26104.58999     26104.58999          .                None           .         452
     529  r    453    BS     38103.87933     38103.87933          .                None           .         453
     530  r    454    BS     76582.11920     76582.11920          .                None           .         454
     531  r    455    BS     85544.06154     85544.06154          .                None           .         455
     532  r    456    BS     89188.21819     89188.21819          .                None           .         456
     533  r    457    BS     97333.64415     97333.64415          .                None           .         457
     534  r    458    BS     92390.86171     92390.86171          .                None           .         458
     535  r    459    BS     78574.57708     78574.57708          .                None           .         459
     536  r    460    BS     74678.23860     74678.23860          .                None           .         460
     537  r    461    BS     60553.08311     60553.08311          .                None           .         461
     538  r    462    BS     38626.24123     38626.24123          .                None           .         462
     539  r    463    BS     18884.89441     18884.89441          .                None           .         463
     540  r    464    BS      6529.99579      6529.99579          .                None           .         464
     541  r    465    BS      4750.73967      4750.73967          .                None           .         465
     542  r    466    BS      3824.08961      3824.08961          .                None           .         466
     543  r    467    BS      3033.37233      3033.37233          .                None           .         467
     544  r    468    BS      6991.59117      6991.59117          .                None           .         468
     545  r    469    BS     22731.51273     22731.51273          .                None           .         469
     546  r    470    BS     36709.14069     36709.14069          .                None           .         470
     547  r    471    BS     53556.25329     53556.25329          .                None           .         471
     548  r    472    BS     66393.73698     66393.73698          .                None           .         472
     549  r    473    BS      2107.30503      2107.30503          .                None           .         473
     550  r    474    BS     10066.96183     10066.96183          .                None           .         474
     551  r    475    BS     39882.87015     39882.87015          .                None           .         475
     552  r    476    BS     51581.15271     51581.15271          .                None           .         476
     553  r    477    BS     71074.41472     71074.41472          .                None           .         477
     554  r    478    BS     87020.75437     87020.75437          .                None           .         478
     555  r    479    BS     94642.34712     94642.34712          .                None           .         479
     556  r    480    BS     91866.40960     91866.40960          .                None           .         480
     557  r    481    BS    101912.02531    101912.02531          .                None           .         481
     558  r    482    BS     97845.86124     97845.86124          .                None           .         482
     559  r    483    BS     82254.79431     82254.79431          .                None           .         483
     560  r    484    BS     58781.19917     58781.19917          .                None           .         484
     561  r    485    BS     37471.07370     37471.07370          .                None           .         485
     562  r    486    BS     33513.67079     33513.67079          .                None           .         486
     563  r    487    BS     26314.02535     26314.02535          .                None           .         487
     564  r    488    BS     16952.93527     16952.93527          .                None           .         488
     565  r    489    BS     13547.09577     13547.09577          .                None           .         489
     566  r    490    BS      3860.57849      3860.57849          .                None           .         490
     567  r    491    BS      5856.56602      5856.56602          .                None           .         491
     568  r    492    BS     14433.87198     14433.87198          .                None           .         492
     569  r    493    BS     25317.98134     25317.98134          .                None           .         493
     570  r    494    BS      3450.12837      3450.12837          .                None           .         494
     571  r    495    BS     26296.19166     26296.19166          .                None           .         495
     572  r    496    BS     37921.60167     37921.60167          .                None           .         496
     573  r    497    BS     62361.43533     62361.43533          .                None           .         497
     574  r    498    BS     80727.93304     80727.93304          .                None           .         498
     575  r    499    BS     93661.97735     93661.97735          .                None           .         499
     576  r    500    BS     96405.16668     96405.16668          .                None           .         500
     577  r    501    BS    113053.91106    113053.91106          .                None           .         501
     578  r    502    BS    114916.38455    114916.38455          .                None           .         502
     579  r    503    BS    104789.34418    104789.34418          .                None           .         503
     580  r    504    BS     82142.75298     82142.75298          .                None           .         504
     581  r    505    BS     58444.67569     58444.67569          .                None           .         505
     582  r    506    BS     55148.19758     55148.19758          .                None           .         506
     583  r    507    BS     46265.80867     46265.80867          .                None           .         507
     584  r    508    BS     33464.69533     33464.69533          .                None           .         508
     585  r    509    BS     27603.48240     27603.48240          .                None           .         509
     586  r    510    BS      6048.15248      6048.15248          .                None           .         510
     587  r    511    BS      1070.38396      1070.38396          .                None           .         511
     588  r    512    BS      4312.81107      4312.81107          .                None           .         512
     589  r    513    BS     12200.50323     12200.50323          .                None           .         513
     590  r    514    BS      9441.43524      9441.43524          .                None           .         514
     591  r    515    BS     16936.89626     16936.89626          .                None           .         515
     592  r    516    BS     36721.49018     36721.49018          .                None           .         516
     593  r    517    BS     52744.50758     52744.50758          .                None           .         517
     594  r    518    BS     66980.01092     66980.01092          .                None           .         518
     595  r    519    BS     73920.88802     73920.88802          .                None           .         519
     596  r    520    BS     94555.24602     94555.24602          .                None           .         520
     597  r    521    BS    103472.33269    103472.33269          .                None           .         521
     598  r    522    BS    103996.23532    103996.23532          .                None           .         522
     599  r    523    BS     89593.78475     89593.78475          .                None           .         523
     600  r    524    BS     69986.64694     69986.64694          .                None           .         524
     601  r    525    BS     72141.24685     72141.24685          .                None           .         525
     602  r    526    BS     66088.53625     66088.53625          .                None           .         526
     603  r    527    BS     53058.85815     53058.85815          .                None           .         527
     604  r    528    BS     48797.15826     48797.15826          .                None           .         528
     605  r    529    BS     20595.91255     20595.91255          .                None           .         529
     606  r    530    BS      7531.15981      7531.15981          .                None           .         530
     607  r    531    BS      3320.29368      3320.29368          .                None           .         531
     608  r    532    BS      3216.69270      3216.69270          .                None           .         532
     609  r    533    BS       887.23578       887.23578          .                None           .         533
     610  r    534    BS     15218.85060     15218.85060          .                None           .         534
     611  r    535    BS     28479.05153     28479.05153          .                None           .         535
     612  r    536    BS     45937.12016     45937.12016          .                None           .         536
     613  r    537    BS     60326.03044     60326.03044          .                None           .         537
     614  r    538    BS     88377.77877     88377.77877          .                None           .         538
     615  r    539    BS    108963.17936    108963.17936          .                None           .         539
     616  r    540    BS    126219.35685    126219.35685          .                None           .         540
     617  r    541    BS    123905.27743    123905.27743          .                None           .         541
     618  r    542    BS    109586.96258    109586.96258          .                None           .         542
     619  r    543    BS    119763.40940    119763.40940          .                None           .         543
     620  r    544    BS    117361.08077    117361.08077          .                None           .         544
     621  r    545    BS    103129.61145    103129.61145          .                None           .         545
     622  r    546    BS    100549.84642    100549.84642          .                None           .         546
     623  r    547    BS     59762.60805     59762.60805          .                None           .         547
     624  r    548    BS     33276.97862     33276.97862          .                None           .         548
     625  r    549    BS     16973.94740     16973.94740          .                None           .         549
     626  r    550    BS      4596.08353      4596.08353          .                None           .         550
     627  r    551    BS      7667.09769      7667.09769          .                None           .         551
     628  r    552    BS     17930.01769     17930.01769          .                None           .         552
     629  r    553    BS     33631.48067     33631.48067          .                None           .         553
     630  r    554    BS     48324.55915     48324.55915          .                None           .         554
     631  r    555    BS     75964.66816     75964.66816          .                None           .         555
     632  r    556    BS     98781.35474     98781.35474          .                None           .         556
     633  r    557    BS    121198.42944    121198.42944          .                None           .         557
     634  r    558    BS    124627.67882    124627.67882          .                None           .         558
     635  r    559    BS    114597.56402    114597.56402          .                None           .         559
     636  r    560    BS    128512.89134    128512.89134          .                None           .         560
     637  r    561    BS    129092.62358    129092.62358          .                None           .         561
     638  r    562    BS    116458.16487    116458.16487          .                None           .         562
     639  r    563    BS    116337.13394    116337.13394          .                None           .         563
     640  r    564    BS     76677.39980     76677.39980          .                None           .         564
     641  r    565    BS     47725.19737     47725.19737          .                None           .         565
     642  r    566    BS     28587.41581     28587.41581          .                None           .         566
     643  r    567    BS     11770.39313     11770.39313          .                None           .         567
     644  r    568    BS      1397.73201      1397.73201          .                None           .         568
     645  r    569    BS      8668.17555      8668.17555          .                None           .         569
     646  r    570    BS     18851.90779     18851.90779          .                None           .         570
     647  r    571    BS     39549.01592     39549.01592          .                None           .         571
     648  r    572    BS     61323.21725     61323.21725          .                None           .         572
     649  r    573    BS     88975.97501     88975.97501          .                None           .         573
     650  r    574    BS    103102.14446    103102.14446          .                None           .         574
     651  r    575    BS    103844.93547    103844.93547          .                None           .         575
     652  r    576    BS    124610.30022    124610.30022          .                None           .         576
     653  r    577    BS    132702.14897    132702.14897          .                None           .         577
     654  r    578    BS    126444.34151    126444.34151          .                None           .         578
     655  r    579    BS    133507.13592    133507.13592          .                None           .         579
     656  r    580    BS    107100.76567    107100.76567          .                None           .         580
     657  r    581    BS     79690.28801     79690.28801          .                None           .         581
     658  r    582    BS     59840.04793     59840.04793          .                None           .         582
     659  r    583    BS     36940.34306     36940.34306          .                None           .         583
     660  r    584    BS      2476.90441      2476.90441          .                None           .         584
     661  r    585    BS     10458.12454     10458.12454          .                None           .         585
     662  r    586    BS     27750.24075     27750.24075          .                None           .         586
     663  r    587    BS     49049.15570     49049.15570          .                None           .         587
     664  r    588    BS     79345.68712     79345.68712          .                None           .         588
     665  r    589    BS     98797.99150     98797.99150          .                None           .         589
     666  r    590    BS    104881.28624    104881.28624          .                None           .         590
     667  r    591    BS    129058.33011    129058.33011          .                None           .         591
     668  r    592    BS    140874.06790    140874.06790          .                None           .         592
     669  r    593    BS    137762.62348    137762.62348          .                None           .         593
     670  r    594    BS    148380.40240    148380.40240          .                None           .         594
     671  r    595    BS    128479.11774    128479.11774          .                None           .         595
     672  r    596    BS    101784.60883    101784.60883          .                None           .         596
     673  r    597    BS     81541.16027     81541.16027          .                None           .         597
     674  r    598    BS     55594.40485     55594.40485          .                None           .         598
     675  r    599    BS      2142.46711      2142.46711          .                None           .         599
     676  r    600    BS     12749.31466     12749.31466          .                None           .         600
     677  r    601    BS     29603.03566     29603.03566          .                None           .         601
     678  r    602    BS     57661.43467     57661.43467          .                None           .         602
     679  r    603    BS     79745.95145     79745.95145          .                None           .         603
     680  r    604    BS     90725.19917     90725.19917          .                None           .         604
     681  r    605    BS    116496.30167    116496.30167          .                None           .         605
     682  r    606    BS    131738.32333    131738.32333          .                None           .         606
     683  r    607    BS    132937.45831    132937.45831          .                None           .         607
     684  r    608    BS    147421.59912    147421.59912          .                None           .         608
     685  r    609    BS    139768.83430    139768.83430          .                None           .         609
     686  r    610    BS    118397.75982    118397.75982          .                None           .         610
     687  r    611    BS    101659.21670    101659.21670          .                None           .         611
     688  r    612    BS     75976.50780     75976.50780          .                None           .         612
     689  r    613    BS      3370.73392      3370.73392          .                None           .         613
     690  r    614    BS     14104.45723     14104.45723          .                None           .         614
     691  r    615    BS     36287.52343     36287.52343          .                None           .         615
     692  r    616    BS     57107.24985     57107.24985          .                None           .         616
     693  r    617    BS     70158.98606     70158.98606          .                None           .         617
     694  r    618    BS     94983.70175     94983.70175          .                None           .         618
     695  r    619    BS    111689.17426    111689.17426          .                None           .         619
     696  r    620    BS    116220.52764    116220.52764          .                None           .         620
     697  r    621    BS    132983.28611    132983.28611          .                None           .         621
     698  r    622    BS    137159.04801    137159.04801          .                None           .         622
     699  r    623    BS    122974.86218    122974.86218          .                None           .         623
     700  r    624    BS    111805.97417    111805.97417          .                None           .         624
     701  r    625    BS     89467.00386     89467.00386          .                None           .         625
     702  r    626    BS      3319.69854      3319.69854          .                None           .         626
     703  r    627    BS     19766.63478     19766.63478          .                None           .         627
     704  r    628    BS     40529.97567     40529.97567          .                None           .         628
     705  r    629    BS     57159.10782     57159.10782          .                None           .         629
     706  r    630    BS     81799.52847     81799.52847          .                None           .         630
     707  r    631    BS    101019.41960    101019.41960          .                None           .         631
     708  r    632    BS    109954.92903    109954.92903          .                None           .         632
     709  r    633    BS    130076.98529    130076.98529          .                None           .         633
     710  r    634    BS    148731.05514    148731.05514          .                None           .         634
     711  r    635    BS    142541.98075    142541.98075          .                None           .         635
     712  r    636    BS    137334.23843    137334.23843          .                None           .         636
     713  r    637    BS    117877.68047    117877.68047          .                None           .         637
     714  r    638    BS      6320.89855      6320.89855          .                None           .         638
     715  r    639    BS     22148.02649     22148.02649          .                None           .         639
     716  r    640    BS     38307.37494     38307.37494          .                None           .         640
     717  r    641    BS     59603.21689     59603.21689          .                None           .         641
     718  r    642    BS     78520.10060     78520.10060          .                None           .         642
     719  r    643    BS     90009.89266     90009.89266          .                None           .         643
     720  r    644    BS    111024.80450    111024.80450          .                None           .         644
     721  r    645    BS    141583.10821    141583.10821          .                None           .         645
     722  r    646    BS    144595.82994    144595.82994          .                None           .         646
     723  r    647    BS    147096.00413    147096.00413          .                None           .         647
     724  r    648    BS    133976.96395    133976.96395          .                None           .         648
     725  r    649    BS      4807.11787      4807.11787          .                None           .         649
     726  r    650    BS     16138.86116     16138.86116          .                None           .         650
     727  r    651    BS     30557.56774     30557.56774          .                None           .         651
     728  r    652    BS     46138.81275     46138.81275          .                None           .         652
     729  r    653    BS     58311.63968     58311.63968          .                None           .         653
     730  r    654    BS     77615.01447     77615.01447          .                None           .         654
     731  r    655    BS    117837.44567    117837.44567          .                None           .         655
     732  r    656    BS    131745.97953    131745.97953          .                None           .         656
     733  r    657    BS    144161.82544    144161.82544          .                None           .         657
     734  r    658    BS    141359.18686    141359.18686          .                None           .         658
     735  r    659    BS      2937.57204      2937.57204          .                None           .         659
     736  r    660    BS     10249.98422     10249.98422          .                None           .         660
     737  r    661    BS     20441.03464     20441.03464          .                None           .         661
     738  r    662    BS     30046.18460     30046.18460          .                None           .         662
     739  r    663    BS     45039.47576     45039.47576          .                None           .         663
     740  r    664    BS     84635.17106     84635.17106          .                None           .         664
     741  r    665    BS    104053.19980    104053.19980          .                None           .         665
     742  r    666    BS    122464.22852    122464.22852          .                None           .         666
     743  r    667    BS    128376.74755    128376.74755          .                None           .         667
     744  r    668    BS      1680.38329      1680.38329          .                None           .         668
     745  r    669    BS      6886.91144      6886.91144          .                None           .         669
     746  r    670    BS     12671.22220     12671.22220          .                None           .         670
     747  r    671    BS     23070.39644     23070.39644          .                None           .         671
     748  r    672    BS     55687.20828     55687.20828          .                None           .         672
     749  r    673    BS     75434.10135     75434.10135          .                None           .         673
     750  r    674    BS     95438.45242     95438.45242          .                None           .         674
     751  r    675    BS    106276.01919    106276.01919          .                None           .         675
     752  r    676    BS      1097.60234      1097.60234          .                None           .         676
     753  r    677    BS      5287.99274      5287.99274          .                None           .         677
     754  r    678    BS     12937.43158     12937.43158          .                None           .         678
     755  r    679    BS     45411.73079     45411.73079          .                None           .         679
     756  r    680    BS     68899.60610     68899.60610          .                None           .         680
     757  r    681    BS     92924.34731     92924.34731          .                None           .         681
     758  r    682    BS    109499.95052    109499.95052          .                None           .         682
     759  r    683    BS       880.23756       880.23756          .                None           .         683
     760  r    684    BS      5324.74271      5324.74271          .                None           .         684
     761  r    685    BS     32897.89562     32897.89562          .                None           .         685
     762  r    686    BS     56586.59099     56586.59099          .                None           .         686
     763  r    687    BS     81698.11230     81698.11230          .                None           .         687
     764  r    688    BS    101686.99499    101686.99499          .                None           .         688
     765  r    689    BS       926.64663       926.64663          .                None           .         689
     766  r    690    BS     20374.89807     20374.89807          .                None           .         690
     767  r    691    BS     40973.95828     40973.95828          .                None           .         691
     768  r    692    BS     64232.13083     64232.13083          .                None           .         692
     769  r    693    BS     84712.52351     84712.52351          .                None           .         693
     770  r    694    BS     12454.56383     12454.56383          .                None           .         694
     771  r    695    BS     31874.34379     31874.34379          .                None           .         695
     772  r    696    BS     55004.16843     55004.16843          .                None           .         696
     773  r    697    BS     77736.68244     77736.68244          .                None           .         697
     774  r    698    BS      4711.40196      4711.40196          .                None           .         698
     775  r    699    BS     17477.40970     17477.40970          .                None           .         699
     776  r    700    BS     35587.70687     35587.70687          .                None           .         700
     777  r    701    BS      3203.38860      3203.38860          .                None           .         701
     778  r    702    BS     14086.82380     14086.82380          .                None           .         702
     779  r    703    BS      3349.41025      3349.41025          .                None           .         703
     780  r    704    BS     37183.30502     37183.30502          .                None           .         704
     781  r    705    BS     30773.25806     30773.25806          .                None           .         705
     782  r    706    BS     32366.99217     32366.99217          .                None           .         706
     783  r    707    BS     31435.00722     31435.00722          .                None           .         707
     784  r    708    BS     30225.50836     30225.50836          .                None           .         708
     785  r    709    BS     29526.61596     29526.61596          .                None           .         709
     786  r    710    BS     29305.92062     29305.92062          .                None           .         710
     787  r    711    BS     16408.81423     16408.81423          .                None           .         711
     788  r    712    BS     21614.02486     21614.02486          .                None           .         712
     789  r    713    BS     25512.28222     25512.28222          .                None           .         713
     790  r    714    BS     24274.64369     24274.64369          .                None           .         714
     791  r    715    BS     17280.83567     17280.83567          .                None           .         715
     792  r    716    BS     14590.08901     14590.08901          .                None           .         716
     793  r    717    BS     23249.10974     23249.10974          .                None           .         717
     794  r    718    BS     28454.38027     28454.38027          .                None           .         718
     795  r    719    BS     23088.97628     23088.97628          .                None           .         719
     796  r    720    BS     21409.10222     21409.10222          .                None           .         720
     797  r    721    BS     16074.82797     16074.82797          .                None           .         721
     798  r    722    BS     19288.19024     19288.19024          .                None           .         722
     799  r    723    BS      4914.65826      4914.65826          .                None           .         723
     800  r    724    BS      2906.24032      2906.24032          .                None           .         724
     801  r    725    BS      5152.86711      5152.86711          .                None           .         725
     802  r    726    LL        -0.00000        -0.00000          .                None          0.16164    726
     803  r    727    BS       703.39986       703.39986          .                None           .         727
     804  r    728    BS      5343.73242      5343.73242          .                None           .         728
     805  r    729    LL        -0.00000        -0.00000          .                None          0.35287    729
     806  r    730    LL        -0.00000        -0.00000          .                None          1.49552    730
     807  r    731    BS      1951.08022      1951.08022          .                None           .         731
     808  r    732    BS      7548.01128      7548.01128          .                None           .         732
     809  r    733    BS     13967.65253     13967.65253          .                None           .         733
     810  r    734    BS      6350.34900      6350.34900          .                None           .         734
     811  r    735    BS      3183.62506      3183.62506          .                None           .         735
     812  r    736    BS      5689.62001      5689.62001          .                None           .         736
     813  r    737    LL        -0.00000        -0.00000          .                None          0.45652    737
     814  r    738    LL        -0.00000        -0.00000          .                None          0.43058    738
     815  r    739    BS      2283.33905      2283.33905          .                None           .         739
     816  r    740    LL        -0.00000        -0.00000          .                None          1.31643    740
     817  r    741    BS      1722.96141      1722.96141          .                None           .         741
1
 
 Section 2 - Columns

  Number  .Column. State  ...Activity...  .Obj Gradient.  ..Lower Limit.  ..Upper Limit.  Reduced Gradnt    m+j
 
       1  x      1   SBS     21708.27587        -0.00003          .          58104.00000        -0.00003    742
       2  x      2 A  FR     28192.03633         0.00001          .          58104.00000         0.00001    743
       3  x      3 A  FR     24529.33911         0.00001          .          58104.00000         0.00001    744
       4  x      4   SBS     19994.66898        -0.00002          .          58104.00000        -0.00002    745
       5  x      5 A  FR     11476.04480         0.00000          .          58104.00000         0.00000    746
       6  x      6   SBS     17958.93870        -0.00004          .          58104.00000        -0.00004    747
       7  x      7   SBS     25917.03969        -0.00004          .          58104.00000        -0.00004    748
       8  x      8   SBS     34514.37745        -0.00002          .          58104.00000        -0.00002    749
       9  x      9   SBS     32424.42851        -0.00004          .          58104.00000        -0.00004    750
      10  x     10   SBS     26286.03925        -0.00004          .          58104.00000        -0.00004    751
      11  x     11   SBS     19714.65717        -0.00002          .          58104.00000        -0.00002    752
      12  x     12   SBS     12670.95305        -0.00004          .          58104.00000        -0.00004    753
      13  x     13   SBS      7203.00741        -0.00002          .          58104.00000        -0.00002    754
      14  x     14   SBS      8111.67765        -0.00002          .          58104.00000        -0.00002    755
      15  x     15   SBS     11956.41148        -0.00002          .          58104.00000        -0.00002    756
      16  x     16 A  FR     12587.38944         0.00001          .          58104.00000         0.00001    757
      17  x     17 A  FR     23563.26672         0.00000          .          58104.00000         0.00000    758
      18  x     18 A  FR     28783.21075         0.00000          .          58104.00000         0.00000    759
      19  x     19   SBS     31998.40482         0.00003          .          58104.00000         0.00003    760
      20  x     20   SBS     37954.92628        -0.00011          .          58104.00000        -0.00011    761
      21  x     21 A  FR     37677.74710         0.00001          .          58104.00000         0.00001    762
      22  x     22   SBS     32285.39627        -0.00003          .          58104.00000        -0.00003    763
      23  x     23    BS     29641.54241        -0.31169          .          58104.00000         0.00000    764
      24  x     24   SBS     24385.54219        -0.00002          .          58104.00000        -0.00002    765
      25  x     25 A  FR     19166.76503        -0.00000          .          58104.00000        -0.00000    766
      26  x     26    BS     12834.93497         0.50567          .          58104.00000        -0.00000    767
      27  x     27    BS      7445.14169         3.75520          .          58104.00000        -0.00001    768
      28  x     28 A  FR      2830.15890        -0.00000          .          58104.00000        -0.00000    769
      29  x     29 A  FR      2694.98318         0.00000          .          58104.00000         0.00000    770
      30  x     30   SBS      5454.73029         0.00002          .          58104.00000         0.00002    771
      31  x     31 A  FR      5250.08485        -0.00000          .          58104.00000        -0.00000    772
      32  x     32   SBS      7190.31266         0.00007          .          58104.00000         0.00007    773
      33  x     33 A  FR     10645.94941        -0.00000          .          58104.00000        -0.00000    774
      34  x     34    BS     13262.18537         0.61519          .          58104.00000        -0.00000    775
      35  x     35    BS     24687.35307        -0.40365          .          58104.00000         0.00001    776
      36  x     36   SBS     31045.21805        -0.00005          .          58104.00000        -0.00005    777
      37  x     37    BS     35801.34328        -4.16030          .          58104.00000        -0.00002    778
      38  x     38   SBS     38149.49861        -0.00002          .          58104.00000        -0.00002    779
      39  x     39 A  FR     19393.23202        -0.00001          .          58104.00000        -0.00001    780
      40  x     40   SBS     19473.32721        -0.00003          .          58104.00000        -0.00003    781
      41  x     41 A  FR     25561.88722        -0.00000          .          58104.00000        -0.00000    782
      42  x     42   SBS     27795.46813        -0.00008          .          58104.00000        -0.00008    783
      43  x     43   SBS     19545.54624        -0.00002          .          58104.00000        -0.00002    784
      44  x     44 N SBS     11300.15327        -0.00022          .          58104.00000        -0.00022    785
      45  x     45 A  FR     13140.78290        -0.00000          .          58104.00000        -0.00000    786
      46  x     46   SBS     19396.56901        -0.00003          .          58104.00000        -0.00003    787
      47  x     47   SBS     22147.73177        -0.00002          .          58104.00000        -0.00002    788
      48  x     48 A  FR     28971.19347         0.00001          .          58104.00000         0.00001    789
      49  x     49 A  FR     31501.80710        -0.00001          .          58104.00000        -0.00001    790
      50  x     50 A  FR     32190.00156        -0.00001          .          58104.00000        -0.00001    791
      51  x     51   SBS     28090.45824        -0.00002          .          58104.00000        -0.00002    792
      52  x     52   SBS     21138.47188        -0.00002          .          58104.00000        -0.00002    793
      53  x     53 A  FR     14913.12424        -0.00001          .          58104.00000        -0.00001    794
      54  x     54   SBS     10551.03890        -0.00004          .          58104.00000        -0.00004    795
      55  x     55   SBS      7820.85668         0.00004          .          58104.00000         0.00004    796
      56  x     56   SBS      8285.63475        -0.00003          .          58104.00000        -0.00003    797
      57  x     57   SBS     13813.25583        -0.00005          .          58104.00000        -0.00005    798
      58  x     58 A  FR     21895.64338         0.00000          .          58104.00000         0.00000    799
      59  x     59 A  FR     25792.60547        -0.00000          .          58104.00000        -0.00000    800
      60  x     60   SBS     33140.00728        -0.00002          .          58104.00000        -0.00002    801
      61  x     61 A  FR     36797.62138        -0.54303          .          58104.00000        -0.00001    802
      62  x     62 A  FR     38677.59206        -0.00001          .          58104.00000        -0.00001    803
      63  x     63   SBS     37916.13293        -0.00002          .          58104.00000        -0.00002    804
      64  x     64 A  FR     37993.92306        -1.26993          .          58104.00000        -0.00001    805
      65  x     65   SBS     34747.71022        -4.41112          .          58104.00000        -0.00001    806
      66  x     66   SBS     27797.76753        -0.00013          .          58104.00000        -0.00013    807
      67  x     67 A  FR     20419.17076        -0.00000          .          58104.00000        -0.00000    808
      68  x     68   SBS     15113.48510        -0.00002          .          58104.00000        -0.00002    809
      69  x     69 A  FR     10301.75599         0.00000          .          58104.00000         0.00000    810
      70  x     70 N SBS      6613.62321        -0.00016          .          58104.00000        -0.00016    811
      71  x     71   SBS      4810.36664        -0.00004          .          58104.00000        -0.00004    812
      72  x     72 A  FR      1841.77106         1.65794          .          58104.00000         0.00001    813
      73  x     73   SBS      1207.76370         1.61833          .          58104.00000         0.00000    814
      74  x     74 A  FR      4824.71774        -0.00001          .          58104.00000        -0.00001    815
      75  x     75   SBS      8800.13506         2.94875          .          58104.00000        -0.00003    816
      76  x     76   SBS     14662.81815         0.00003          .          58104.00000         0.00003    817
 
 Time for MPS input                             0.00 seconds
 Time for solving problem                       0.01 seconds
 Time for solution output                       0.01 seconds
 Time for constraint functions                  4.53 seconds
 Time for objective function                    0.00 seconds
